{"contracts/src/core/interfaces/IPoolFactory.sol":{"l":{},"path":"/Users/hihi/Desktop/6107/project/improved-amm/contracts/src/core/interfaces/IPoolFactory.sol","s":{},"b":{},"f":{},"fnMap":{},"statementMap":{},"branchMap":{}},"contracts/src/core/interfaces/IPoolMintCallback.sol":{"l":{},"path":"/Users/hihi/Desktop/6107/project/improved-amm/contracts/src/core/interfaces/IPoolMintCallback.sol","s":{},"b":{},"f":{},"fnMap":{},"statementMap":{},"branchMap":{}},"contracts/src/core/interfaces/IPoolSwapCallback.sol":{"l":{},"path":"/Users/hihi/Desktop/6107/project/improved-amm/contracts/src/core/interfaces/IPoolSwapCallback.sol","s":{},"b":{},"f":{},"fnMap":{},"statementMap":{},"branchMap":{}},"contracts/src/core/Pool.sol":{"l":{"100":166,"101":164,"102":164,"103":156,"113":33,"114":33,"115":33,"116":33,"117":33,"118":33,"125":32,"126":30,"127":30,"128":30,"136":30,"156":46,"157":46,"158":46,"160":44,"169":44,"170":44,"172":44,"173":44,"174":44,"175":44,"176":44,"178":44,"195":16,"196":16,"204":16,"205":16,"206":16,"207":6,"208":6,"210":16,"230":9,"231":9,"232":9,"233":9,"234":9,"235":9,"256":87,"257":87,"259":87,"260":87,"261":65,"262":1,"264":22,"265":1,"268":85,"277":85,"278":168,"279":168,"281":168,"285":168,"288":168,"290":168,"300":168,"301":159,"302":159,"303":159,"306":9,"307":9,"308":9,"313":168,"314":168,"315":5,"316":5,"317":5,"319":0,"321":5,"323":168,"324":110,"325":110,"329":168,"330":83,"332":1,"335":1,"336":1,"337":1,"339":83,"340":83,"343":85,"348":85,"349":77,"357":77,"358":77,"359":77,"360":77,"362":8,"365":85,"367":85,"368":64,"370":21,"373":85,"377":85,"378":64,"379":64,"380":64,"381":60,"383":21,"384":21,"385":21,"386":21,"389":81,"399":3,"403":2,"404":2,"405":2,"417":2,"421":1,"422":1,"423":1,"424":1,"425":1,"432":6,"433":6,"434":6,"435":6,"436":5,"448":1,"460":29,"461":29,"462":29,"463":29,"467":8,"468":8,"469":8,"470":1,"482":16,"516":60,"517":60,"519":60,"521":60,"522":51,"523":1,"529":48,"530":48,"534":48,"535":48,"537":48,"542":48,"547":48,"549":2,"565":60,"567":60,"568":60,"570":60,"571":60,"572":60,"573":51,"574":51,"575":51,"576":51,"579":60,"582":60,"584":60,"585":7,"586":7,"591":122,"592":120,"593":120},"path":"/Users/hihi/Desktop/6107/project/improved-amm/contracts/src/core/Pool.sol","s":{"1":166,"2":32,"3":30,"4":30,"5":30,"6":46,"7":46,"8":46,"9":44,"10":44,"11":44,"12":44,"13":44,"14":44,"15":44,"16":16,"17":16,"18":16,"19":16,"20":9,"21":9,"22":7,"23":9,"24":4,"25":9,"26":87,"27":87,"28":87,"29":87,"30":65,"31":22,"32":85,"33":85,"34":168,"35":168,"36":168,"37":168,"38":168,"39":168,"40":5,"41":5,"42":168,"43":168,"44":83,"45":1,"46":1,"47":1,"48":85,"49":85,"50":77,"51":85,"52":85,"53":85,"54":64,"55":64,"56":64,"57":64,"58":60,"59":21,"60":20,"61":21,"62":21,"63":21,"64":81,"65":3,"66":2,"67":2,"68":2,"69":1,"70":1,"71":1,"72":0,"73":1,"74":6,"75":6,"76":6,"77":5,"78":1,"79":29,"80":29,"81":8,"82":8,"83":16,"84":60,"85":60,"86":60,"87":51,"88":50,"89":48,"90":48,"91":60,"92":60,"93":60,"94":60,"95":60,"96":51,"97":38,"98":51,"99":38,"100":60,"101":60,"102":60,"103":7,"104":1,"105":7,"106":1,"107":122,"108":120,"109":120,"110":210,"111":129,"112":185},"b":{"1":[2,164],"2":[2,30],"3":[46,1],"4":[0,46],"5":[0,46],"6":[0,44],"7":[0,44],"8":[16,0],"9":[6,10],"10":[6,0],"11":[9,0],"12":[1,8],"13":[0,9],"14":[7,2],"15":[4,5],"16":[87,1],"17":[0,87],"18":[87,0],"19":[65,22],"20":[1,64],"21":[1,21],"22":[0,168],"23":[1,167],"24":[159,9],"25":[5,163],"26":[5,0],"27":[110,58],"28":[83,85],"29":[1,82],"30":[1,0],"31":[1,0],"32":[22,61],"33":[85,0],"34":[77,8],"35":[1,84],"36":[64,21],"37":[58,27],"38":[64,21],"39":[64,0],"40":[60,0],"41":[20,1],"42":[21,0],"43":[2,1],"44":[0,2],"45":[2,0],"46":[1,1],"47":[1,1],"48":[1,0],"49":[1,0],"50":[0,1],"51":[6,0],"52":[5,1],"53":[1,7],"54":[51,9],"55":[1,50],"56":[48,2],"57":[51,9],"58":[38,13],"59":[38,13],"60":[7,53],"61":[1,6],"62":[1,6],"63":[2,120],"64":[0,120],"65":[0,120]},"f":{"1":166,"2":33,"3":32,"4":46,"5":16,"6":9,"7":87,"8":3,"9":2,"10":6,"11":1,"12":29,"13":16,"14":60,"15":60,"16":122,"17":210,"18":129,"19":185},"fnMap":{"1":{"name":"lock","line":99,"loc":{"start":{"line":99,"column":4},"end":{"line":104,"column":4}}},"2":{"name":"constructor","line":106,"loc":{"start":{"line":106,"column":4},"end":{"line":119,"column":4}}},"3":{"name":"initialize","line":124,"loc":{"start":{"line":124,"column":4},"end":{"line":137,"column":4}}},"4":{"name":"mint","line":155,"loc":{"start":{"line":149,"column":4},"end":{"line":179,"column":4}}},"5":{"name":"burn","line":194,"loc":{"start":{"line":190,"column":4},"end":{"line":211,"column":4}}},"6":{"name":"collect","line":229,"loc":{"start":{"line":223,"column":4},"end":{"line":236,"column":4}}},"7":{"name":"swap","line":255,"loc":{"start":{"line":249,"column":4},"end":{"line":390,"column":4}}},"8":{"name":"setProtocolFee","line":398,"loc":{"start":{"line":398,"column":4},"end":{"line":406,"column":4}}},"9":{"name":"collectProtocol","line":413,"loc":{"start":{"line":413,"column":4},"end":{"line":426,"column":4}}},"10":{"name":"increaseObservationCardinalityNext","line":431,"loc":{"start":{"line":431,"column":4},"end":{"line":437,"column":4}}},"11":{"name":"observe","line":444,"loc":{"start":{"line":444,"column":4},"end":{"line":456,"column":4}}},"12":{"name":"getTWAP","line":459,"loc":{"start":{"line":459,"column":4},"end":{"line":471,"column":4}}},"13":{"name":"getPosition","line":479,"loc":{"start":{"line":479,"column":4},"end":{"line":483,"column":4}}},"14":{"name":"_modifyPosition","line":512,"loc":{"start":{"line":512,"column":4},"end":{"line":556,"column":4}}},"15":{"name":"_updatePosition","line":558,"loc":{"start":{"line":558,"column":4},"end":{"line":588,"column":4}}},"16":{"name":"_checkTicks","line":590,"loc":{"start":{"line":590,"column":4},"end":{"line":594,"column":4}}},"17":{"name":"_balance0","line":596,"loc":{"start":{"line":596,"column":4},"end":{"line":596,"column":106}}},"18":{"name":"_balance1","line":597,"loc":{"start":{"line":597,"column":4},"end":{"line":597,"column":106}}},"19":{"name":"_blockTimestamp","line":598,"loc":{"start":{"line":598,"column":4},"end":{"line":598,"column":95}}}},"statementMap":{"1":{"start":{"line":100,"column":8},"end":{"line":100,"column":44}},"2":{"start":{"line":125,"column":8},"end":{"line":125,"column":64}},"3":{"start":{"line":126,"column":8},"end":{"line":126,"column":62}},"4":{"start":{"line":127,"column":8},"end":{"line":127,"column":97}},"5":{"start":{"line":136,"column":8},"end":{"line":136,"column":43}},"6":{"start":{"line":156,"column":8},"end":{"line":156,"column":60}},"7":{"start":{"line":157,"column":8},"end":{"line":157,"column":47}},"8":{"start":{"line":158,"column":8},"end":{"line":158,"column":40}},"9":{"start":{"line":160,"column":8},"end":{"line":160,"column":7034}},"10":{"start":{"line":172,"column":8},"end":{"line":172,"column":44}},"11":{"start":{"line":173,"column":8},"end":{"line":173,"column":44}},"12":{"start":{"line":174,"column":8},"end":{"line":174,"column":82}},"13":{"start":{"line":175,"column":8},"end":{"line":175,"column":94}},"14":{"start":{"line":176,"column":8},"end":{"line":176,"column":94}},"15":{"start":{"line":178,"column":8},"end":{"line":178,"column":88}},"16":{"start":{"line":195,"column":8},"end":{"line":195,"column":40}},"17":{"start":{"line":196,"column":8},"end":{"line":196,"column":8724}},"18":{"start":{"line":206,"column":8},"end":{"line":206,"column":9160}},"19":{"start":{"line":210,"column":8},"end":{"line":210,"column":77}},"20":{"start":{"line":230,"column":8},"end":{"line":230,"column":88}},"21":{"start":{"line":233,"column":8},"end":{"line":233,"column":109}},"22":{"start":{"line":233,"column":60},"end":{"line":233,"column":106}},"23":{"start":{"line":234,"column":8},"end":{"line":234,"column":109}},"24":{"start":{"line":234,"column":60},"end":{"line":234,"column":106}},"25":{"start":{"line":235,"column":8},"end":{"line":235,"column":83}},"26":{"start":{"line":256,"column":8},"end":{"line":256,"column":60}},"27":{"start":{"line":257,"column":8},"end":{"line":257,"column":36}},"28":{"start":{"line":259,"column":8},"end":{"line":259,"column":39}},"29":{"start":{"line":260,"column":8},"end":{"line":260,"column":12259}},"30":{"start":{"line":261,"column":12},"end":{"line":261,"column":12327}},"31":{"start":{"line":264,"column":12},"end":{"line":264,"column":12503}},"32":{"start":{"line":268,"column":8},"end":{"line":268,"column":12633}},"33":{"start":{"line":277,"column":8},"end":{"line":277,"column":13047}},"34":{"start":{"line":278,"column":12},"end":{"line":278,"column":40}},"35":{"start":{"line":285,"column":12},"end":{"line":285,"column":13490}},"36":{"start":{"line":286,"column":17},"end":{"line":286,"column":89}},"37":{"start":{"line":300,"column":12},"end":{"line":300,"column":14135}},"38":{"start":{"line":313,"column":12},"end":{"line":313,"column":48}},"39":{"start":{"line":314,"column":12},"end":{"line":314,"column":14775}},"40":{"start":{"line":315,"column":16},"end":{"line":315,"column":65}},"41":{"start":{"line":316,"column":16},"end":{"line":316,"column":14885}},"42":{"start":{"line":323,"column":12},"end":{"line":323,"column":15176}},"43":{"start":{"line":329,"column":12},"end":{"line":329,"column":15409}},"44":{"start":{"line":330,"column":16},"end":{"line":330,"column":15480}},"45":{"start":{"line":332,"column":20},"end":{"line":332,"column":15650}},"46":{"start":{"line":335,"column":20},"end":{"line":335,"column":112}},"47":{"start":{"line":336,"column":20},"end":{"line":336,"column":64}},"48":{"start":{"line":342,"column":19},"end":{"line":342,"column":16168}},"49":{"start":{"line":348,"column":8},"end":{"line":348,"column":16410}},"50":{"start":{"line":349,"column":12},"end":{"line":349,"column":16464}},"51":{"start":{"line":365,"column":8},"end":{"line":365,"column":69}},"52":{"start":{"line":367,"column":8},"end":{"line":367,"column":17173}},"53":{"start":{"line":377,"column":8},"end":{"line":377,"column":17596}},"54":{"start":{"line":378,"column":12},"end":{"line":378,"column":86}},"55":{"start":{"line":378,"column":29},"end":{"line":378,"column":85}},"56":{"start":{"line":379,"column":12},"end":{"line":379,"column":48}},"57":{"start":{"line":380,"column":12},"end":{"line":380,"column":86}},"58":{"start":{"line":381,"column":12},"end":{"line":381,"column":68}},"59":{"start":{"line":383,"column":12},"end":{"line":383,"column":86}},"60":{"start":{"line":383,"column":29},"end":{"line":383,"column":85}},"61":{"start":{"line":384,"column":12},"end":{"line":384,"column":48}},"62":{"start":{"line":385,"column":12},"end":{"line":385,"column":86}},"63":{"start":{"line":386,"column":12},"end":{"line":386,"column":68}},"64":{"start":{"line":389,"column":8},"end":{"line":389,"column":107}},"65":{"start":{"line":399,"column":8},"end":{"line":399,"column":18869}},"66":{"start":{"line":403,"column":8},"end":{"line":403,"column":78}},"67":{"start":{"line":405,"column":8},"end":{"line":405,"column":41}},"68":{"start":{"line":417,"column":8},"end":{"line":417,"column":19608}},"69":{"start":{"line":423,"column":8},"end":{"line":423,"column":101}},"70":{"start":{"line":423,"column":52},"end":{"line":423,"column":98}},"71":{"start":{"line":424,"column":8},"end":{"line":424,"column":101}},"72":{"start":{"line":424,"column":52},"end":{"line":424,"column":98}},"73":{"start":{"line":425,"column":8},"end":{"line":425,"column":69}},"74":{"start":{"line":432,"column":8},"end":{"line":432,"column":79}},"75":{"start":{"line":433,"column":8},"end":{"line":433,"column":123}},"76":{"start":{"line":435,"column":8},"end":{"line":435,"column":20856}},"77":{"start":{"line":436,"column":12},"end":{"line":436,"column":113}},"78":{"start":{"line":448,"column":8},"end":{"line":448,"column":21570}},"79":{"start":{"line":460,"column":8},"end":{"line":460,"column":53}},"80":{"start":{"line":463,"column":8},"end":{"line":463,"column":22081}},"81":{"start":{"line":467,"column":8},"end":{"line":467,"column":76}},"82":{"start":{"line":469,"column":8},"end":{"line":469,"column":22477}},"83":{"start":{"line":482,"column":8},"end":{"line":482,"column":57}},"84":{"start":{"line":516,"column":8},"end":{"line":516,"column":54}},"85":{"start":{"line":517,"column":8},"end":{"line":517,"column":35}},"86":{"start":{"line":521,"column":8},"end":{"line":521,"column":24290}},"87":{"start":{"line":522,"column":12},"end":{"line":522,"column":24340}},"88":{"start":{"line":528,"column":19},"end":{"line":528,"column":24649}},"89":{"start":{"line":529,"column":16},"end":{"line":529,"column":51}},"90":{"start":{"line":530,"column":16},"end":{"line":530,"column":24761}},"91":{"start":{"line":567,"column":8},"end":{"line":567,"column":60}},"92":{"start":{"line":568,"column":8},"end":{"line":568,"column":60}},"93":{"start":{"line":570,"column":8},"end":{"line":570,"column":25}},"94":{"start":{"line":571,"column":8},"end":{"line":571,"column":25}},"95":{"start":{"line":572,"column":8},"end":{"line":572,"column":26425}},"96":{"start":{"line":575,"column":12},"end":{"line":575,"column":73}},"97":{"start":{"line":575,"column":30},"end":{"line":575,"column":72}},"98":{"start":{"line":576,"column":12},"end":{"line":576,"column":73}},"99":{"start":{"line":576,"column":30},"end":{"line":576,"column":72}},"100":{"start":{"line":579,"column":8},"end":{"line":579,"column":27019}},"101":{"start":{"line":582,"column":8},"end":{"line":582,"column":82}},"102":{"start":{"line":584,"column":8},"end":{"line":584,"column":27187}},"103":{"start":{"line":585,"column":12},"end":{"line":585,"column":52}},"104":{"start":{"line":585,"column":30},"end":{"line":585,"column":51}},"105":{"start":{"line":586,"column":12},"end":{"line":586,"column":52}},"106":{"start":{"line":586,"column":30},"end":{"line":586,"column":51}},"107":{"start":{"line":591,"column":8},"end":{"line":591,"column":61}},"108":{"start":{"line":592,"column":8},"end":{"line":592,"column":68}},"109":{"start":{"line":593,"column":8},"end":{"line":593,"column":68}},"110":{"start":{"line":596,"column":58},"end":{"line":596,"column":104}},"111":{"start":{"line":597,"column":58},"end":{"line":597,"column":104}},"112":{"start":{"line":598,"column":63},"end":{"line":598,"column":93}}},"branchMap":{"1":{"line":100,"type":"if","locations":[{"start":{"line":100,"column":8},"end":{"line":100,"column":8}},{"start":{"line":100,"column":8},"end":{"line":100,"column":8}}]},"2":{"line":125,"type":"if","locations":[{"start":{"line":125,"column":8},"end":{"line":125,"column":8}},{"start":{"line":125,"column":8},"end":{"line":125,"column":8}}]},"3":{"line":155,"type":"if","locations":[{"start":{"line":155,"column":15},"end":{"line":155,"column":15}},{"start":{"line":155,"column":15},"end":{"line":155,"column":15}}]},"4":{"line":156,"type":"if","locations":[{"start":{"line":156,"column":8},"end":{"line":156,"column":8}},{"start":{"line":156,"column":8},"end":{"line":156,"column":8}}]},"5":{"line":157,"type":"if","locations":[{"start":{"line":157,"column":8},"end":{"line":157,"column":8}},{"start":{"line":157,"column":8},"end":{"line":157,"column":8}}]},"6":{"line":175,"type":"if","locations":[{"start":{"line":175,"column":8},"end":{"line":175,"column":8}},{"start":{"line":175,"column":8},"end":{"line":175,"column":8}}]},"7":{"line":176,"type":"if","locations":[{"start":{"line":176,"column":8},"end":{"line":176,"column":8}},{"start":{"line":176,"column":8},"end":{"line":176,"column":8}}]},"8":{"line":194,"type":"if","locations":[{"start":{"line":194,"column":15},"end":{"line":194,"column":15}},{"start":{"line":194,"column":15},"end":{"line":194,"column":15}}]},"9":{"line":206,"type":"if","locations":[{"start":{"line":206,"column":8},"end":{"line":206,"column":8}},{"start":{"line":206,"column":8},"end":{"line":206,"column":8}}]},"10":{"line":206,"type":"cond-expr","locations":[{"start":{"line":206,"column":12},"end":{"line":206,"column":22}},{"start":{"line":206,"column":27},"end":{"line":206,"column":37}}]},"11":{"line":229,"type":"if","locations":[{"start":{"line":229,"column":15},"end":{"line":229,"column":15}},{"start":{"line":229,"column":15},"end":{"line":229,"column":15}}]},"12":{"line":231,"type":"if","locations":[{"start":{"line":231,"column":60},"end":{"line":231,"column":79}},{"start":{"line":231,"column":83},"end":{"line":231,"column":98}}]},"13":{"line":232,"type":"if","locations":[{"start":{"line":232,"column":60},"end":{"line":232,"column":79}},{"start":{"line":232,"column":83},"end":{"line":232,"column":98}}]},"14":{"line":233,"type":"if","locations":[{"start":{"line":233,"column":8},"end":{"line":233,"column":8}},{"start":{"line":233,"column":8},"end":{"line":233,"column":8}}]},"15":{"line":234,"type":"if","locations":[{"start":{"line":234,"column":8},"end":{"line":234,"column":8}},{"start":{"line":234,"column":8},"end":{"line":234,"column":8}}]},"16":{"line":255,"type":"if","locations":[{"start":{"line":255,"column":15},"end":{"line":255,"column":15}},{"start":{"line":255,"column":15},"end":{"line":255,"column":15}}]},"17":{"line":256,"type":"if","locations":[{"start":{"line":256,"column":8},"end":{"line":256,"column":8}},{"start":{"line":256,"column":8},"end":{"line":256,"column":8}}]},"18":{"line":257,"type":"if","locations":[{"start":{"line":257,"column":8},"end":{"line":257,"column":8}},{"start":{"line":257,"column":8},"end":{"line":257,"column":8}}]},"19":{"line":260,"type":"if","locations":[{"start":{"line":260,"column":8},"end":{"line":260,"column":8}},{"start":{"line":260,"column":8},"end":{"line":260,"column":8}}]},"20":{"line":261,"type":"if","locations":[{"start":{"line":261,"column":12},"end":{"line":261,"column":12}},{"start":{"line":261,"column":12},"end":{"line":261,"column":12}}]},"21":{"line":264,"type":"if","locations":[{"start":{"line":264,"column":12},"end":{"line":264,"column":12}},{"start":{"line":264,"column":12},"end":{"line":264,"column":12}}]},"22":{"line":285,"type":"if","locations":[{"start":{"line":285,"column":12},"end":{"line":285,"column":12}},{"start":{"line":285,"column":12},"end":{"line":285,"column":12}}]},"23":{"line":286,"type":"if","locations":[{"start":{"line":286,"column":17},"end":{"line":286,"column":17}},{"start":{"line":286,"column":17},"end":{"line":286,"column":17}}]},"24":{"line":300,"type":"if","locations":[{"start":{"line":300,"column":12},"end":{"line":300,"column":12}},{"start":{"line":300,"column":12},"end":{"line":300,"column":12}}]},"25":{"line":314,"type":"if","locations":[{"start":{"line":314,"column":12},"end":{"line":314,"column":12}},{"start":{"line":314,"column":12},"end":{"line":314,"column":12}}]},"26":{"line":316,"type":"if","locations":[{"start":{"line":316,"column":16},"end":{"line":316,"column":16}},{"start":{"line":316,"column":16},"end":{"line":316,"column":16}}]},"27":{"line":323,"type":"if","locations":[{"start":{"line":323,"column":12},"end":{"line":323,"column":12}},{"start":{"line":323,"column":12},"end":{"line":323,"column":12}}]},"28":{"line":329,"type":"if","locations":[{"start":{"line":329,"column":12},"end":{"line":329,"column":12}},{"start":{"line":329,"column":12},"end":{"line":329,"column":12}}]},"29":{"line":330,"type":"if","locations":[{"start":{"line":330,"column":16},"end":{"line":330,"column":16}},{"start":{"line":330,"column":16},"end":{"line":330,"column":16}}]},"30":{"line":332,"type":"if","locations":[{"start":{"line":332,"column":20},"end":{"line":332,"column":20}},{"start":{"line":332,"column":20},"end":{"line":332,"column":20}}]},"31":{"line":336,"type":"if","locations":[{"start":{"line":336,"column":20},"end":{"line":336,"column":20}},{"start":{"line":336,"column":20},"end":{"line":336,"column":20}}]},"32":{"line":340,"type":"if","locations":[{"start":{"line":340,"column":46},"end":{"line":340,"column":62}},{"start":{"line":340,"column":66},"end":{"line":340,"column":78}}]},"33":{"line":342,"type":"if","locations":[{"start":{"line":342,"column":19},"end":{"line":342,"column":19}},{"start":{"line":342,"column":19},"end":{"line":342,"column":19}}]},"34":{"line":348,"type":"if","locations":[{"start":{"line":348,"column":8},"end":{"line":348,"column":8}},{"start":{"line":348,"column":8},"end":{"line":348,"column":8}}]},"35":{"line":365,"type":"if","locations":[{"start":{"line":365,"column":8},"end":{"line":365,"column":8}},{"start":{"line":365,"column":8},"end":{"line":365,"column":8}}]},"36":{"line":367,"type":"if","locations":[{"start":{"line":367,"column":8},"end":{"line":367,"column":8}},{"start":{"line":367,"column":8},"end":{"line":367,"column":8}}]},"37":{"line":374,"type":"if","locations":[{"start":{"line":374,"column":14},"end":{"line":374,"column":87}},{"start":{"line":375,"column":14},"end":{"line":375,"column":87}}]},"38":{"line":377,"type":"if","locations":[{"start":{"line":377,"column":8},"end":{"line":377,"column":8}},{"start":{"line":377,"column":8},"end":{"line":377,"column":8}}]},"39":{"line":378,"type":"if","locations":[{"start":{"line":378,"column":12},"end":{"line":378,"column":12}},{"start":{"line":378,"column":12},"end":{"line":378,"column":12}}]},"40":{"line":381,"type":"if","locations":[{"start":{"line":381,"column":12},"end":{"line":381,"column":12}},{"start":{"line":381,"column":12},"end":{"line":381,"column":12}}]},"41":{"line":383,"type":"if","locations":[{"start":{"line":383,"column":12},"end":{"line":383,"column":12}},{"start":{"line":383,"column":12},"end":{"line":383,"column":12}}]},"42":{"line":386,"type":"if","locations":[{"start":{"line":386,"column":12},"end":{"line":386,"column":12}},{"start":{"line":386,"column":12},"end":{"line":386,"column":12}}]},"43":{"line":399,"type":"if","locations":[{"start":{"line":399,"column":8},"end":{"line":399,"column":8}},{"start":{"line":399,"column":8},"end":{"line":399,"column":8}}]},"44":{"line":400,"type":"cond-expr","locations":[{"start":{"line":400,"column":12},"end":{"line":400,"column":32}},{"start":{"line":400,"column":37},"end":{"line":400,"column":79}}]},"45":{"line":403,"type":"if","locations":[{"start":{"line":403,"column":8},"end":{"line":403,"column":8}},{"start":{"line":403,"column":8},"end":{"line":403,"column":8}}]},"46":{"line":403,"type":"cond-expr","locations":[{"start":{"line":403,"column":16},"end":{"line":403,"column":32}},{"start":{"line":403,"column":37},"end":{"line":403,"column":53}}]},"47":{"line":417,"type":"if","locations":[{"start":{"line":417,"column":8},"end":{"line":417,"column":8}},{"start":{"line":417,"column":8},"end":{"line":417,"column":8}}]},"48":{"line":418,"type":"cond-expr","locations":[{"start":{"line":418,"column":12},"end":{"line":418,"column":32}},{"start":{"line":418,"column":37},"end":{"line":418,"column":79}}]},"49":{"line":423,"type":"if","locations":[{"start":{"line":423,"column":8},"end":{"line":423,"column":8}},{"start":{"line":423,"column":8},"end":{"line":423,"column":8}}]},"50":{"line":424,"type":"if","locations":[{"start":{"line":424,"column":8},"end":{"line":424,"column":8}},{"start":{"line":424,"column":8},"end":{"line":424,"column":8}}]},"51":{"line":431,"type":"if","locations":[{"start":{"line":431,"column":92},"end":{"line":431,"column":92}},{"start":{"line":431,"column":92},"end":{"line":431,"column":92}}]},"52":{"line":435,"type":"if","locations":[{"start":{"line":435,"column":8},"end":{"line":435,"column":8}},{"start":{"line":435,"column":8},"end":{"line":435,"column":8}}]},"53":{"line":469,"type":"if","locations":[{"start":{"line":469,"column":8},"end":{"line":469,"column":8}},{"start":{"line":469,"column":8},"end":{"line":469,"column":8}}]},"54":{"line":521,"type":"if","locations":[{"start":{"line":521,"column":8},"end":{"line":521,"column":8}},{"start":{"line":521,"column":8},"end":{"line":521,"column":8}}]},"55":{"line":522,"type":"if","locations":[{"start":{"line":522,"column":12},"end":{"line":522,"column":12}},{"start":{"line":522,"column":12},"end":{"line":522,"column":12}}]},"56":{"line":528,"type":"if","locations":[{"start":{"line":528,"column":19},"end":{"line":528,"column":19}},{"start":{"line":528,"column":19},"end":{"line":528,"column":19}}]},"57":{"line":572,"type":"if","locations":[{"start":{"line":572,"column":8},"end":{"line":572,"column":8}},{"start":{"line":572,"column":8},"end":{"line":572,"column":8}}]},"58":{"line":575,"type":"if","locations":[{"start":{"line":575,"column":12},"end":{"line":575,"column":12}},{"start":{"line":575,"column":12},"end":{"line":575,"column":12}}]},"59":{"line":576,"type":"if","locations":[{"start":{"line":576,"column":12},"end":{"line":576,"column":12}},{"start":{"line":576,"column":12},"end":{"line":576,"column":12}}]},"60":{"line":584,"type":"if","locations":[{"start":{"line":584,"column":8},"end":{"line":584,"column":8}},{"start":{"line":584,"column":8},"end":{"line":584,"column":8}}]},"61":{"line":585,"type":"if","locations":[{"start":{"line":585,"column":12},"end":{"line":585,"column":12}},{"start":{"line":585,"column":12},"end":{"line":585,"column":12}}]},"62":{"line":586,"type":"if","locations":[{"start":{"line":586,"column":12},"end":{"line":586,"column":12}},{"start":{"line":586,"column":12},"end":{"line":586,"column":12}}]},"63":{"line":591,"type":"if","locations":[{"start":{"line":591,"column":8},"end":{"line":591,"column":8}},{"start":{"line":591,"column":8},"end":{"line":591,"column":8}}]},"64":{"line":592,"type":"if","locations":[{"start":{"line":592,"column":8},"end":{"line":592,"column":8}},{"start":{"line":592,"column":8},"end":{"line":592,"column":8}}]},"65":{"line":593,"type":"if","locations":[{"start":{"line":593,"column":8},"end":{"line":593,"column":8}},{"start":{"line":593,"column":8},"end":{"line":593,"column":8}}]}}},"contracts/src/core/PoolFactory.sol":{"l":{"23":3,"24":2,"29":33,"30":33,"31":33,"32":33,"33":33,"34":33,"35":33,"45":1,"46":1,"47":1,"48":1,"49":1,"63":33,"65":33,"66":33,"67":33,"68":33,"69":33,"72":33,"73":33,"74":33,"76":33,"85":0,"99":1},"path":"/Users/hihi/Desktop/6107/project/improved-amm/contracts/src/core/PoolFactory.sol","s":{"1":3,"2":33,"3":33,"4":33,"5":1,"6":1,"7":1,"8":1,"9":33,"10":33,"11":33,"12":33,"13":33,"14":33,"15":33,"16":0},"b":{"1":[2,1],"2":[1,1],"3":[1,0],"4":[1,0],"5":[1,0],"6":[33,0],"7":[28,5],"8":[33,0],"9":[33,0],"10":[33,0],"11":[0,0],"12":[1,0]},"f":{"1":3,"2":33,"3":1,"4":33,"5":0,"6":1},"fnMap":{"1":{"name":"onlyOwner","line":22,"loc":{"start":{"line":22,"column":4},"end":{"line":25,"column":4}}},"2":{"name":"constructor","line":28,"loc":{"start":{"line":28,"column":4},"end":{"line":36,"column":4}}},"3":{"name":"enableFeeAmount","line":44,"loc":{"start":{"line":44,"column":4},"end":{"line":50,"column":4}}},"4":{"name":"createPool","line":58,"loc":{"start":{"line":58,"column":4},"end":{"line":77,"column":4}}},"5":{"name":"setPoolProtocolFee","line":84,"loc":{"start":{"line":84,"column":4},"end":{"line":86,"column":4}}},"6":{"name":"collectPoolProtocol","line":96,"loc":{"start":{"line":94,"column":4},"end":{"line":100,"column":4}}}},"statementMap":{"1":{"start":{"line":23,"column":8},"end":{"line":23,"column":48}},"2":{"start":{"line":33,"column":8},"end":{"line":33,"column":38}},"3":{"start":{"line":34,"column":8},"end":{"line":34,"column":39}},"4":{"start":{"line":35,"column":8},"end":{"line":35,"column":41}},"5":{"start":{"line":45,"column":8},"end":{"line":45,"column":31}},"6":{"start":{"line":46,"column":8},"end":{"line":46,"column":54}},"7":{"start":{"line":47,"column":8},"end":{"line":47,"column":46}},"8":{"start":{"line":49,"column":8},"end":{"line":49,"column":47}},"9":{"start":{"line":63,"column":8},"end":{"line":63,"column":46}},"10":{"start":{"line":65,"column":8},"end":{"line":65,"column":98}},"11":{"start":{"line":66,"column":8},"end":{"line":66,"column":53}},"12":{"start":{"line":67,"column":8},"end":{"line":67,"column":53}},"13":{"start":{"line":68,"column":8},"end":{"line":68,"column":51}},"14":{"start":{"line":69,"column":8},"end":{"line":69,"column":75}},"15":{"start":{"line":76,"column":8},"end":{"line":76,"column":66}},"16":{"start":{"line":85,"column":8},"end":{"line":85,"column":45}}},"branchMap":{"1":{"line":23,"type":"if","locations":[{"start":{"line":23,"column":8},"end":{"line":23,"column":8}},{"start":{"line":23,"column":8},"end":{"line":23,"column":8}}]},"2":{"line":44,"type":"if","locations":[{"start":{"line":44,"column":78},"end":{"line":44,"column":78}},{"start":{"line":44,"column":78},"end":{"line":44,"column":78}}]},"3":{"line":45,"type":"if","locations":[{"start":{"line":45,"column":8},"end":{"line":45,"column":8}},{"start":{"line":45,"column":8},"end":{"line":45,"column":8}}]},"4":{"line":46,"type":"if","locations":[{"start":{"line":46,"column":8},"end":{"line":46,"column":8}},{"start":{"line":46,"column":8},"end":{"line":46,"column":8}}]},"5":{"line":47,"type":"if","locations":[{"start":{"line":47,"column":8},"end":{"line":47,"column":8}},{"start":{"line":47,"column":8},"end":{"line":47,"column":8}}]},"6":{"line":63,"type":"if","locations":[{"start":{"line":63,"column":8},"end":{"line":63,"column":8}},{"start":{"line":63,"column":8},"end":{"line":63,"column":8}}]},"7":{"line":65,"type":"if","locations":[{"start":{"line":65,"column":63},"end":{"line":65,"column":78}},{"start":{"line":65,"column":82},"end":{"line":65,"column":97}}]},"8":{"line":66,"type":"if","locations":[{"start":{"line":66,"column":8},"end":{"line":66,"column":8}},{"start":{"line":66,"column":8},"end":{"line":66,"column":8}}]},"9":{"line":68,"type":"if","locations":[{"start":{"line":68,"column":8},"end":{"line":68,"column":8}},{"start":{"line":68,"column":8},"end":{"line":68,"column":8}}]},"10":{"line":69,"type":"if","locations":[{"start":{"line":69,"column":8},"end":{"line":69,"column":8}},{"start":{"line":69,"column":8},"end":{"line":69,"column":8}}]},"11":{"line":84,"type":"if","locations":[{"start":{"line":84,"column":74},"end":{"line":84,"column":74}},{"start":{"line":84,"column":74},"end":{"line":84,"column":74}}]},"12":{"line":96,"type":"if","locations":[{"start":{"line":96,"column":8},"end":{"line":96,"column":8}},{"start":{"line":96,"column":8},"end":{"line":96,"column":8}}]}}},"contracts/src/ImprovedAMM.sol":{"l":{"54":32,"55":2,"58":30,"59":30,"60":30,"61":30,"70":29,"71":28,"73":26,"74":26,"75":24,"76":24,"78":2,"79":1,"80":1,"81":1,"84":25,"86":25,"87":25,"89":25,"90":25,"92":25,"93":25,"102":5,"103":5,"105":4,"106":4,"107":4,"109":4,"111":2,"112":2,"113":2,"115":2,"116":2,"118":2,"127":6,"128":6,"130":6,"131":5,"132":3,"133":3,"135":2,"137":2,"138":1,"139":1,"140":1,"142":1,"143":1,"144":1,"147":2,"148":2,"152":10,"159":18,"161":17,"162":17,"163":12,"165":3,"167":2,"170":15,"175":15,"177":14,"178":14,"179":14,"180":14,"182":14,"184":14,"185":12,"187":11,"188":11,"189":11,"194":17,"195":17,"196":15,"198":2,"200":0,"203":17,"204":3,"206":14,"210":1,"214":4,"215":2,"216":2,"217":2,"221":6,"222":4,"224":2,"225":1,"227":1,"231":2,"232":2,"233":2,"234":2,"236":2,"237":1,"242":4,"248":2,"253":40,"257":24,"258":24,"259":24,"260":24,"261":1792,"262":1792,"265":0},"path":"/Users/hihi/Desktop/6107/project/improved-amm/contracts/src/ImprovedAMM.sol","s":{"1":32,"2":29,"3":28,"4":26,"5":26,"6":24,"7":2,"8":1,"9":1,"10":25,"11":25,"12":25,"13":25,"14":25,"15":5,"16":5,"17":4,"18":4,"19":2,"20":2,"21":2,"22":2,"23":6,"24":6,"25":6,"26":5,"27":3,"28":2,"29":2,"30":1,"31":1,"32":2,"33":2,"34":18,"35":17,"36":17,"37":5,"38":15,"39":15,"40":14,"41":14,"42":14,"43":14,"44":12,"45":11,"46":11,"47":17,"48":17,"49":2,"50":17,"51":3,"52":14,"53":1,"54":4,"55":2,"56":6,"57":4,"58":2,"59":1,"60":2,"61":2,"62":2,"63":2,"64":2,"65":4,"66":40,"67":24,"68":24,"69":24,"70":0},"b":{"1":[2,30],"2":[1,0],"3":[0,1],"4":[29,0],"5":[2,26],"6":[1,1],"7":[24,2],"8":[0,1],"9":[0,25],"10":[0,0],"11":[5,0],"12":[1,4],"13":[2,2],"14":[1,1],"15":[6,0],"16":[0,6],"17":[1,2],"18":[0,1],"19":[1,1],"20":[0,1],"21":[0,1],"22":[1,17],"23":[12,5],"24":[3,2],"25":[12,3],"26":[1,14],"27":[1,0],"28":[2,12],"29":[1,11],"30":[11,0],"31":[15,2],"32":[2,0],"33":[3,14],"34":[4,1],"35":[4,2],"36":[1,1],"37":[0,2],"38":[0,2],"39":[1,1],"40":[2,2],"41":[1,0],"42":[0,1],"43":[1,0],"44":[1,39],"45":[24,0],"46":[0,0]},"f":{"1":32,"2":29,"3":5,"4":6,"5":10,"6":18,"7":17,"8":1,"9":4,"10":6,"11":2,"12":4,"13":40,"14":24},"fnMap":{"1":{"name":"constructor","line":53,"loc":{"start":{"line":48,"column":4},"end":{"line":62,"column":4}}},"2":{"name":"addLiquidity","line":69,"loc":{"start":{"line":64,"column":4},"end":{"line":94,"column":4}}},"3":{"name":"removeLiquidity","line":101,"loc":{"start":{"line":96,"column":4},"end":{"line":119,"column":4}}},"4":{"name":"swapExactIn","line":126,"loc":{"start":{"line":121,"column":4},"end":{"line":149,"column":4}}},"5":{"name":"quoteSwap","line":151,"loc":{"start":{"line":151,"column":4},"end":{"line":153,"column":4}}},"6":{"name":"quoteSwapDetails","line":155,"loc":{"start":{"line":155,"column":4},"end":{"line":191,"column":4}}},"7":{"name":"currentFeeBps","line":193,"loc":{"start":{"line":193,"column":4},"end":{"line":207,"column":4}}},"8":{"name":"getReserves","line":209,"loc":{"start":{"line":209,"column":4},"end":{"line":211,"column":4}}},"9":{"name":"updateVirtualReserves","line":213,"loc":{"start":{"line":213,"column":4},"end":{"line":218,"column":4}}},"10":{"name":"_pairFor","line":220,"loc":{"start":{"line":220,"column":4},"end":{"line":228,"column":4}}},"11":{"name":"_validateLiquidityRatio","line":230,"loc":{"start":{"line":230,"column":4},"end":{"line":239,"column":4}}},"12":{"name":"_validateVirtualReserves","line":241,"loc":{"start":{"line":241,"column":4},"end":{"line":250,"column":4}}},"13":{"name":"_checkDeadline","line":252,"loc":{"start":{"line":252,"column":4},"end":{"line":254,"column":4}}},"14":{"name":"_sqrt","line":256,"loc":{"start":{"line":256,"column":4},"end":{"line":267,"column":4}}}},"statementMap":{"1":{"start":{"line":54,"column":8},"end":{"line":54,"column":1921}},"2":{"start":{"line":70,"column":8},"end":{"line":70,"column":31}},"3":{"start":{"line":71,"column":8},"end":{"line":71,"column":64}},"4":{"start":{"line":73,"column":8},"end":{"line":73,"column":39}},"5":{"start":{"line":74,"column":8},"end":{"line":74,"column":2548}},"6":{"start":{"line":76,"column":12},"end":{"line":76,"column":52}},"7":{"start":{"line":78,"column":12},"end":{"line":78,"column":52}},"8":{"start":{"line":79,"column":12},"end":{"line":79,"column":63}},"9":{"start":{"line":80,"column":12},"end":{"line":80,"column":63}},"10":{"start":{"line":84,"column":8},"end":{"line":84,"column":86}},"11":{"start":{"line":86,"column":8},"end":{"line":86,"column":66}},"12":{"start":{"line":87,"column":8},"end":{"line":87,"column":66}},"13":{"start":{"line":92,"column":8},"end":{"line":92,"column":35}},"14":{"start":{"line":93,"column":8},"end":{"line":93,"column":68}},"15":{"start":{"line":102,"column":8},"end":{"line":102,"column":31}},"16":{"start":{"line":103,"column":8},"end":{"line":103,"column":50}},"17":{"start":{"line":105,"column":8},"end":{"line":105,"column":39}},"18":{"start":{"line":109,"column":8},"end":{"line":109,"column":85}},"19":{"start":{"line":111,"column":8},"end":{"line":111,"column":35}},"20":{"start":{"line":115,"column":8},"end":{"line":115,"column":47}},"21":{"start":{"line":116,"column":8},"end":{"line":116,"column":47}},"22":{"start":{"line":118,"column":8},"end":{"line":118,"column":70}},"23":{"start":{"line":127,"column":8},"end":{"line":127,"column":31}},"24":{"start":{"line":128,"column":8},"end":{"line":128,"column":49}},"25":{"start":{"line":130,"column":8},"end":{"line":130,"column":74}},"26":{"start":{"line":131,"column":8},"end":{"line":131,"column":82}},"27":{"start":{"line":133,"column":8},"end":{"line":133,"column":83}},"28":{"start":{"line":135,"column":8},"end":{"line":135,"column":66}},"29":{"start":{"line":137,"column":8},"end":{"line":137,"column":4823}},"30":{"start":{"line":138,"column":12},"end":{"line":138,"column":69}},"31":{"start":{"line":142,"column":12},"end":{"line":142,"column":69}},"32":{"start":{"line":147,"column":8},"end":{"line":147,"column":49}},"33":{"start":{"line":148,"column":8},"end":{"line":148,"column":67}},"34":{"start":{"line":159,"column":8},"end":{"line":159,"column":49}},"35":{"start":{"line":161,"column":8},"end":{"line":161,"column":23}},"36":{"start":{"line":162,"column":8},"end":{"line":162,"column":5699}},"37":{"start":{"line":164,"column":15},"end":{"line":164,"column":5779}},"38":{"start":{"line":170,"column":8},"end":{"line":170,"column":5980}},"39":{"start":{"line":175,"column":8},"end":{"line":175,"column":89}},"40":{"start":{"line":178,"column":8},"end":{"line":178,"column":68}},"41":{"start":{"line":179,"column":8},"end":{"line":179,"column":68}},"42":{"start":{"line":180,"column":8},"end":{"line":180,"column":71}},"43":{"start":{"line":184,"column":8},"end":{"line":184,"column":55}},"44":{"start":{"line":185,"column":8},"end":{"line":185,"column":73}},"45":{"start":{"line":187,"column":8},"end":{"line":187,"column":81}},"46":{"start":{"line":188,"column":8},"end":{"line":188,"column":6874}},"47":{"start":{"line":194,"column":8},"end":{"line":194,"column":25}},"48":{"start":{"line":195,"column":8},"end":{"line":195,"column":7117}},"49":{"start":{"line":197,"column":15},"end":{"line":197,"column":7200}},"50":{"start":{"line":203,"column":8},"end":{"line":203,"column":7339}},"51":{"start":{"line":204,"column":12},"end":{"line":204,"column":38}},"52":{"start":{"line":206,"column":8},"end":{"line":206,"column":27}},"53":{"start":{"line":210,"column":8},"end":{"line":210,"column":35}},"54":{"start":{"line":214,"column":8},"end":{"line":214,"column":67}},"55":{"start":{"line":217,"column":8},"end":{"line":217,"column":71}},"56":{"start":{"line":221,"column":8},"end":{"line":221,"column":8082}},"57":{"start":{"line":222,"column":12},"end":{"line":222,"column":41}},"58":{"start":{"line":224,"column":8},"end":{"line":224,"column":8177}},"59":{"start":{"line":225,"column":12},"end":{"line":225,"column":42}},"60":{"start":{"line":231,"column":8},"end":{"line":231,"column":41}},"61":{"start":{"line":232,"column":8},"end":{"line":232,"column":42}},"62":{"start":{"line":233,"column":8},"end":{"line":233,"column":65}},"63":{"start":{"line":234,"column":8},"end":{"line":234,"column":55}},"64":{"start":{"line":236,"column":8},"end":{"line":236,"column":8609}},"65":{"start":{"line":242,"column":8},"end":{"line":242,"column":8841}},"66":{"start":{"line":253,"column":8},"end":{"line":253,"column":56}},"67":{"start":{"line":257,"column":8},"end":{"line":257,"column":9390}},"68":{"start":{"line":259,"column":12},"end":{"line":259,"column":33}},"69":{"start":{"line":260,"column":12},"end":{"line":260,"column":9473}},"70":{"start":{"line":264,"column":15},"end":{"line":264,"column":9574}}},"branchMap":{"1":{"line":54,"type":"if","locations":[{"start":{"line":54,"column":8},"end":{"line":54,"column":8}},{"start":{"line":54,"column":8},"end":{"line":54,"column":8}}]},"2":{"line":54,"type":"cond-expr","locations":[{"start":{"line":54,"column":12},"end":{"line":54,"column":41}},{"start":{"line":54,"column":46},"end":{"line":54,"column":75}}]},"3":{"line":54,"type":"cond-expr","locations":[{"start":{"line":54,"column":12},"end":{"line":54,"column":75}},{"start":{"line":54,"column":80},"end":{"line":54,"column":97}}]},"4":{"line":69,"type":"if","locations":[{"start":{"line":69,"column":15},"end":{"line":69,"column":15}},{"start":{"line":69,"column":15},"end":{"line":69,"column":15}}]},"5":{"line":71,"type":"if","locations":[{"start":{"line":71,"column":8},"end":{"line":71,"column":8}},{"start":{"line":71,"column":8},"end":{"line":71,"column":8}}]},"6":{"line":71,"type":"cond-expr","locations":[{"start":{"line":71,"column":12},"end":{"line":71,"column":23}},{"start":{"line":71,"column":28},"end":{"line":71,"column":39}}]},"7":{"line":74,"type":"if","locations":[{"start":{"line":74,"column":8},"end":{"line":74,"column":8}},{"start":{"line":74,"column":8},"end":{"line":74,"column":8}}]},"8":{"line":81,"type":"if","locations":[{"start":{"line":81,"column":50},"end":{"line":81,"column":59}},{"start":{"line":81,"column":63},"end":{"line":81,"column":72}}]},"9":{"line":84,"type":"if","locations":[{"start":{"line":84,"column":8},"end":{"line":84,"column":8}},{"start":{"line":84,"column":8},"end":{"line":84,"column":8}}]},"10":{"line":84,"type":"cond-expr","locations":[{"start":{"line":84,"column":12},"end":{"line":84,"column":25}},{"start":{"line":84,"column":30},"end":{"line":84,"column":53}}]},"11":{"line":101,"type":"if","locations":[{"start":{"line":101,"column":15},"end":{"line":101,"column":15}},{"start":{"line":101,"column":15},"end":{"line":101,"column":15}}]},"12":{"line":103,"type":"if","locations":[{"start":{"line":103,"column":8},"end":{"line":103,"column":8}},{"start":{"line":103,"column":8},"end":{"line":103,"column":8}}]},"13":{"line":109,"type":"if","locations":[{"start":{"line":109,"column":8},"end":{"line":109,"column":8}},{"start":{"line":109,"column":8},"end":{"line":109,"column":8}}]},"14":{"line":109,"type":"cond-expr","locations":[{"start":{"line":109,"column":12},"end":{"line":109,"column":31}},{"start":{"line":109,"column":36},"end":{"line":109,"column":55}}]},"15":{"line":126,"type":"if","locations":[{"start":{"line":126,"column":15},"end":{"line":126,"column":15}},{"start":{"line":126,"column":15},"end":{"line":126,"column":15}}]},"16":{"line":128,"type":"if","locations":[{"start":{"line":128,"column":8},"end":{"line":128,"column":8}},{"start":{"line":128,"column":8},"end":{"line":128,"column":8}}]},"17":{"line":133,"type":"if","locations":[{"start":{"line":133,"column":8},"end":{"line":133,"column":8}},{"start":{"line":133,"column":8},"end":{"line":133,"column":8}}]},"18":{"line":133,"type":"cond-expr","locations":[{"start":{"line":133,"column":12},"end":{"line":133,"column":25}},{"start":{"line":133,"column":30},"end":{"line":133,"column":53}}]},"19":{"line":137,"type":"if","locations":[{"start":{"line":137,"column":8},"end":{"line":137,"column":8}},{"start":{"line":137,"column":8},"end":{"line":137,"column":8}}]},"20":{"line":138,"type":"if","locations":[{"start":{"line":138,"column":12},"end":{"line":138,"column":12}},{"start":{"line":138,"column":12},"end":{"line":138,"column":12}}]},"21":{"line":142,"type":"if","locations":[{"start":{"line":142,"column":12},"end":{"line":142,"column":12}},{"start":{"line":142,"column":12},"end":{"line":142,"column":12}}]},"22":{"line":159,"type":"if","locations":[{"start":{"line":159,"column":8},"end":{"line":159,"column":8}},{"start":{"line":159,"column":8},"end":{"line":159,"column":8}}]},"23":{"line":162,"type":"if","locations":[{"start":{"line":162,"column":8},"end":{"line":162,"column":8}},{"start":{"line":162,"column":8},"end":{"line":162,"column":8}}]},"24":{"line":164,"type":"if","locations":[{"start":{"line":164,"column":15},"end":{"line":164,"column":15}},{"start":{"line":164,"column":15},"end":{"line":164,"column":15}}]},"25":{"line":172,"type":"if","locations":[{"start":{"line":172,"column":18},"end":{"line":172,"column":71}},{"start":{"line":173,"column":18},"end":{"line":173,"column":71}}]},"26":{"line":175,"type":"if","locations":[{"start":{"line":175,"column":8},"end":{"line":175,"column":8}},{"start":{"line":175,"column":8},"end":{"line":175,"column":8}}]},"27":{"line":175,"type":"cond-expr","locations":[{"start":{"line":175,"column":12},"end":{"line":175,"column":31}},{"start":{"line":175,"column":36},"end":{"line":175,"column":56}}]},"28":{"line":184,"type":"if","locations":[{"start":{"line":184,"column":8},"end":{"line":184,"column":8}},{"start":{"line":184,"column":8},"end":{"line":184,"column":8}}]},"29":{"line":185,"type":"if","locations":[{"start":{"line":185,"column":8},"end":{"line":185,"column":8}},{"start":{"line":185,"column":8},"end":{"line":185,"column":8}}]},"30":{"line":188,"type":"if","locations":[{"start":{"line":188,"column":8},"end":{"line":188,"column":8}},{"start":{"line":188,"column":8},"end":{"line":188,"column":8}}]},"31":{"line":195,"type":"if","locations":[{"start":{"line":195,"column":8},"end":{"line":195,"column":8}},{"start":{"line":195,"column":8},"end":{"line":195,"column":8}}]},"32":{"line":197,"type":"if","locations":[{"start":{"line":197,"column":15},"end":{"line":197,"column":15}},{"start":{"line":197,"column":15},"end":{"line":197,"column":15}}]},"33":{"line":203,"type":"if","locations":[{"start":{"line":203,"column":8},"end":{"line":203,"column":8}},{"start":{"line":203,"column":8},"end":{"line":203,"column":8}}]},"34":{"line":213,"type":"if","locations":[{"start":{"line":213,"column":96},"end":{"line":213,"column":96}},{"start":{"line":213,"column":96},"end":{"line":213,"column":96}}]},"35":{"line":221,"type":"if","locations":[{"start":{"line":221,"column":8},"end":{"line":221,"column":8}},{"start":{"line":221,"column":8},"end":{"line":221,"column":8}}]},"36":{"line":224,"type":"if","locations":[{"start":{"line":224,"column":8},"end":{"line":224,"column":8}},{"start":{"line":224,"column":8},"end":{"line":224,"column":8}}]},"37":{"line":233,"type":"if","locations":[{"start":{"line":233,"column":38},"end":{"line":233,"column":49}},{"start":{"line":233,"column":53},"end":{"line":233,"column":64}}]},"38":{"line":234,"type":"if","locations":[{"start":{"line":234,"column":43},"end":{"line":234,"column":46}},{"start":{"line":234,"column":50},"end":{"line":234,"column":54}}]},"39":{"line":236,"type":"if","locations":[{"start":{"line":236,"column":8},"end":{"line":236,"column":8}},{"start":{"line":236,"column":8},"end":{"line":236,"column":8}}]},"40":{"line":242,"type":"if","locations":[{"start":{"line":242,"column":8},"end":{"line":242,"column":8}},{"start":{"line":242,"column":8},"end":{"line":242,"column":8}}]},"41":{"line":243,"type":"cond-expr","locations":[{"start":{"line":243,"column":12},"end":{"line":243,"column":50}},{"start":{"line":244,"column":19},"end":{"line":244,"column":57}}]},"42":{"line":243,"type":"cond-expr","locations":[{"start":{"line":243,"column":12},"end":{"line":244,"column":57}},{"start":{"line":245,"column":19},"end":{"line":245,"column":78}}]},"43":{"line":243,"type":"cond-expr","locations":[{"start":{"line":243,"column":12},"end":{"line":245,"column":78}},{"start":{"line":246,"column":19},"end":{"line":246,"column":78}}]},"44":{"line":253,"type":"if","locations":[{"start":{"line":253,"column":8},"end":{"line":253,"column":8}},{"start":{"line":253,"column":8},"end":{"line":253,"column":8}}]},"45":{"line":257,"type":"if","locations":[{"start":{"line":257,"column":8},"end":{"line":257,"column":8}},{"start":{"line":257,"column":8},"end":{"line":257,"column":8}}]},"46":{"line":264,"type":"if","locations":[{"start":{"line":264,"column":15},"end":{"line":264,"column":15}},{"start":{"line":264,"column":15},"end":{"line":264,"column":15}}]}}},"contracts/src/libraries/FullMath.sol":{"l":{"9":1501,"10":1501,"11":1501,"12":1501,"17":1501,"18":1272,"19":1270,"20":1270,"22":229,"23":229,"24":229,"29":229,"30":229,"35":229,"36":229,"37":229,"38":229,"39":229,"40":229,"41":229,"42":229,"43":229,"49":671,"50":671,"51":456,"52":456},"path":"/Users/hihi/Desktop/6107/project/improved-amm/contracts/src/libraries/FullMath.sol","s":{"1":1501,"2":1501,"3":1501,"4":1272,"5":1270,"6":229,"7":229,"8":229,"9":229,"10":671,"11":456},"b":{"1":[1272,229],"2":[1270,2],"3":[229,0],"4":[456,215],"5":[456,0]},"f":{"1":1501,"2":671},"fnMap":{"1":{"name":"mulDiv","line":8,"loc":{"start":{"line":8,"column":4},"end":{"line":45,"column":4}}},"2":{"name":"mulDivRoundingUp","line":48,"loc":{"start":{"line":48,"column":4},"end":{"line":54,"column":4}}}},"statementMap":{"1":{"start":{"line":10,"column":12},"end":{"line":10,"column":25}},"2":{"start":{"line":11,"column":12},"end":{"line":11,"column":25}},"3":{"start":{"line":17,"column":12},"end":{"line":17,"column":657}},"4":{"start":{"line":18,"column":16},"end":{"line":18,"column":39}},"5":{"start":{"line":20,"column":16},"end":{"line":20,"column":29}},"6":{"start":{"line":22,"column":12},"end":{"line":22,"column":39}},"7":{"start":{"line":23,"column":12},"end":{"line":23,"column":29}},"8":{"start":{"line":29,"column":12},"end":{"line":29,"column":59}},"9":{"start":{"line":36,"column":12},"end":{"line":36,"column":47}},"10":{"start":{"line":50,"column":8},"end":{"line":50,"column":1972}},"11":{"start":{"line":51,"column":12},"end":{"line":51,"column":46}}},"branchMap":{"1":{"line":17,"type":"if","locations":[{"start":{"line":17,"column":12},"end":{"line":17,"column":12}},{"start":{"line":17,"column":12},"end":{"line":17,"column":12}}]},"2":{"line":18,"type":"if","locations":[{"start":{"line":18,"column":16},"end":{"line":18,"column":16}},{"start":{"line":18,"column":16},"end":{"line":18,"column":16}}]},"3":{"line":22,"type":"if","locations":[{"start":{"line":22,"column":12},"end":{"line":22,"column":12}},{"start":{"line":22,"column":12},"end":{"line":22,"column":12}}]},"4":{"line":50,"type":"if","locations":[{"start":{"line":50,"column":8},"end":{"line":50,"column":8}},{"start":{"line":50,"column":8},"end":{"line":50,"column":8}}]},"5":{"line":51,"type":"if","locations":[{"start":{"line":51,"column":12},"end":{"line":51,"column":12}},{"start":{"line":51,"column":12},"end":{"line":51,"column":12}}]}}},"contracts/src/libraries/LiquidityAmounts.sol":{"l":{"17":51,"18":51,"19":51,"28":48,"29":48,"40":50,"42":50,"43":5,"45":43,"46":43,"47":43,"49":2,"59":7,"60":7,"73":7,"74":7,"84":5,"85":5,"86":1,"88":3,"89":3,"91":1},"path":"/Users/hihi/Desktop/6107/project/improved-amm/contracts/src/libraries/LiquidityAmounts.sol","s":{"1":51,"2":51,"3":51,"4":48,"5":48,"6":50,"7":50,"8":45,"9":43,"10":43,"11":7,"12":7,"13":7,"14":7,"15":5,"16":5,"17":4},"b":{"1":[1,50],"2":[1,47],"3":[3,47],"4":[5,45],"5":[43,2],"6":[2,41],"7":[1,6],"8":[1,6],"9":[1,4],"10":[1,4],"11":[3,1]},"f":{"1":51,"2":48,"3":50,"4":7,"5":7,"6":5},"fnMap":{"1":{"name":"getLiquidityForAmount0","line":12,"loc":{"start":{"line":12,"column":4},"end":{"line":20,"column":4}}},"2":{"name":"getLiquidityForAmount1","line":23,"loc":{"start":{"line":23,"column":4},"end":{"line":30,"column":4}}},"3":{"name":"getLiquidityForAmounts","line":33,"loc":{"start":{"line":33,"column":4},"end":{"line":51,"column":4}}},"4":{"name":"getAmount0ForLiquidity","line":54,"loc":{"start":{"line":54,"column":4},"end":{"line":65,"column":4}}},"5":{"name":"getAmount1ForLiquidity","line":68,"loc":{"start":{"line":68,"column":4},"end":{"line":75,"column":4}}},"6":{"name":"getAmountsForLiquidity","line":78,"loc":{"start":{"line":78,"column":4},"end":{"line":93,"column":4}}}},"statementMap":{"1":{"start":{"line":17,"column":8},"end":{"line":17,"column":106}},"2":{"start":{"line":18,"column":8},"end":{"line":18,"column":81}},"3":{"start":{"line":19,"column":8},"end":{"line":19,"column":104}},"4":{"start":{"line":28,"column":8},"end":{"line":28,"column":106}},"5":{"start":{"line":29,"column":8},"end":{"line":29,"column":95}},"6":{"start":{"line":40,"column":8},"end":{"line":40,"column":106}},"7":{"start":{"line":42,"column":8},"end":{"line":42,"column":1727}},"8":{"start":{"line":44,"column":15},"end":{"line":44,"column":1866}},"9":{"start":{"line":45,"column":12},"end":{"line":45,"column":93}},"10":{"start":{"line":46,"column":12},"end":{"line":46,"column":93}},"11":{"start":{"line":59,"column":8},"end":{"line":59,"column":106}},"12":{"start":{"line":60,"column":8},"end":{"line":60,"column":2662}},"13":{"start":{"line":73,"column":8},"end":{"line":73,"column":106}},"14":{"start":{"line":74,"column":8},"end":{"line":74,"column":77}},"15":{"start":{"line":84,"column":8},"end":{"line":84,"column":106}},"16":{"start":{"line":85,"column":8},"end":{"line":85,"column":3660}},"17":{"start":{"line":87,"column":15},"end":{"line":87,"column":3799}}},"branchMap":{"1":{"line":17,"type":"if","locations":[{"start":{"line":17,"column":8},"end":{"line":17,"column":8}},{"start":{"line":17,"column":8},"end":{"line":17,"column":8}}]},"2":{"line":28,"type":"if","locations":[{"start":{"line":28,"column":8},"end":{"line":28,"column":8}},{"start":{"line":28,"column":8},"end":{"line":28,"column":8}}]},"3":{"line":40,"type":"if","locations":[{"start":{"line":40,"column":8},"end":{"line":40,"column":8}},{"start":{"line":40,"column":8},"end":{"line":40,"column":8}}]},"4":{"line":42,"type":"if","locations":[{"start":{"line":42,"column":8},"end":{"line":42,"column":8}},{"start":{"line":42,"column":8},"end":{"line":42,"column":8}}]},"5":{"line":44,"type":"if","locations":[{"start":{"line":44,"column":15},"end":{"line":44,"column":15}},{"start":{"line":44,"column":15},"end":{"line":44,"column":15}}]},"6":{"line":47,"type":"if","locations":[{"start":{"line":47,"column":50},"end":{"line":47,"column":59}},{"start":{"line":47,"column":63},"end":{"line":47,"column":72}}]},"7":{"line":59,"type":"if","locations":[{"start":{"line":59,"column":8},"end":{"line":59,"column":8}},{"start":{"line":59,"column":8},"end":{"line":59,"column":8}}]},"8":{"line":73,"type":"if","locations":[{"start":{"line":73,"column":8},"end":{"line":73,"column":8}},{"start":{"line":73,"column":8},"end":{"line":73,"column":8}}]},"9":{"line":84,"type":"if","locations":[{"start":{"line":84,"column":8},"end":{"line":84,"column":8}},{"start":{"line":84,"column":8},"end":{"line":84,"column":8}}]},"10":{"line":85,"type":"if","locations":[{"start":{"line":85,"column":8},"end":{"line":85,"column":8}},{"start":{"line":85,"column":8},"end":{"line":85,"column":8}}]},"11":{"line":87,"type":"if","locations":[{"start":{"line":87,"column":15},"end":{"line":87,"column":15}},{"start":{"line":87,"column":15},"end":{"line":87,"column":15}}]}}},"contracts/src/libraries/LiquidityMath.sol":{"l":{"7":151,"8":22,"10":129},"path":"/Users/hihi/Desktop/6107/project/improved-amm/contracts/src/libraries/LiquidityMath.sol","s":{"1":151,"2":22,"3":129},"b":{"1":[22,129],"2":[22,0],"3":[129,0]},"f":{"1":151},"fnMap":{"1":{"name":"addDelta","line":6,"loc":{"start":{"line":6,"column":4},"end":{"line":12,"column":4}}}},"statementMap":{"1":{"start":{"line":7,"column":8},"end":{"line":7,"column":233}},"2":{"start":{"line":8,"column":12},"end":{"line":8,"column":51}},"3":{"start":{"line":10,"column":12},"end":{"line":10,"column":51}}},"branchMap":{"1":{"line":7,"type":"if","locations":[{"start":{"line":7,"column":8},"end":{"line":7,"column":8}},{"start":{"line":7,"column":8},"end":{"line":7,"column":8}}]},"2":{"line":8,"type":"if","locations":[{"start":{"line":8,"column":12},"end":{"line":8,"column":12}},{"start":{"line":8,"column":12},"end":{"line":8,"column":12}}]},"3":{"line":10,"type":"if","locations":[{"start":{"line":10,"column":12},"end":{"line":10,"column":12}},{"start":{"line":10,"column":12},"end":{"line":10,"column":12}}]}}},"contracts/src/libraries/Oracle.sol":{"l":{"23":125,"24":125,"26":123,"27":4,"29":119,"32":123,"33":123,"42":135,"43":135,"44":135,"59":30,"65":30,"74":6,"75":6,"76":5,"77":5,"79":5,"83":68,"84":0,"85":0,"86":0,"96":4,"97":4,"98":4,"99":4,"100":12,"101":12,"102":12,"103":7,"104":7,"105":7,"106":3,"120":29,"121":29,"122":4,"123":1,"125":3,"128":25,"129":25,"130":25,"131":4,"147":30,"148":30,"149":30,"150":30,"151":38,"166":38,"167":9,"168":9,"169":9,"171":29,"172":29,"174":8,"175":1,"177":3,"179":4,"180":4,"181":4,"182":4},"path":"/Users/hihi/Desktop/6107/project/improved-amm/contracts/src/libraries/Oracle.sol","s":{"1":125,"2":125,"3":2,"4":123,"5":135,"6":135,"7":30,"8":6,"9":6,"10":1,"11":5,"12":5,"13":68,"14":68,"15":0,"16":0,"17":0,"18":4,"19":4,"20":4,"21":4,"22":12,"23":7,"24":7,"25":3,"26":29,"27":4,"28":1,"29":3,"30":25,"31":25,"32":4,"33":30,"34":30,"35":38,"36":9,"37":9,"38":9,"39":29,"40":29,"41":8,"42":1,"43":7,"44":3,"45":4,"46":4,"47":4},"b":{"1":[2,123],"2":[4,119],"3":[6,0],"4":[1,5],"5":[68,0],"6":[0,0],"7":[0,0],"8":[5,7],"9":[4,3],"10":[0,3],"11":[4,25],"12":[1,3],"13":[5,20],"14":[4,21],"15":[30,0],"16":[9,29],"17":[9,0],"18":[1,7],"19":[3,4]},"f":{"1":125,"2":135,"3":30,"4":6,"5":68,"6":4,"7":29,"8":30,"9":38},"fnMap":{"1":{"name":"write","line":14,"loc":{"start":{"line":14,"column":4},"end":{"line":34,"column":4}}},"2":{"name":"transform","line":36,"loc":{"start":{"line":36,"column":4},"end":{"line":52,"column":4}}},"3":{"name":"initialize","line":55,"loc":{"start":{"line":55,"column":4},"end":{"line":66,"column":4}}},"4":{"name":"grow","line":69,"loc":{"start":{"line":69,"column":4},"end":{"line":80,"column":4}}},"5":{"name":"lte","line":82,"loc":{"start":{"line":82,"column":4},"end":{"line":87,"column":4}}},"6":{"name":"binarySearch","line":89,"loc":{"start":{"line":89,"column":4},"end":{"line":109,"column":4}}},"7":{"name":"getSurroundingObservations","line":111,"loc":{"start":{"line":111,"column":4},"end":{"line":132,"column":4}}},"8":{"name":"observe","line":135,"loc":{"start":{"line":135,"column":4},"end":{"line":155,"column":4}}},"9":{"name":"observeSingle","line":157,"loc":{"start":{"line":157,"column":4},"end":{"line":194,"column":4}}}},"statementMap":{"1":{"start":{"line":23,"column":8},"end":{"line":23,"column":45}},"2":{"start":{"line":24,"column":8},"end":{"line":24,"column":78}},"3":{"start":{"line":24,"column":51},"end":{"line":24,"column":78}},"4":{"start":{"line":26,"column":8},"end":{"line":26,"column":844}},"5":{"start":{"line":43,"column":12},"end":{"line":43,"column":63}},"6":{"start":{"line":44,"column":12},"end":{"line":44,"column":1465}},"7":{"start":{"line":65,"column":8},"end":{"line":65,"column":21}},"8":{"start":{"line":74,"column":8},"end":{"line":74,"column":27}},"9":{"start":{"line":75,"column":8},"end":{"line":75,"column":43}},"10":{"start":{"line":75,"column":29},"end":{"line":75,"column":43}},"11":{"start":{"line":76,"column":8},"end":{"line":76,"column":2557}},"12":{"start":{"line":79,"column":8},"end":{"line":79,"column":19}},"13":{"start":{"line":83,"column":8},"end":{"line":83,"column":49}},"14":{"start":{"line":83,"column":36},"end":{"line":83,"column":49}},"15":{"start":{"line":84,"column":8},"end":{"line":84,"column":54}},"16":{"start":{"line":85,"column":8},"end":{"line":85,"column":54}},"17":{"start":{"line":86,"column":8},"end":{"line":86,"column":37}},"18":{"start":{"line":96,"column":8},"end":{"line":96,"column":45}},"19":{"start":{"line":97,"column":8},"end":{"line":97,"column":39}},"20":{"start":{"line":98,"column":8},"end":{"line":98,"column":17}},"21":{"start":{"line":99,"column":8},"end":{"line":99,"column":3333}},"22":{"start":{"line":102,"column":12},"end":{"line":102,"column":64}},"23":{"start":{"line":104,"column":12},"end":{"line":104,"column":79}},"24":{"start":{"line":105,"column":12},"end":{"line":105,"column":85}},"25":{"start":{"line":106,"column":12},"end":{"line":106,"column":3742}},"26":{"start":{"line":121,"column":8},"end":{"line":121,"column":4157}},"27":{"start":{"line":122,"column":12},"end":{"line":122,"column":4225}},"28":{"start":{"line":123,"column":16},"end":{"line":123,"column":46}},"29":{"start":{"line":125,"column":16},"end":{"line":125,"column":83}},"30":{"start":{"line":129,"column":8},"end":{"line":129,"column":57}},"31":{"start":{"line":130,"column":8},"end":{"line":130,"column":67}},"32":{"start":{"line":131,"column":8},"end":{"line":131,"column":67}},"33":{"start":{"line":147,"column":8},"end":{"line":147,"column":31}},"34":{"start":{"line":150,"column":8},"end":{"line":150,"column":5335}},"35":{"start":{"line":166,"column":8},"end":{"line":166,"column":5904}},"36":{"start":{"line":167,"column":12},"end":{"line":167,"column":49}},"37":{"start":{"line":168,"column":12},"end":{"line":168,"column":90}},"38":{"start":{"line":169,"column":12},"end":{"line":169,"column":80}},"39":{"start":{"line":171,"column":8},"end":{"line":171,"column":41}},"40":{"start":{"line":172,"column":8},"end":{"line":172,"column":6300}},"41":{"start":{"line":174,"column":8},"end":{"line":174,"column":6382}},"42":{"start":{"line":175,"column":12},"end":{"line":175,"column":92}},"43":{"start":{"line":176,"column":15},"end":{"line":176,"column":6534}},"44":{"start":{"line":177,"column":12},"end":{"line":177,"column":90}},"45":{"start":{"line":180,"column":16},"end":{"line":180,"column":98}},"46":{"start":{"line":181,"column":16},"end":{"line":181,"column":71}},"47":{"start":{"line":182,"column":16},"end":{"line":182,"column":6907}}},"branchMap":{"1":{"line":24,"type":"if","locations":[{"start":{"line":24,"column":8},"end":{"line":24,"column":8}},{"start":{"line":24,"column":8},"end":{"line":24,"column":8}}]},"2":{"line":26,"type":"if","locations":[{"start":{"line":26,"column":8},"end":{"line":26,"column":8}},{"start":{"line":26,"column":8},"end":{"line":26,"column":8}}]},"3":{"line":74,"type":"if","locations":[{"start":{"line":74,"column":8},"end":{"line":74,"column":8}},{"start":{"line":74,"column":8},"end":{"line":74,"column":8}}]},"4":{"line":75,"type":"if","locations":[{"start":{"line":75,"column":8},"end":{"line":75,"column":8}},{"start":{"line":75,"column":8},"end":{"line":75,"column":8}}]},"5":{"line":83,"type":"if","locations":[{"start":{"line":83,"column":8},"end":{"line":83,"column":8}},{"start":{"line":83,"column":8},"end":{"line":83,"column":8}}]},"6":{"line":84,"type":"if","locations":[{"start":{"line":84,"column":39},"end":{"line":84,"column":39}},{"start":{"line":84,"column":43},"end":{"line":84,"column":53}}]},"7":{"line":85,"type":"if","locations":[{"start":{"line":85,"column":39},"end":{"line":85,"column":39}},{"start":{"line":85,"column":43},"end":{"line":85,"column":53}}]},"8":{"line":102,"type":"if","locations":[{"start":{"line":102,"column":12},"end":{"line":102,"column":12}},{"start":{"line":102,"column":12},"end":{"line":102,"column":12}}]},"9":{"line":105,"type":"if","locations":[{"start":{"line":105,"column":12},"end":{"line":105,"column":12}},{"start":{"line":105,"column":12},"end":{"line":105,"column":12}}]},"10":{"line":106,"type":"if","locations":[{"start":{"line":106,"column":12},"end":{"line":106,"column":12}},{"start":{"line":106,"column":12},"end":{"line":106,"column":12}}]},"11":{"line":121,"type":"if","locations":[{"start":{"line":121,"column":8},"end":{"line":121,"column":8}},{"start":{"line":121,"column":8},"end":{"line":121,"column":8}}]},"12":{"line":122,"type":"if","locations":[{"start":{"line":122,"column":12},"end":{"line":122,"column":12}},{"start":{"line":122,"column":12},"end":{"line":122,"column":12}}]},"13":{"line":129,"type":"if","locations":[{"start":{"line":129,"column":8},"end":{"line":129,"column":8}},{"start":{"line":129,"column":8},"end":{"line":129,"column":8}}]},"14":{"line":130,"type":"if","locations":[{"start":{"line":130,"column":8},"end":{"line":130,"column":8}},{"start":{"line":130,"column":8},"end":{"line":130,"column":8}}]},"15":{"line":147,"type":"if","locations":[{"start":{"line":147,"column":8},"end":{"line":147,"column":8}},{"start":{"line":147,"column":8},"end":{"line":147,"column":8}}]},"16":{"line":166,"type":"if","locations":[{"start":{"line":166,"column":8},"end":{"line":166,"column":8}},{"start":{"line":166,"column":8},"end":{"line":166,"column":8}}]},"17":{"line":168,"type":"if","locations":[{"start":{"line":168,"column":12},"end":{"line":168,"column":12}},{"start":{"line":168,"column":12},"end":{"line":168,"column":12}}]},"18":{"line":174,"type":"if","locations":[{"start":{"line":174,"column":8},"end":{"line":174,"column":8}},{"start":{"line":174,"column":8},"end":{"line":174,"column":8}}]},"19":{"line":176,"type":"if","locations":[{"start":{"line":176,"column":15},"end":{"line":176,"column":15}},{"start":{"line":176,"column":15},"end":{"line":176,"column":15}}]}}},"contracts/src/libraries/Position.sol":{"l":{"23":85,"32":60,"33":60,"34":60,"35":9,"36":9,"38":51,"44":60,"45":60,"48":60,"52":60,"53":60,"54":60,"55":60,"56":7,"57":7},"path":"/Users/hihi/Desktop/6107/project/improved-amm/contracts/src/libraries/Position.sol","s":{"1":60,"2":60,"3":60,"4":9,"5":60,"6":60,"7":60,"8":60},"b":{"1":[9,51],"2":[9,0],"3":[7,44],"4":[51,9],"5":[7,53],"6":[7,0]},"f":{"1":85,"2":60},"fnMap":{"1":{"name":"get","line":17,"loc":{"start":{"line":17,"column":4},"end":{"line":24,"column":4}}},"2":{"name":"update","line":26,"loc":{"start":{"line":26,"column":4},"end":{"line":60,"column":4}}}},"statementMap":{"1":{"start":{"line":32,"column":8},"end":{"line":32,"column":32}},"2":{"start":{"line":33,"column":8},"end":{"line":33,"column":29}},"3":{"start":{"line":34,"column":8},"end":{"line":34,"column":904}},"4":{"start":{"line":35,"column":12},"end":{"line":35,"column":39}},"5":{"start":{"line":45,"column":12},"end":{"line":45,"column":1302}},"6":{"start":{"line":48,"column":12},"end":{"line":48,"column":1512}},"7":{"start":{"line":52,"column":12},"end":{"line":52,"column":67}},"8":{"start":{"line":55,"column":12},"end":{"line":55,"column":1923}}},"branchMap":{"1":{"line":34,"type":"if","locations":[{"start":{"line":34,"column":8},"end":{"line":34,"column":8}},{"start":{"line":34,"column":8},"end":{"line":34,"column":8}}]},"2":{"line":35,"type":"if","locations":[{"start":{"line":35,"column":12},"end":{"line":35,"column":12}},{"start":{"line":35,"column":12},"end":{"line":35,"column":12}}]},"3":{"line":39,"type":"if","locations":[{"start":{"line":39,"column":18},"end":{"line":39,"column":59}},{"start":{"line":40,"column":18},"end":{"line":40,"column":58}}]},"4":{"line":52,"type":"if","locations":[{"start":{"line":52,"column":12},"end":{"line":52,"column":12}},{"start":{"line":52,"column":12},"end":{"line":52,"column":12}}]},"5":{"line":55,"type":"if","locations":[{"start":{"line":55,"column":12},"end":{"line":55,"column":12}},{"start":{"line":55,"column":12},"end":{"line":55,"column":12}}]},"6":{"line":55,"type":"cond-expr","locations":[{"start":{"line":55,"column":16},"end":{"line":55,"column":30}},{"start":{"line":55,"column":35},"end":{"line":55,"column":49}}]}}},"contracts/src/libraries/SafeCast.sol":{"l":{"7":80,"11":62,"15":424,"16":423,"20":219},"path":"/Users/hihi/Desktop/6107/project/improved-amm/contracts/src/libraries/SafeCast.sol","s":{"1":80,"2":62,"3":424,"4":219},"b":{"1":[79,1],"2":[61,1],"3":[423,1],"4":[218,1]},"f":{"1":80,"2":62,"3":424,"4":219},"fnMap":{"1":{"name":"toUint160","line":6,"loc":{"start":{"line":6,"column":4},"end":{"line":8,"column":4}}},"2":{"name":"toInt128","line":10,"loc":{"start":{"line":10,"column":4},"end":{"line":12,"column":4}}},"3":{"name":"toInt256","line":14,"loc":{"start":{"line":14,"column":4},"end":{"line":17,"column":4}}},"4":{"name":"toUint128","line":19,"loc":{"start":{"line":19,"column":4},"end":{"line":21,"column":4}}}},"statementMap":{"1":{"start":{"line":7,"column":8},"end":{"line":7,"column":37}},"2":{"start":{"line":11,"column":8},"end":{"line":11,"column":36}},"3":{"start":{"line":15,"column":8},"end":{"line":15,"column":28}},"4":{"start":{"line":20,"column":8},"end":{"line":20,"column":37}}},"branchMap":{"1":{"line":7,"type":"if","locations":[{"start":{"line":7,"column":8},"end":{"line":7,"column":8}},{"start":{"line":7,"column":8},"end":{"line":7,"column":8}}]},"2":{"line":11,"type":"if","locations":[{"start":{"line":11,"column":8},"end":{"line":11,"column":8}},{"start":{"line":11,"column":8},"end":{"line":11,"column":8}}]},"3":{"line":15,"type":"if","locations":[{"start":{"line":15,"column":8},"end":{"line":15,"column":8}},{"start":{"line":15,"column":8},"end":{"line":15,"column":8}}]},"4":{"line":20,"type":"if","locations":[{"start":{"line":20,"column":8},"end":{"line":20,"column":8}},{"start":{"line":20,"column":8},"end":{"line":20,"column":8}}]}}},"contracts/src/libraries/SqrtPriceMath.sol":{"l":{"20":275,"21":275,"22":275,"23":275,"24":275,"36":244,"37":244,"48":49,"58":50,"70":78,"71":78,"83":6,"84":6,"95":58,"96":58,"97":58,"98":58,"99":58,"100":58,"101":58,"102":58,"103":58,"106":0,"109":0,"110":0,"111":0,"112":0,"113":0,"124":26,"125":20,"128":20,"130":6,"133":6,"134":6},"path":"/Users/hihi/Desktop/6107/project/improved-amm/contracts/src/libraries/SqrtPriceMath.sol","s":{"1":275,"2":275,"3":275,"4":275,"5":275,"6":244,"7":244,"8":49,"9":50,"10":78,"11":78,"12":6,"13":6,"14":58,"15":0,"16":58,"17":58,"18":58,"19":58,"20":58,"21":58,"22":58,"23":0,"24":0,"25":0,"26":0,"27":0,"28":26,"29":20,"30":20,"31":6,"32":6,"33":6},"b":{"1":[0,275],"2":[275,0],"3":[186,89],"4":[0,244],"5":[145,99],"6":[7,42],"7":[7,43],"8":[78,0],"9":[58,20],"10":[6,0],"11":[6,0],"12":[0,58],"13":[58,0],"14":[58,0],"15":[58,0],"16":[0,0],"17":[20,6],"18":[20,0],"19":[6,0],"20":[6,0]},"f":{"1":275,"2":244,"3":49,"4":50,"5":78,"6":6,"7":58,"8":26},"fnMap":{"1":{"name":"getAmount0Delta","line":14,"loc":{"start":{"line":14,"column":4},"end":{"line":27,"column":4}}},"2":{"name":"getAmount1Delta","line":30,"loc":{"start":{"line":30,"column":4},"end":{"line":40,"column":4}}},"3":{"name":"getAmount0Delta","line":43,"loc":{"start":{"line":43,"column":4},"end":{"line":51,"column":4}}},"4":{"name":"getAmount1Delta","line":53,"loc":{"start":{"line":53,"column":4},"end":{"line":61,"column":4}}},"5":{"name":"getNextSqrtPriceFromInput","line":64,"loc":{"start":{"line":64,"column":4},"end":{"line":74,"column":4}}},"6":{"name":"getNextSqrtPriceFromOutput","line":77,"loc":{"start":{"line":77,"column":4},"end":{"line":87,"column":4}}},"7":{"name":"getNextSqrtPriceFromAmount0RoundingUp","line":89,"loc":{"start":{"line":89,"column":4},"end":{"line":116,"column":4}}},"8":{"name":"getNextSqrtPriceFromAmount1RoundingDown","line":118,"loc":{"start":{"line":118,"column":4},"end":{"line":136,"column":4}}}},"statementMap":{"1":{"start":{"line":20,"column":8},"end":{"line":20,"column":106}},"2":{"start":{"line":21,"column":8},"end":{"line":21,"column":53}},"3":{"start":{"line":22,"column":8},"end":{"line":22,"column":58}},"4":{"start":{"line":23,"column":8},"end":{"line":23,"column":33}},"5":{"start":{"line":24,"column":8},"end":{"line":24,"column":937}},"6":{"start":{"line":36,"column":8},"end":{"line":36,"column":106}},"7":{"start":{"line":37,"column":8},"end":{"line":37,"column":1555}},"8":{"start":{"line":48,"column":8},"end":{"line":48,"column":1995}},"9":{"start":{"line":58,"column":8},"end":{"line":58,"column":2388}},"10":{"start":{"line":70,"column":8},"end":{"line":70,"column":45}},"11":{"start":{"line":71,"column":8},"end":{"line":71,"column":2936}},"12":{"start":{"line":83,"column":8},"end":{"line":83,"column":45}},"13":{"start":{"line":84,"column":8},"end":{"line":84,"column":3477}},"14":{"start":{"line":95,"column":8},"end":{"line":95,"column":40}},"15":{"start":{"line":95,"column":25},"end":{"line":95,"column":40}},"16":{"start":{"line":96,"column":8},"end":{"line":96,"column":53}},"17":{"start":{"line":97,"column":8},"end":{"line":97,"column":3895}},"18":{"start":{"line":99,"column":16},"end":{"line":99,"column":51}},"19":{"start":{"line":100,"column":16},"end":{"line":100,"column":4007}},"20":{"start":{"line":101,"column":20},"end":{"line":101,"column":62}},"21":{"start":{"line":102,"column":20},"end":{"line":102,"column":4131}},"22":{"start":{"line":103,"column":24},"end":{"line":103,"column":111}},"23":{"start":{"line":106,"column":16},"end":{"line":106,"column":117}},"24":{"start":{"line":110,"column":16},"end":{"line":110,"column":51}},"25":{"start":{"line":111,"column":16},"end":{"line":111,"column":76}},"26":{"start":{"line":112,"column":16},"end":{"line":112,"column":58}},"27":{"start":{"line":113,"column":16},"end":{"line":113,"column":103}},"28":{"start":{"line":124,"column":8},"end":{"line":124,"column":5002}},"29":{"start":{"line":125,"column":12},"end":{"line":125,"column":5074}},"30":{"start":{"line":128,"column":12},"end":{"line":128,"column":67}},"31":{"start":{"line":130,"column":12},"end":{"line":130,"column":5333}},"32":{"start":{"line":133,"column":12},"end":{"line":133,"column":39}},"33":{"start":{"line":134,"column":24},"end":{"line":134,"column":59}}},"branchMap":{"1":{"line":20,"type":"if","locations":[{"start":{"line":20,"column":8},"end":{"line":20,"column":8}},{"start":{"line":20,"column":8},"end":{"line":20,"column":8}}]},"2":{"line":23,"type":"if","locations":[{"start":{"line":23,"column":8},"end":{"line":23,"column":8}},{"start":{"line":23,"column":8},"end":{"line":23,"column":8}}]},"3":{"line":25,"type":"if","locations":[{"start":{"line":25,"column":14},"end":{"line":25,"column":122}},{"start":{"line":26,"column":14},"end":{"line":26,"column":102}}]},"4":{"line":36,"type":"if","locations":[{"start":{"line":36,"column":8},"end":{"line":36,"column":8}},{"start":{"line":36,"column":8},"end":{"line":36,"column":8}}]},"5":{"line":38,"type":"if","locations":[{"start":{"line":38,"column":14},"end":{"line":38,"column":85}},{"start":{"line":39,"column":14},"end":{"line":39,"column":75}}]},"6":{"line":49,"type":"if","locations":[{"start":{"line":49,"column":14},"end":{"line":49,"column":95}},{"start":{"line":50,"column":15},"end":{"line":50,"column":93}}]},"7":{"line":59,"type":"if","locations":[{"start":{"line":59,"column":14},"end":{"line":59,"column":95}},{"start":{"line":60,"column":15},"end":{"line":60,"column":93}}]},"8":{"line":70,"type":"if","locations":[{"start":{"line":70,"column":8},"end":{"line":70,"column":8}},{"start":{"line":70,"column":8},"end":{"line":70,"column":8}}]},"9":{"line":72,"type":"if","locations":[{"start":{"line":72,"column":14},"end":{"line":72,"column":87}},{"start":{"line":73,"column":14},"end":{"line":73,"column":89}}]},"10":{"line":83,"type":"if","locations":[{"start":{"line":83,"column":8},"end":{"line":83,"column":8}},{"start":{"line":83,"column":8},"end":{"line":83,"column":8}}]},"11":{"line":85,"type":"if","locations":[{"start":{"line":85,"column":14},"end":{"line":85,"column":91}},{"start":{"line":86,"column":14},"end":{"line":86,"column":89}}]},"12":{"line":95,"type":"if","locations":[{"start":{"line":95,"column":8},"end":{"line":95,"column":8}},{"start":{"line":95,"column":8},"end":{"line":95,"column":8}}]},"13":{"line":97,"type":"if","locations":[{"start":{"line":97,"column":8},"end":{"line":97,"column":8}},{"start":{"line":97,"column":8},"end":{"line":97,"column":8}}]},"14":{"line":100,"type":"if","locations":[{"start":{"line":100,"column":16},"end":{"line":100,"column":16}},{"start":{"line":100,"column":16},"end":{"line":100,"column":16}}]},"15":{"line":102,"type":"if","locations":[{"start":{"line":102,"column":20},"end":{"line":102,"column":20}},{"start":{"line":102,"column":20},"end":{"line":102,"column":20}}]},"16":{"line":111,"type":"if","locations":[{"start":{"line":111,"column":16},"end":{"line":111,"column":16}},{"start":{"line":111,"column":16},"end":{"line":111,"column":16}}]},"17":{"line":124,"type":"if","locations":[{"start":{"line":124,"column":8},"end":{"line":124,"column":8}},{"start":{"line":124,"column":8},"end":{"line":124,"column":8}}]},"18":{"line":126,"type":"if","locations":[{"start":{"line":126,"column":18},"end":{"line":126,"column":43}},{"start":{"line":127,"column":18},"end":{"line":127,"column":56}}]},"19":{"line":131,"type":"if","locations":[{"start":{"line":131,"column":18},"end":{"line":131,"column":66}},{"start":{"line":132,"column":18},"end":{"line":132,"column":66}}]},"20":{"line":133,"type":"if","locations":[{"start":{"line":133,"column":12},"end":{"line":133,"column":12}},{"start":{"line":133,"column":12},"end":{"line":133,"column":12}}]}}},"contracts/src/libraries/SwapMath.sol":{"l":{"31":168,"32":168,"34":168,"35":159,"36":159,"40":159,"41":81,"43":78,"48":9,"52":9,"53":3,"55":6,"61":168,"63":168,"64":86,"67":86,"71":82,"74":82,"80":168,"81":0,"84":168,"86":78,"88":90},"path":"/Users/hihi/Desktop/6107/project/improved-amm/contracts/src/libraries/SwapMath.sol","s":{"1":168,"2":168,"3":168,"4":159,"5":159,"6":9,"7":168,"8":168,"9":168,"10":168},"b":{"1":[159,9],"2":[77,82],"3":[81,78],"4":[9,0],"5":[3,6],"6":[86,82],"7":[19,67],"8":[3,83],"9":[62,20],"10":[0,82],"11":[0,168],"12":[78,90]},"f":{"1":168},"fnMap":{"1":{"name":"computeSwapStep","line":19,"loc":{"start":{"line":19,"column":4},"end":{"line":90,"column":4}}}},"statementMap":{"1":{"start":{"line":31,"column":8},"end":{"line":31,"column":67}},"2":{"start":{"line":32,"column":8},"end":{"line":32,"column":43}},"3":{"start":{"line":34,"column":8},"end":{"line":34,"column":1326}},"4":{"start":{"line":35,"column":12},"end":{"line":35,"column":106}},"5":{"start":{"line":40,"column":12},"end":{"line":40,"column":1713}},"6":{"start":{"line":52,"column":12},"end":{"line":52,"column":2307}},"7":{"start":{"line":61,"column":8},"end":{"line":61,"column":57}},"8":{"start":{"line":63,"column":8},"end":{"line":63,"column":2704}},"9":{"start":{"line":80,"column":8},"end":{"line":80,"column":3494}},"10":{"start":{"line":84,"column":8},"end":{"line":84,"column":3621}}},"branchMap":{"1":{"line":34,"type":"if","locations":[{"start":{"line":34,"column":8},"end":{"line":34,"column":8}},{"start":{"line":34,"column":8},"end":{"line":34,"column":8}}]},"2":{"line":37,"type":"if","locations":[{"start":{"line":37,"column":18},"end":{"line":37,"column":104}},{"start":{"line":38,"column":18},"end":{"line":38,"column":104}}]},"3":{"line":40,"type":"if","locations":[{"start":{"line":40,"column":12},"end":{"line":40,"column":12}},{"start":{"line":40,"column":12},"end":{"line":40,"column":12}}]},"4":{"line":49,"type":"if","locations":[{"start":{"line":49,"column":18},"end":{"line":49,"column":105}},{"start":{"line":50,"column":18},"end":{"line":50,"column":105}}]},"5":{"line":52,"type":"if","locations":[{"start":{"line":52,"column":12},"end":{"line":52,"column":12}},{"start":{"line":52,"column":12},"end":{"line":52,"column":12}}]},"6":{"line":63,"type":"if","locations":[{"start":{"line":63,"column":8},"end":{"line":63,"column":8}},{"start":{"line":63,"column":8},"end":{"line":63,"column":8}}]},"7":{"line":65,"type":"if","locations":[{"start":{"line":65,"column":18},"end":{"line":65,"column":25}},{"start":{"line":66,"column":18},"end":{"line":66,"column":102}}]},"8":{"line":68,"type":"if","locations":[{"start":{"line":68,"column":18},"end":{"line":68,"column":26}},{"start":{"line":69,"column":18},"end":{"line":69,"column":103}}]},"9":{"line":72,"type":"if","locations":[{"start":{"line":72,"column":18},"end":{"line":72,"column":25}},{"start":{"line":73,"column":18},"end":{"line":73,"column":102}}]},"10":{"line":75,"type":"if","locations":[{"start":{"line":75,"column":18},"end":{"line":75,"column":26}},{"start":{"line":76,"column":18},"end":{"line":76,"column":103}}]},"11":{"line":80,"type":"if","locations":[{"start":{"line":80,"column":8},"end":{"line":80,"column":8}},{"start":{"line":80,"column":8},"end":{"line":80,"column":8}}]},"12":{"line":84,"type":"if","locations":[{"start":{"line":84,"column":8},"end":{"line":84,"column":8}},{"start":{"line":84,"column":8},"end":{"line":84,"column":8}}]}}},"contracts/src/libraries/Tick.sol":{"l":{"21":33,"22":33,"23":33,"24":33,"36":60,"37":60,"39":60,"40":60,"41":60,"42":59,"43":59,"45":1,"46":1,"47":1,"51":60,"52":60,"53":60,"54":58,"55":58,"57":2,"58":2,"59":2,"63":60,"64":60,"65":60,"80":102,"81":102,"82":102,"83":102,"84":102,"85":102,"87":74,"88":38,"89":38,"91":74,"93":102,"94":102,"95":102,"103":2,"113":1,"114":1,"115":1,"116":1,"118":1},"path":"/Users/hihi/Desktop/6107/project/improved-amm/contracts/src/libraries/Tick.sol","s":{"1":33,"2":33,"3":33,"4":33,"5":60,"6":60,"7":60,"8":60,"9":60,"10":60,"11":60,"12":60,"13":102,"14":102,"15":102,"16":102,"17":102,"18":74,"19":1},"b":{"1":[59,1],"2":[58,2],"3":[102,0],"4":[74,28],"5":[38,36],"6":[51,51]},"f":{"1":33,"2":60,"3":102,"4":2,"5":1},"fnMap":{"1":{"name":"tickSpacingToMaxLiquidityPerTick","line":20,"loc":{"start":{"line":20,"column":4},"end":{"line":25,"column":4}}},"2":{"name":"getFeeGrowthInside","line":28,"loc":{"start":{"line":28,"column":4},"end":{"line":67,"column":4}}},"3":{"name":"update","line":70,"loc":{"start":{"line":70,"column":4},"end":{"line":99,"column":4}}},"4":{"name":"clear","line":102,"loc":{"start":{"line":102,"column":4},"end":{"line":104,"column":4}}},"5":{"name":"cross","line":107,"loc":{"start":{"line":107,"column":4},"end":{"line":119,"column":4}}}},"statementMap":{"1":{"start":{"line":21,"column":8},"end":{"line":21,"column":68}},"2":{"start":{"line":22,"column":8},"end":{"line":22,"column":32}},"3":{"start":{"line":23,"column":8},"end":{"line":23,"column":71}},"4":{"start":{"line":24,"column":8},"end":{"line":24,"column":43}},"5":{"start":{"line":36,"column":8},"end":{"line":36,"column":49}},"6":{"start":{"line":37,"column":8},"end":{"line":37,"column":49}},"7":{"start":{
[...]
umn":61}},"32":{"start":{"line":247,"column":8},"end":{"line":247,"column":34}},"33":{"start":{"line":250,"column":8},"end":{"line":250,"column":97}},"34":{"start":{"line":252,"column":8},"end":{"line":252,"column":27}},"35":{"start":{"line":257,"column":8},"end":{"line":257,"column":82}},"36":{"start":{"line":272,"column":8},"end":{"line":272,"column":61}},"37":{"start":{"line":276,"column":8},"end":{"line":276,"column":65}},"38":{"start":{"line":277,"column":8},"end":{"line":277,"column":34}},"39":{"start":{"line":278,"column":8},"end":{"line":278,"column":93}},"40":{"start":{"line":281,"column":8},"end":{"line":281,"column":49}},"41":{"start":{"line":282,"column":8},"end":{"line":282,"column":27}},"42":{"start":{"line":284,"column":8},"end":{"line":284,"column":96}},"43":{"start":{"line":285,"column":8},"end":{"line":285,"column":96}},"44":{"start":{"line":291,"column":8},"end":{"line":291,"column":65}},"45":{"start":{"line":299,"column":8},"end":{"line":299,"column":34}},"46":{"start":{"line":305,"column":8},"end":{"line":305,"column":31}},"47":{"start":{"line":317,"column":8},"end":{"line":317,"column":54}},"48":{"start":{"line":318,"column":8},"end":{"line":318,"column":63}},"49":{"start":{"line":343,"column":8},"end":{"line":343,"column":61}},"50":{"start":{"line":344,"column":8},"end":{"line":344,"column":50}},"51":{"start":{"line":345,"column":8},"end":{"line":345,"column":50}},"52":{"start":{"line":351,"column":8},"end":{"line":351,"column":100}},"53":{"start":{"line":353,"column":12},"end":{"line":353,"column":58}},"54":{"start":{"line":354,"column":12},"end":{"line":354,"column":58}},"55":{"start":{"line":355,"column":12},"end":{"line":355,"column":15298}}},"branchMap":{"1":{"line":103,"type":"if","locations":[{"start":{"line":103,"column":8},"end":{"line":103,"column":8}},{"start":{"line":103,"column":8},"end":{"line":103,"column":8}}]},"2":{"line":108,"type":"if","locations":[{"start":{"line":108,"column":8},"end":{"line":108,"column":8}},{"start":{"line":108,"column":8},"end":{"line":108,"column":8}}]},"3":{"line":123,"type":"if","locations":[{"start":{"line":123,"column":8},"end":{"line":123,"column":8}},{"start":{"line":123,"column":8},"end":{"line":123,"column":8}}]},"4":{"line":124,"type":"if","locations":[{"start":{"line":124,"column":8},"end":{"line":124,"column":8}},{"start":{"line":124,"column":8},"end":{"line":124,"column":8}}]},"5":{"line":125,"type":"if","locations":[{"start":{"line":125,"column":8},"end":{"line":125,"column":8}},{"start":{"line":125,"column":8},"end":{"line":125,"column":8}}]},"6":{"line":139,"type":"if","locations":[{"start":{"line":139,"column":8},"end":{"line":139,"column":8}},{"start":{"line":139,"column":8},"end":{"line":139,"column":8}}]},"7":{"line":143,"type":"if","locations":[{"start":{"line":143,"column":8},"end":{"line":143,"column":8}},{"start":{"line":143,"column":8},"end":{"line":143,"column":8}}]},"8":{"line":148,"type":"if","locations":[{"start":{"line":148,"column":14},"end":{"line":148,"column":43}},{"start":{"line":149,"column":14},"end":{"line":149,"column":43}}]},"9":{"line":160,"type":"if","locations":[{"start":{"line":160,"column":8},"end":{"line":160,"column":8}},{"start":{"line":160,"column":8},"end":{"line":160,"column":8}}]},"10":{"line":170,"type":"if","locations":[{"start":{"line":170,"column":8},"end":{"line":170,"column":8}},{"start":{"line":170,"column":8},"end":{"line":170,"column":8}}]},"11":{"line":170,"type":"cond-expr","locations":[{"start":{"line":170,"column":12},"end":{"line":170,"column":38}},{"start":{"line":170,"column":43},"end":{"line":170,"column":69}}]},"12":{"line":199,"type":"if","locations":[{"start":{"line":199,"column":8},"end":{"line":199,"column":8}},{"start":{"line":199,"column":8},"end":{"line":199,"column":8}}]},"13":{"line":200,"type":"if","locations":[{"start":{"line":200,"column":8},"end":{"line":200,"column":8}},{"start":{"line":200,"column":8},"end":{"line":200,"column":8}}]},"14":{"line":214,"type":"if","locations":[{"start":{"line":214,"column":8},"end":{"line":214,"column":8}},{"start":{"line":214,"column":8},"end":{"line":214,"column":8}}]},"15":{"line":225,"type":"if","locations":[{"start":{"line":225,"column":8},"end":{"line":225,"column":8}},{"start":{"line":225,"column":8},"end":{"line":225,"column":8}}]},"16":{"line":225,"type":"cond-expr","locations":[{"start":{"line":225,"column":12},"end":{"line":225,"column":38}},{"start":{"line":225,"column":43},"end":{"line":225,"column":69}}]},"17":{"line":241,"type":"if","locations":[{"start":{"line":241,"column":8},"end":{"line":241,"column":8}},{"start":{"line":241,"column":8},"end":{"line":241,"column":8}}]},"18":{"line":242,"type":"if","locations":[{"start":{"line":242,"column":8},"end":{"line":242,"column":8}},{"start":{"line":242,"column":8},"end":{"line":242,"column":8}}]},"19":{"line":245,"type":"if","locations":[{"start":{"line":245,"column":8},"end":{"line":245,"column":8}},{"start":{"line":245,"column":8},"end":{"line":245,"column":8}}]},"20":{"line":250,"type":"if","locations":[{"start":{"line":250,"column":8},"end":{"line":250,"column":8}},{"start":{"line":250,"column":8},"end":{"line":250,"column":8}}]},"21":{"line":250,"type":"cond-expr","locations":[{"start":{"line":250,"column":12},"end":{"line":250,"column":38}},{"start":{"line":250,"column":43},"end":{"line":250,"column":69}}]},"22":{"line":269,"type":"if","locations":[{"start":{"line":269,"column":8},"end":{"line":269,"column":8}},{"start":{"line":269,"column":8},"end":{"line":269,"column":8}}]},"23":{"line":276,"type":"if","locations":[{"start":{"line":276,"column":8},"end":{"line":276,"column":8}},{"start":{"line":276,"column":8},"end":{"line":276,"column":8}}]},"24":{"line":278,"type":"if","locations":[{"start":{"line":278,"column":61},"end":{"line":278,"column":73}},{"start":{"line":278,"column":77},"end":{"line":278,"column":92}}]},"25":{"line":284,"type":"if","locations":[{"start":{"line":284,"column":61},"end":{"line":284,"column":77}},{"start":{"line":284,"column":81},"end":{"line":284,"column":95}}]},"26":{"line":285,"type":"if","locations":[{"start":{"line":285,"column":61},"end":{"line":285,"column":77}},{"start":{"line":285,"column":81},"end":{"line":285,"column":95}}]},"27":{"line":355,"type":"if","locations":[{"start":{"line":355,"column":12},"end":{"line":355,"column":12}},{"start":{"line":355,"column":12},"end":{"line":355,"column":12}}]},"28":{"line":355,"type":"cond-expr","locations":[{"start":{"line":355,"column":16},"end":{"line":355,"column":50}},{"start":{"line":355,"column":55},"end":{"line":355,"column":89}}]}}},"contracts/src/periphery/Quoter.sol":{"l":{"18":6,"29":4,"32":4,"56":4,"57":4,"58":4,"60":3,"69":3,"88":2,"89":2,"90":2,"92":2,"101":2,"106":5,"107":1,"108":0,"109":0,"111":4},"path":"/Users/hihi/Desktop/6107/project/improved-amm/contracts/src/periphery/Quoter.sol","s":{"1":4,"2":4,"3":4,"4":4,"5":3,"6":2,"7":2,"8":2,"9":2,"10":5,"11":1,"12":1,"13":0,"14":4},"b":{"1":[0,4],"2":[3,1],"3":[2,0],"4":[1,4],"5":[1,0]},"f":{"1":6,"2":4,"3":4,"4":2,"5":5},"fnMap":{"1":{"name":"constructor","line":17,"loc":{"start":{"line":17,"column":4},"end":{"line":19,"column":4}}},"2":{"name":"uniswapV3SwapCallback","line":22,"loc":{"start":{"line":22,"column":4},"end":{"line":37,"column":4}}},"3":{"name":"quoteExactInputSingle","line":49,"loc":{"start":{"line":49,"column":4},"end":{"line":71,"column":4}}},"4":{"name":"quoteExactOutputSingle","line":81,"loc":{"start":{"line":81,"column":4},"end":{"line":103,"column":4}}},"5":{"name":"_parseRevertReason","line":105,"loc":{"start":{"line":105,"column":4},"end":{"line":112,"column":4}}}},"statementMap":{"1":{"start":{"line":29,"column":8},"end":{"line":29,"column":1083}},"2":{"start":{"line":56,"column":8},"end":{"line":56,"column":44}},"3":{"start":{"line":57,"column":8},"end":{"line":57,"column":66}},"4":{"start":{"line":58,"column":8},"end":{"line":58,"column":56}},"5":{"start":{"line":60,"column":8},"end":{"line":60,"column":2433}},"6":{"start":{"line":88,"column":8},"end":{"line":88,"column":44}},"7":{"start":{"line":89,"column":8},"end":{"line":89,"column":66}},"8":{"start":{"line":90,"column":8},"end":{"line":90,"column":56}},"9":{"start":{"line":92,"column":8},"end":{"line":92,"column":3743}},"10":{"start":{"line":106,"column":8},"end":{"line":106,"column":4254}},"11":{"start":{"line":107,"column":12},"end":{"line":107,"column":63}},"12":{"start":{"line":107,"column":36},"end":{"line":107,"column":62}},"13":{"start":{"line":109,"column":12},"end":{"line":109,"column":33}},"14":{"start":{"line":111,"column":8},"end":{"line":111,"column":44}}},"branchMap":{"1":{"line":30,"type":"if","locations":[{"start":{"line":30,"column":14},"end":{"line":30,"column":35}},{"start":{"line":31,"column":14},"end":{"line":31,"column":35}}]},"2":{"line":58,"type":"if","locations":[{"start":{"line":58,"column":8},"end":{"line":58,"column":8}},{"start":{"line":58,"column":8},"end":{"line":58,"column":8}}]},"3":{"line":90,"type":"if","locations":[{"start":{"line":90,"column":8},"end":{"line":90,"column":8}},{"start":{"line":90,"column":8},"end":{"line":90,"column":8}}]},"4":{"line":106,"type":"if","locations":[{"start":{"line":106,"column":8},"end":{"line":106,"column":8}},{"start":{"line":106,"column":8},"end":{"line":106,"column":8}}]},"5":{"line":107,"type":"if","locations":[{"start":{"line":107,"column":12},"end":{"line":107,"column":12}},{"start":{"line":107,"column":12},"end":{"line":107,"column":12}}]}}},"contracts/src/periphery/SwapRouter.sol":{"l":{"62":24,"66":82,"67":81,"76":81,"77":81,"79":81,"80":81,"82":81,"83":81,"86":80,"87":1,"89":79,"103":76,"104":76,"116":75,"117":75,"129":4,"130":4,"142":4,"143":4,"157":1,"158":1,"159":1,"161":1,"162":2,"163":2,"164":2,"166":2,"174":2,"175":2,"176":1,"177":1,"180":1,"185":82,"186":82,"187":81,"192":83,"193":83,"201":2,"205":1,"209":1,"210":1},"path":"/Users/hihi/Desktop/6107/project/improved-amm/contracts/src/periphery/SwapRouter.sol","s":{"1":82,"2":81,"3":81,"4":81,"5":81,"6":81,"7":81,"8":80,"9":1,"10":79,"11":76,"12":76,"13":75,"14":4,"15":4,"16":4,"17":1,"18":1,"19":1,"20":1,"21":2,"22":2,"23":2,"24":2,"25":2,"26":1,"27":82,"28":82,"29":81,"30":83,"31":2,"32":1},"b":{"1":[1,81],"2":[81,0],"3":[60,21],"4":[80,1],"5":[1,79],"6":[76,1],"7":[3,72],"8":[4,0],"9":[1,3],"10":[1,0],"11":[1,1],"12":[0,1],"13":[1,81],"14":[83,0]},"f":{"1":24,"2":82,"3":81,"4":76,"5":4,"6":1,"7":82,"8":83,"9":2,"10":1,"11":1},"fnMap":{"1":{"name":"constructor","line":61,"loc":{"start":{"line":61,"column":4},"end":{"line":63,"column":4}}},"2":{"name":"checkDeadline","line":65,"loc":{"start":{"line":65,"column":4},"end":{"line":68,"column":4}}},"3":{"name":"uniswapV3SwapCallback","line":71,"loc":{"start":{"line":71,"column":4},"end":{"line":92,"column":4}}},"4":{"name":"exactInputSingle","line":100,"loc":{"start":{"line":98,"column":4},"end":{"line":118,"column":4}}},"5":{"name":"exactOutputSingle","line":126,"loc":{"start":{"line":124,"column":4},"end":{"line":144,"column":4}}},"6":{"name":"exactInput","line":154,"loc":{"start":{"line":152,"column":4},"end":{"line":181,"column":4}}},"7":{"name":"_getPool","line":184,"loc":{"start":{"line":184,"column":4},"end":{"line":188,"column":4}}},"8":{"name":"_decodeFirstPool","line":191,"loc":{"start":{"line":191,"column":4},"end":{"line":198,"column":4}}},"9":{"name":"_hasMultiplePools","line":200,"loc":{"start":{"line":200,"column":4},"end":{"line":202,"column":4}}},"10":{"name":"_skipToken","line":204,"loc":{"start":{"line":204,"column":4},"end":{"line":206,"column":4}}},"11":{"name":"_slice","line":208,"loc":{"start":{"line":208,"column":4},"end":{"line":217,"column":4}}}},"statementMap":{"1":{"start":{"line":66,"column":8},"end":{"line":66,"column":64}},"2":{"start":{"line":76,"column":8},"end":{"line":76,"column":76}},"3":{"start":{"line":77,"column":8},"end":{"line":77,"column":85}},"4":{"start":{"line":79,"column":8},"end":{"line":79,"column":70}},"5":{"start":{"line":80,"column":8},"end":{"line":80,"column":63}},"6":{"start":{"line":82,"column":8},"end":{"line":82,"column":75}},"7":{"start":{"line":83,"column":8},"end":{"line":83,"column":2488}},"8":{"start":{"line":86,"column":12},"end":{"line":86,"column":2709}},"9":{"start":{"line":87,"column":16},"end":{"line":87,"column":77}},"10":{"start":{"line":89,"column":16},"end":{"line":89,"column":93}},"11":{"start":{"line":103,"column":8},"end":{"line":103,"column":58}},"12":{"start":{"line":104,"column":8},"end":{"line":104,"column":3553}},"13":{"start":{"line":117,"column":8},"end":{"line":117,"column":75}},"14":{"start":{"line":129,"column":8},"end":{"line":129,"column":58}},"15":{"start":{"line":130,"column":8},"end":{"line":130,"column":4832}},"16":{"start":{"line":143,"column":8},"end":{"line":143,"column":72}},"17":{"start":{"line":157,"column":8},"end":{"line":157,"column":34}},"18":{"start":{"line":158,"column":8},"end":{"line":158,"column":42}},"19":{"start":{"line":159,"column":8},"end":{"line":159,"column":39}},"20":{"start":{"line":161,"column":8},"end":{"line":161,"column":6317}},"21":{"start":{"line":162,"column":12},"end":{"line":162,"column":59}},"22":{"start":{"line":163,"column":12},"end":{"line":163,"column":84}},"23":{"start":{"line":164,"column":12},"end":{"line":164,"column":48}},"24":{"start":{"line":166,"column":12},"end":{"line":166,"column":6547}},"25":{"start":{"line":175,"column":12},"end":{"line":175,"column":66}},"26":{"start":{"line":180,"column":8},"end":{"line":180,"column":75}},"27":{"start":{"line":185,"column":8},"end":{"line":185,"column":63}},"28":{"start":{"line":186,"column":8},"end":{"line":186,"column":57}},"29":{"start":{"line":187,"column":8},"end":{"line":187,"column":29}},"30":{"start":{"line":192,"column":8},"end":{"line":192,"column":49}},"31":{"start":{"line":201,"column":8},"end":{"line":201,"column":32}},"32":{"start":{"line":205,"column":8},"end":{"line":205,"column":49}}},"branchMap":{"1":{"line":66,"type":"if","locations":[{"start":{"line":66,"column":8},"end":{"line":66,"column":8}},{"start":{"line":66,"column":8},"end":{"line":66,"column":8}}]},"2":{"line":80,"type":"if","locations":[{"start":{"line":80,"column":8},"end":{"line":80,"column":8}},{"start":{"line":80,"column":8},"end":{"line":80,"column":8}}]},"3":{"line":82,"type":"if","locations":[{"start":{"line":82,"column":48},"end":{"line":82,"column":59}},{"start":{"line":82,"column":63},"end":{"line":82,"column":74}}]},"4":{"line":83,"type":"if","locations":[{"start":{"line":83,"column":8},"end":{"line":83,"column":8}},{"start":{"line":83,"column":8},"end":{"line":83,"column":8}}]},"5":{"line":86,"type":"if","locations":[{"start":{"line":86,"column":12},"end":{"line":86,"column":12}},{"start":{"line":86,"column":12},"end":{"line":86,"column":12}}]},"6":{"line":100,"type":"if","locations":[{"start":{"line":100,"column":8},"end":{"line":100,"column":8}},{"start":{"line":100,"column":8},"end":{"line":100,"column":8}}]},"7":{"line":117,"type":"if","locations":[{"start":{"line":117,"column":8},"end":{"line":117,"column":8}},{"start":{"line":117,"column":8},"end":{"line":117,"column":8}}]},"8":{"line":126,"type":"if","locations":[{"start":{"line":126,"column":8},"end":{"line":126,"column":8}},{"start":{"line":126,"column":8},"end":{"line":126,"column":8}}]},"9":{"line":143,"type":"if","locations":[{"start":{"line":143,"column":8},"end":{"line":143,"column":8}},{"start":{"line":143,"column":8},"end":{"line":143,"column":8}}]},"10":{"line":154,"type":"if","locations":[{"start":{"line":154,"column":8},"end":{"line":154,"column":8}},{"start":{"line":154,"column":8},"end":{"line":154,"column":8}}]},"11":{"line":175,"type":"if","locations":[{"start":{"line":175,"column":12},"end":{"line":175,"column":12}},{"start":{"line":175,"column":12},"end":{"line":175,"column":12}}]},"12":{"line":180,"type":"if","locations":[{"start":{"line":180,"column":8},"end":{"line":180,"column":8}},{"start":{"line":180,"column":8},"end":{"line":180,"column":8}}]},"13":{"line":186,"type":"if","locations":[{"start":{"line":186,"column":8},"end":{"line":186,"column":8}},{"start":{"line":186,"column":8},"end":{"line":186,"column":8}}]},"14":{"line":192,"type":"if","locations":[{"start":{"line":192,"column":8},"end":{"line":192,"column":8}},{"start":{"line":192,"column":8},"end":{"line":192,"column":8}}]}}},"contracts/src/test/LiquidityAmountsTest.sol":{"l":{"13":3,"19":3,"25":2,"31":3,"37":3,"43":2},"path":"/Users/hihi/Desktop/6107/project/improved-amm/contracts/src/test/LiquidityAmountsTest.sol","s":{"1":3,"2":3,"3":2,"4":3,"5":3,"6":2},"b":{},"f":{"1":3,"2":3,"3":2,"4":3,"5":3,"6":2},"fnMap":{"1":{"name":"getLiquidityForAmount0","line":10,"loc":{"start":{"line":10,"column":4},"end":{"line":14,"column":4}}},"2":{"name":"getLiquidityForAmount1","line":16,"loc":{"start":{"line":16,"column":4},"end":{"line":20,"column":4}}},"3":{"name":"getLiquidityForAmounts","line":22,"loc":{"start":{"line":22,"column":4},"end":{"line":26,"column":4}}},"4":{"name":"getAmount0ForLiquidity","line":28,"loc":{"start":{"line":28,"column":4},"end":{"line":32,"column":4}}},"5":{"name":"getAmount1ForLiquidity","line":34,"loc":{"start":{"line":34,"column":4},"end":{"line":38,"column":4}}},"6":{"name":"getAmountsForLiquidity","line":40,"loc":{"start":{"line":40,"column":4},"end":{"line":44,"column":4}}}},"statementMap":{"1":{"start":{"line":13,"column":8},"end":{"line":13,"column":65}},"2":{"start":{"line":19,"column":8},"end":{"line":19,"column":65}},"3":{"start":{"line":25,"column":8},"end":{"line":25,"column":75}},"4":{"start":{"line":31,"column":8},"end":{"line":31,"column":65}},"5":{"start":{"line":37,"column":8},"end":{"line":37,"column":65}},"6":{"start":{"line":43,"column":8},"end":{"line":43,"column":68}}},"branchMap":{}},"contracts/src/test/SafeCastTest.sol":{"l":{"9":2,"13":2,"17":2,"21":2},"path":"/Users/hihi/Desktop/6107/project/improved-amm/contracts/src/test/SafeCastTest.sol","s":{"1":2,"2":2,"3":2,"4":2},"b":{},"f":{"1":2,"2":2,"3":2,"4":2},"fnMap":{"1":{"name":"toUint128","line":8,"loc":{"start":{"line":8,"column":4},"end":{"line":10,"column":4}}},"2":{"name":"toUint160","line":12,"loc":{"start":{"line":12,"column":4},"end":{"line":14,"column":4}}},"3":{"name":"toInt128","line":16,"loc":{"start":{"line":16,"column":4},"end":{"line":18,"column":4}}},"4":{"name":"toInt256","line":20,"loc":{"start":{"line":20,"column":4},"end":{"line":22,"column":4}}}},"statementMap":{"1":{"start":{"line":9,"column":8},"end":{"line":9,"column":36}},"2":{"start":{"line":13,"column":8},"end":{"line":13,"column":36}},"3":{"start":{"line":17,"column":8},"end":{"line":17,"column":35}},"4":{"start":{"line":21,"column":8},"end":{"line":21,"column":35}}},"branchMap":{}},"contracts/src/test/TickMathTest.sol":{"l":{"9":149,"13":85},"path":"/Users/hihi/Desktop/6107/project/improved-amm/contracts/src/test/TickMathTest.sol","s":{"1":149,"2":85,"3":0,"4":0,"5":0,"6":0},"b":{},"f":{"1":149,"2":85,"3":0,"4":0,"5":0,"6":0},"fnMap":{"1":{"name":"getSqrtRatioAtTick","line":8,"loc":{"start":{"line":8,"column":4},"end":{"line":10,"column":4}}},"2":{"name":"getTickAtSqrtRatio","line":12,"loc":{"start":{"line":12,"column":4},"end":{"line":14,"column":4}}},"3":{"name":"MIN_TICK","line":16,"loc":{"start":{"line":16,"column":4},"end":{"line":16,"column":82}}},"4":{"name":"MAX_TICK","line":17,"loc":{"start":{"line":17,"column":4},"end":{"line":17,"column":82}}},"5":{"name":"MIN_SQRT_RATIO","line":18,"loc":{"start":{"line":18,"column":4},"end":{"line":18,"column":96}}},"6":{"name":"MAX_SQRT_RATIO","line":19,"loc":{"start":{"line":19,"column":4},"end":{"line":19,"column":96}}}},"statementMap":{"1":{"start":{"line":9,"column":8},"end":{"line":9,"column":48}},"2":{"start":{"line":13,"column":8},"end":{"line":13,"column":56}},"3":{"start":{"line":16,"column":56},"end":{"line":16,"column":80}},"4":{"start":{"line":17,"column":56},"end":{"line":17,"column":80}},"5":{"start":{"line":18,"column":64},"end":{"line":18,"column":94}},"6":{"start":{"line":19,"column":64},"end":{"line":19,"column":94}}},"branchMap":{}}}