{"contracts/src/core/interfaces/IPoolFactory.sol":{"l":{},"path":"/Users/hihi/Desktop/6107/project/improved-amm/contracts/src/core/interfaces/IPoolFactory.sol","s":{},"b":{},"f":{},"fnMap":{},"statementMap":{},"branchMap":{}},"contracts/src/core/interfaces/IPoolMintCallback.sol":{"l":{},"path":"/Users/hihi/Desktop/6107/project/improved-amm/contracts/src/core/interfaces/IPoolMintCallback.sol","s":{},"b":{},"f":{},"fnMap":{},"statementMap":{},"branchMap":{}},"contracts/src/core/interfaces/IPoolSwapCallback.sol":{"l":{},"path":"/Users/hihi/Desktop/6107/project/improved-amm/contracts/src/core/interfaces/IPoolSwapCallback.sol","s":{},"b":{},"f":{},"fnMap":{},"statementMap":{},"branchMap":{}},"contracts/src/core/Pool.sol":{"l":{"100":101,"101":101,"102":101,"103":97,"113":17,"114":17,"115":17,"116":17,"117":17,"118":17,"125":18,"126":17,"127":17,"128":17,"136":17,"156":21,"157":21,"158":21,"160":19,"169":19,"170":19,"172":19,"173":19,"174":19,"175":19,"176":19,"178":19,"195":11,"196":11,"204":11,"205":11,"206":11,"207":5,"208":5,"210":11,"230":6,"231":6,"232":6,"233":6,"234":6,"235":6,"256":63,"257":63,"259":63,"260":63,"261":48,"262":1,"264":15,"265":0,"268":62,"277":62,"278":132,"279":132,"281":132,"285":132,"288":132,"290":132,"300":132,"301":131,"302":131,"303":131,"306":1,"307":1,"308":1,"313":132,"314":132,"315":5,"316":5,"317":5,"319":0,"321":5,"323":132,"324":73,"325":73,"329":132,"330":70,"332":0,"335":0,"336":0,"337":0,"339":70,"340":70,"343":62,"348":62,"349":58,"357":58,"358":58,"359":58,"360":58,"362":4,"365":62,"367":62,"368":47,"370":15,"373":62,"377":62,"378":47,"379":47,"380":47,"381":46,"383":15,"384":15,"385":15,"386":15,"389":61,"399":3,"403":2,"404":2,"405":2,"417":2,"421":1,"422":1,"423":1,"424":1,"425":1,"432":0,"433":0,"434":0,"435":0,"436":0,"448":0,"460":1,"461":1,"462":1,"463":1,"467":1,"468":1,"469":1,"470":0,"482":12,"516":30,"517":30,"519":30,"521":30,"522":24,"523":0,"529":23,"530":23,"534":23,"535":23,"537":23,"542":23,"547":23,"549":1,"565":30,"567":30,"568":30,"570":30,"571":30,"572":30,"573":24,"574":24,"575":24,"576":24,"579":30,"582":30,"584":30,"585":5,"586":5,"591":62,"592":60,"593":60},"path":"/Users/hihi/Desktop/6107/project/improved-amm/contracts/src/core/Pool.sol","s":{"1":101,"2":18,"3":17,"4":17,"5":17,"6":21,"7":21,"8":21,"9":19,"10":19,"11":19,"12":19,"13":19,"14":19,"15":19,"16":11,"17":11,"18":11,"19":11,"20":6,"21":6,"22":6,"23":6,"24":4,"25":6,"26":63,"27":63,"28":63,"29":63,"30":48,"31":15,"32":62,"33":62,"34":132,"35":132,"36":131,"37":132,"38":132,"39":132,"40":5,"41":5,"42":132,"43":132,"44":70,"45":0,"46":0,"47":0,"48":62,"49":62,"50":58,"51":62,"52":62,"53":62,"54":47,"55":46,"56":47,"57":47,"58":46,"59":15,"60":15,"61":15,"62":15,"63":15,"64":61,"65":3,"66":2,"67":2,"68":2,"69":1,"70":1,"71":1,"72":0,"73":1,"74":0,"75":0,"76":0,"77":0,"78":0,"79":1,"80":1,"81":1,"82":1,"83":12,"84":30,"85":30,"86":30,"87":24,"88":24,"89":23,"90":23,"91":30,"92":30,"93":30,"94":30,"95":30,"96":24,"97":19,"98":24,"99":19,"100":30,"101":30,"102":30,"103":5,"104":1,"105":5,"106":1,"107":62,"108":60,"109":60,"110":130,"111":68,"112":99},"b":{"1":[0,101],"2":[1,17],"3":[21,0],"4":[0,21],"5":[0,21],"6":[0,19],"7":[0,19],"8":[11,0],"9":[5,6],"10":[5,0],"11":[6,0],"12":[1,5],"13":[0,6],"14":[6,0],"15":[4,2],"16":[63,0],"17":[0,63],"18":[63,0],"19":[48,15],"20":[1,47],"21":[0,15],"22":[1,131],"23":[0,131],"24":[131,1],"25":[5,127],"26":[5,0],"27":[73,59],"28":[70,62],"29":[0,70],"30":[0,0],"31":[0,0],"32":[67,3],"33":[62,0],"34":[58,4],"35":[0,62],"36":[47,15],"37":[46,16],"38":[47,15],"39":[46,1],"40":[46,0],"41":[15,0],"42":[15,0],"43":[2,1],"44":[0,2],"45":[2,0],"46":[1,1],"47":[1,1],"48":[1,0],"49":[1,0],"50":[0,1],"51":[0,0],"52":[0,0],"53":[0,1],"54":[24,6],"55":[0,24],"56":[23,1],"57":[24,6],"58":[19,5],"59":[19,5],"60":[5,25],"61":[1,4],"62":[1,4],"63":[2,60],"64":[0,60],"65":[0,60]},"f":{"1":101,"2":17,"3":18,"4":21,"5":11,"6":6,"7":63,"8":3,"9":2,"10":0,"11":0,"12":1,"13":12,"14":30,"15":30,"16":62,"17":130,"18":68,"19":99},"fnMap":{"1":{"name":"lock","line":99,"loc":{"start":{"line":99,"column":4},"end":{"line":104,"column":4}}},"2":{"name":"constructor","line":106,"loc":{"start":{"line":106,"column":4},"end":{"line":119,"column":4}}},"3":{"name":"initialize","line":124,"loc":{"start":{"line":124,"column":4},"end":{"line":137,"column":4}}},"4":{"name":"mint","line":155,"loc":{"start":{"line":149,"column":4},"end":{"line":179,"column":4}}},"5":{"name":"burn","line":194,"loc":{"start":{"line":190,"column":4},"end":{"line":211,"column":4}}},"6":{"name":"collect","line":229,"loc":{"start":{"line":223,"column":4},"end":{"line":236,"column":4}}},"7":{"name":"swap","line":255,"loc":{"start":{"line":249,"column":4},"end":{"line":390,"column":4}}},"8":{"name":"setProtocolFee","line":398,"loc":{"start":{"line":398,"column":4},"end":{"line":406,"column":4}}},"9":{"name":"collectProtocol","line":413,"loc":{"start":{"line":413,"column":4},"end":{"line":426,"column":4}}},"10":{"name":"increaseObservationCardinalityNext","line":431,"loc":{"start":{"line":431,"column":4},"end":{"line":437,"column":4}}},"11":{"name":"observe","line":444,"loc":{"start":{"line":444,"column":4},"end":{"line":456,"column":4}}},"12":{"name":"getTWAP","line":459,"loc":{"start":{"line":459,"column":4},"end":{"line":471,"column":4}}},"13":{"name":"getPosition","line":479,"loc":{"start":{"line":479,"column":4},"end":{"line":483,"column":4}}},"14":{"name":"_modifyPosition","line":512,"loc":{"start":{"line":512,"column":4},"end":{"line":556,"column":4}}},"15":{"name":"_updatePosition","line":558,"loc":{"start":{"line":558,"column":4},"end":{"line":588,"column":4}}},"16":{"name":"_checkTicks","line":590,"loc":{"start":{"line":590,"column":4},"end":{"line":594,"column":4}}},"17":{"name":"_balance0","line":596,"loc":{"start":{"line":596,"column":4},"end":{"line":596,"column":106}}},"18":{"name":"_balance1","line":597,"loc":{"start":{"line":597,"column":4},"end":{"line":597,"column":106}}},"19":{"name":"_blockTimestamp","line":598,"loc":{"start":{"line":598,"column":4},"end":{"line":598,"column":95}}}},"statementMap":{"1":{"start":{"line":100,"column":8},"end":{"line":100,"column":44}},"2":{"start":{"line":125,"column":8},"end":{"line":125,"column":64}},"3":{"start":{"line":126,"column":8},"end":{"line":126,"column":62}},"4":{"start":{"line":127,"column":8},"end":{"line":127,"column":97}},"5":{"start":{"line":136,"column":8},"end":{"line":136,"column":43}},"6":{"start":{"line":156,"column":8},"end":{"line":156,"column":60}},"7":{"start":{"line":157,"column":8},"end":{"line":157,"column":47}},"8":{"start":{"line":158,"column":8},"end":{"line":158,"column":40}},"9":{"start":{"line":160,"column":8},"end":{"line":160,"column":7034}},"10":{"start":{"line":172,"column":8},"end":{"line":172,"column":44}},"11":{"start":{"line":173,"column":8},"end":{"line":173,"column":44}},"12":{"start":{"line":174,"column":8},"end":{"line":174,"column":82}},"13":{"start":{"line":175,"column":8},"end":{"line":175,"column":94}},"14":{"start":{"line":176,"column":8},"end":{"line":176,"column":94}},"15":{"start":{"line":178,"column":8},"end":{"line":178,"column":88}},"16":{"start":{"line":195,"column":8},"end":{"line":195,"column":40}},"17":{"start":{"line":196,"column":8},"end":{"line":196,"column":8724}},"18":{"start":{"line":206,"column":8},"end":{"line":206,"column":9160}},"19":{"start":{"line":210,"column":8},"end":{"line":210,"column":77}},"20":{"start":{"line":230,"column":8},"end":{"line":230,"column":88}},"21":{"start":{"line":233,"column":8},"end":{"line":233,"column":109}},"22":{"start":{"line":233,"column":60},"end":{"line":233,"column":106}},"23":{"start":{"line":234,"column":8},"end":{"line":234,"column":109}},"24":{"start":{"line":234,"column":60},"end":{"line":234,"column":106}},"25":{"start":{"line":235,"column":8},"end":{"line":235,"column":83}},"26":{"start":{"line":256,"column":8},"end":{"line":256,"column":60}},"27":{"start":{"line":257,"column":8},"end":{"line":257,"column":36}},"28":{"start":{"line":259,"column":8},"end":{"line":259,"column":39}},"29":{"start":{"line":260,"column":8},"end":{"line":260,"column":12259}},"30":{"start":{"line":261,"column":12},"end":{"line":261,"column":12327}},"31":{"start":{"line":264,"column":12},"end":{"line":264,"column":12503}},"32":{"start":{"line":268,"column":8},"end":{"line":268,"column":12633}},"33":{"start":{"line":277,"column":8},"end":{"line":277,"column":13047}},"34":{"start":{"line":278,"column":12},"end":{"line":278,"column":40}},"35":{"start":{"line":285,"column":12},"end":{"line":285,"column":13490}},"36":{"start":{"line":286,"column":17},"end":{"line":286,"column":89}},"37":{"start":{"line":300,"column":12},"end":{"line":300,"column":14135}},"38":{"start":{"line":313,"column":12},"end":{"line":313,"column":48}},"39":{"start":{"line":314,"column":12},"end":{"line":314,"column":14775}},"40":{"start":{"line":315,"column":16},"end":{"line":315,"column":65}},"41":{"start":{"line":316,"column":16},"end":{"line":316,"column":14885}},"42":{"start":{"line":323,"column":12},"end":{"line":323,"column":15176}},"43":{"start":{"line":329,"column":12},"end":{"line":329,"column":15409}},"44":{"start":{"line":330,"column":16},"end":{"line":330,"column":15480}},"45":{"start":{"line":332,"column":20},"end":{"line":332,"column":15650}},"46":{"start":{"line":335,"column":20},"end":{"line":335,"column":112}},"47":{"start":{"line":336,"column":20},"end":{"line":336,"column":64}},"48":{"start":{"line":342,"column":19},"end":{"line":342,"column":16168}},"49":{"start":{"line":348,"column":8},"end":{"line":348,"column":16410}},"50":{"start":{"line":349,"column":12},"end":{"line":349,"column":16464}},"51":{"start":{"line":365,"column":8},"end":{"line":365,"column":69}},"52":{"start":{"line":367,"column":8},"end":{"line":367,"column":17173}},"53":{"start":{"line":377,"column":8},"end":{"line":377,"column":17596}},"54":{"start":{"line":378,"column":12},"end":{"line":378,"column":86}},"55":{"start":{"line":378,"column":29},"end":{"line":378,"column":85}},"56":{"start":{"line":379,"column":12},"end":{"line":379,"column":48}},"57":{"start":{"line":380,"column":12},"end":{"line":380,"column":86}},"58":{"start":{"line":381,"column":12},"end":{"line":381,"column":68}},"59":{"start":{"line":383,"column":12},"end":{"line":383,"column":86}},"60":{"start":{"line":383,"column":29},"end":{"line":383,"column":85}},"61":{"start":{"line":384,"column":12},"end":{"line":384,"column":48}},"62":{"start":{"line":385,"column":12},"end":{"line":385,"column":86}},"63":{"start":{"line":386,"column":12},"end":{"line":386,"column":68}},"64":{"start":{"line":389,"column":8},"end":{"line":389,"column":107}},"65":{"start":{"line":399,"column":8},"end":{"line":399,"column":18869}},"66":{"start":{"line":403,"column":8},"end":{"line":403,"column":78}},"67":{"start":{"line":405,"column":8},"end":{"line":405,"column":41}},"68":{"start":{"line":417,"column":8},"end":{"line":417,"column":19608}},"69":{"start":{"line":423,"column":8},"end":{"line":423,"column":101}},"70":{"start":{"line":423,"column":52},"end":{"line":423,"column":98}},"71":{"start":{"line":424,"column":8},"end":{"line":424,"column":101}},"72":{"start":{"line":424,"column":52},"end":{"line":424,"column":98}},"73":{"start":{"line":425,"column":8},"end":{"line":425,"column":69}},"74":{"start":{"line":432,"column":8},"end":{"line":432,"column":79}},"75":{"start":{"line":433,"column":8},"end":{"line":433,"column":123}},"76":{"start":{"line":435,"column":8},"end":{"line":435,"column":20856}},"77":{"start":{"line":436,"column":12},"end":{"line":436,"column":113}},"78":{"start":{"line":448,"column":8},"end":{"line":448,"column":21570}},"79":{"start":{"line":460,"column":8},"end":{"line":460,"column":53}},"80":{"start":{"line":463,"column":8},"end":{"line":463,"column":22081}},"81":{"start":{"line":467,"column":8},"end":{"line":467,"column":76}},"82":{"start":{"line":469,"column":8},"end":{"line":469,"column":22477}},"83":{"start":{"line":482,"column":8},"end":{"line":482,"column":57}},"84":{"start":{"line":516,"column":8},"end":{"line":516,"column":54}},"85":{"start":{"line":517,"column":8},"end":{"line":517,"column":35}},"86":{"start":{"line":521,"column":8},"end":{"line":521,"column":24290}},"87":{"start":{"line":522,"column":12},"end":{"line":522,"column":24340}},"88":{"start":{"line":528,"column":19},"end":{"line":528,"column":24649}},"89":{"start":{"line":529,"column":16},"end":{"line":529,"column":51}},"90":{"start":{"line":530,"column":16},"end":{"line":530,"column":24761}},"91":{"start":{"line":567,"column":8},"end":{"line":567,"column":60}},"92":{"start":{"line":568,"column":8},"end":{"line":568,"column":60}},"93":{"start":{"line":570,"column":8},"end":{"line":570,"column":25}},"94":{"start":{"line":571,"column":8},"end":{"line":571,"column":25}},"95":{"start":{"line":572,"column":8},"end":{"line":572,"column":26425}},"96":{"start":{"line":575,"column":12},"end":{"line":575,"column":73}},"97":{"start":{"line":575,"column":30},"end":{"line":575,"column":72}},"98":{"start":{"line":576,"column":12},"end":{"line":576,"column":73}},"99":{"start":{"line":576,"column":30},"end":{"line":576,"column":72}},"100":{"start":{"line":579,"column":8},"end":{"line":579,"column":27019}},"101":{"start":{"line":582,"column":8},"end":{"line":582,"column":82}},"102":{"start":{"line":584,"column":8},"end":{"line":584,"column":27187}},"103":{"start":{"line":585,"column":12},"end":{"line":585,"column":52}},"104":{"start":{"line":585,"column":30},"end":{"line":585,"column":51}},"105":{"start":{"line":586,"column":12},"end":{"line":586,"column":52}},"106":{"start":{"line":586,"column":30},"end":{"line":586,"column":51}},"107":{"start":{"line":591,"column":8},"end":{"line":591,"column":61}},"108":{"start":{"line":592,"column":8},"end":{"line":592,"column":68}},"109":{"start":{"line":593,"column":8},"end":{"line":593,"column":68}},"110":{"start":{"line":596,"column":58},"end":{"line":596,"column":104}},"111":{"start":{"line":597,"column":58},"end":{"line":597,"column":104}},"112":{"start":{"line":598,"column":63},"end":{"line":598,"column":93}}},"branchMap":{"1":{"line":100,"type":"if","locations":[{"start":{"line":100,"column":8},"end":{"line":100,"column":8}},{"start":{"line":100,"column":8},"end":{"line":100,"column":8}}]},"2":{"line":125,"type":"if","locations":[{"start":{"line":125,"column":8},"end":{"line":125,"column":8}},{"start":{"line":125,"column":8},"end":{"line":125,"column":8}}]},"3":{"line":155,"type":"if","locations":[{"start":{"line":155,"column":15},"end":{"line":155,"column":15}},{"start":{"line":155,"column":15},"end":{"line":155,"column":15}}]},"4":{"line":156,"type":"if","locations":[{"start":{"line":156,"column":8},"end":{"line":156,"column":8}},{"start":{"line":156,"column":8},"end":{"line":156,"column":8}}]},"5":{"line":157,"type":"if","locations":[{"start":{"line":157,"column":8},"end":{"line":157,"column":8}},{"start":{"line":157,"column":8},"end":{"line":157,"column":8}}]},"6":{"line":175,"type":"if","locations":[{"start":{"line":175,"column":8},"end":{"line":175,"column":8}},{"start":{"line":175,"column":8},"end":{"line":175,"column":8}}]},"7":{"line":176,"type":"if","locations":[{"start":{"line":176,"column":8},"end":{"line":176,"column":8}},{"start":{"line":176,"column":8},"end":{"line":176,"column":8}}]},"8":{"line":194,"type":"if","locations":[{"start":{"line":194,"column":15},"end":{"line":194,"column":15}},{"start":{"line":194,"column":15},"end":{"line":194,"column":15}}]},"9":{"line":206,"type":"if","locations":[{"start":{"line":206,"column":8},"end":{"line":206,"column":8}},{"start":{"line":206,"column":8},"end":{"line":206,"column":8}}]},"10":{"line":206,"type":"cond-expr","locations":[{"start":{"line":206,"column":12},"end":{"line":206,"column":22}},{"start":{"line":206,"column":27},"end":{"line":206,"column":37}}]},"11":{"line":229,"type":"if","locations":[{"start":{"line":229,"column":15},"end":{"line":229,"column":15}},{"start":{"line":229,"column":15},"end":{"line":229,"column":15}}]},"12":{"line":231,"type":"if","locations":[{"start":{"line":231,"column":60},"end":{"line":231,"column":79}},{"start":{"line":231,"column":83},"end":{"line":231,"column":98}}]},"13":{"line":232,"type":"if","locations":[{"start":{"line":232,"column":60},"end":{"line":232,"column":79}},{"start":{"line":232,"column":83},"end":{"line":232,"column":98}}]},"14":{"line":233,"type":"if","locations":[{"start":{"line":233,"column":8},"end":{"line":233,"column":8}},{"start":{"line":233,"column":8},"end":{"line":233,"column":8}}]},"15":{"line":234,"type":"if","locations":[{"start":{"line":234,"column":8},"end":{"line":234,"column":8}},{"start":{"line":234,"column":8},"end":{"line":234,"column":8}}]},"16":{"line":255,"type":"if","locations":[{"start":{"line":255,"column":15},"end":{"line":255,"column":15}},{"start":{"line":255,"column":15},"end":{"line":255,"column":15}}]},"17":{"line":256,"type":"if","locations":[{"start":{"line":256,"column":8},"end":{"line":256,"column":8}},{"start":{"line":256,"column":8},"end":{"line":256,"column":8}}]},"18":{"line":257,"type":"if","locations":[{"start":{"line":257,"column":8},"end":{"line":257,"column":8}},{"start":{"line":257,"column":8},"end":{"line":257,"column":8}}]},"19":{"line":260,"type":"if","locations":[{"start":{"line":260,"column":8},"end":{"line":260,"column":8}},{"start":{"line":260,"column":8},"end":{"line":260,"column":8}}]},"20":{"line":261,"type":"if","locations":[{"start":{"line":261,"column":12},"end":{"line":261,"column":12}},{"start":{"line":261,"column":12},"end":{"line":261,"column":12}}]},"21":{"line":264,"type":"if","locations":[{"start":{"line":264,"column":12},"end":{"line":264,"column":12}},{"start":{"line":264,"column":12},"end":{"line":264,"column":12}}]},"22":{"line":285,"type":"if","locations":[{"start":{"line":285,"column":12},"end":{"line":285,"column":12}},{"start":{"line":285,"column":12},"end":{"line":285,"column":12}}]},"23":{"line":286,"type":"if","locations":[{"start":{"line":286,"column":17},"end":{"line":286,"column":17}},{"start":{"line":286,"column":17},"end":{"line":286,"column":17}}]},"24":{"line":300,"type":"if","locations":[{"start":{"line":300,"column":12},"end":{"line":300,"column":12}},{"start":{"line":300,"column":12},"end":{"line":300,"column":12}}]},"25":{"line":314,"type":"if","locations":[{"start":{"line":314,"column":12},"end":{"line":314,"column":12}},{"start":{"line":314,"column":12},"end":{"line":314,"column":12}}]},"26":{"line":316,"type":"if","locations":[{"start":{"line":316,"column":16},"end":{"line":316,"column":16}},{"start":{"line":316,"column":16},"end":{"line":316,"column":16}}]},"27":{"line":323,"type":"if","locations":[{"start":{"line":323,"column":12},"end":{"line":323,"column":12}},{"start":{"line":323,"column":12},"end":{"line":323,"column":12}}]},"28":{"line":329,"type":"if","locations":[{"start":{"line":329,"column":12},"end":{"line":329,"column":12}},{"start":{"line":329,"column":12},"end":{"line":329,"column":12}}]},"29":{"line":330,"type":"if","locations":[{"start":{"line":330,"column":16},"end":{"line":330,"column":16}},{"start":{"line":330,"column":16},"end":{"line":330,"column":16}}]},"30":{"line":332,"type":"if","locations":[{"start":{"line":332,"column":20},"end":{"line":332,"column":20}},{"start":{"line":332,"column":20},"end":{"line":332,"column":20}}]},"31":{"line":336,"type":"if","locations":[{"start":{"line":336,"column":20},"end":{"line":336,"column":20}},{"start":{"line":336,"column":20},"end":{"line":336,"column":20}}]},"32":{"line":340,"type":"if","locations":[{"start":{"line":340,"column":46},"end":{"line":340,"column":62}},{"start":{"line":340,"column":66},"end":{"line":340,"column":78}}]},"33":{"line":342,"type":"if","locations":[{"start":{"line":342,"column":19},"end":{"line":342,"column":19}},{"start":{"line":342,"column":19},"end":{"line":342,"column":19}}]},"34":{"line":348,"type":"if","locations":[{"start":{"line":348,"column":8},"end":{"line":348,"column":8}},{"start":{"line":348,"column":8},"end":{"line":348,"column":8}}]},"35":{"line":365,"type":"if","locations":[{"start":{"line":365,"column":8},"end":{"line":365,"column":8}},{"start":{"line":365,"column":8},"end":{"line":365,"column":8}}]},"36":{"line":367,"type":"if","locations":[{"start":{"line":367,"column":8},"end":{"line":367,"column":8}},{"start":{"line":367,"column":8},"end":{"line":367,"column":8}}]},"37":{"line":374,"type":"if","locations":[{"start":{"line":374,"column":14},"end":{"line":374,"column":87}},{"start":{"line":375,"column":14},"end":{"line":375,"column":87}}]},"38":{"line":377,"type":"if","locations":[{"start":{"line":377,"column":8},"end":{"line":377,"column":8}},{"start":{"line":377,"column":8},"end":{"line":377,"column":8}}]},"39":{"line":378,"type":"if","locations":[{"start":{"line":378,"column":12},"end":{"line":378,"column":12}},{"start":{"line":378,"column":12},"end":{"line":378,"column":12}}]},"40":{"line":381,"type":"if","locations":[{"start":{"line":381,"column":12},"end":{"line":381,"column":12}},{"start":{"line":381,"column":12},"end":{"line":381,"column":12}}]},"41":{"line":383,"type":"if","locations":[{"start":{"line":383,"column":12},"end":{"line":383,"column":12}},{"start":{"line":383,"column":12},"end":{"line":383,"column":12}}]},"42":{"line":386,"type":"if","locations":[{"start":{"line":386,"column":12},"end":{"line":386,"column":12}},{"start":{"line":386,"column":12},"end":{"line":386,"column":12}}]},"43":{"line":399,"type":"if","locations":[{"start":{"line":399,"column":8},"end":{"line":399,"column":8}},{"start":{"line":399,"column":8},"end":{"line":399,"column":8}}]},"44":{"line":400,"type":"cond-expr","locations":[{"start":{"line":400,"column":12},"end":{"line":400,"column":32}},{"start":{"line":400,"column":37},"end":{"line":400,"column":79}}]},"45":{"line":403,"type":"if","locations":[{"start":{"line":403,"column":8},"end":{"line":403,"column":8}},{"start":{"line":403,"column":8},"end":{"line":403,"column":8}}]},"46":{"line":403,"type":"cond-expr","locations":[{"start":{"line":403,"column":16},"end":{"line":403,"column":32}},{"start":{"line":403,"column":37},"end":{"line":403,"column":53}}]},"47":{"line":417,"type":"if","locations":[{"start":{"line":417,"column":8},"end":{"line":417,"column":8}},{"start":{"line":417,"column":8},"end":{"line":417,"column":8}}]},"48":{"line":418,"type":"cond-expr","locations":[{"start":{"line":418,"column":12},"end":{"line":418,"column":32}},{"start":{"line":418,"column":37},"end":{"line":418,"column":79}}]},"49":{"line":423,"type":"if","locations":[{"start":{"line":423,"column":8},"end":{"line":423,"column":8}},{"start":{"line":423,"column":8},"end":{"line":423,"column":8}}]},"50":{"line":424,"type":"if","locations":[{"start":{"line":424,"column":8},"end":{"line":424,"column":8}},{"start":{"line":424,"column":8},"end":{"line":424,"column":8}}]},"51":{"line":431,"type":"if","locations":[{"start":{"line":431,"column":92},"end":{"line":431,"column":92}},{"start":{"line":431,"column":92},"end":{"line":431,"column":92}}]},"52":{"line":435,"type":"if","locations":[{"start":{"line":435,"column":8},"end":{"line":435,"column":8}},{"start":{"line":435,"column":8},"end":{"line":435,"column":8}}]},"53":{"line":469,"type":"if","locations":[{"start":{"line":469,"column":8},"end":{"line":469,"column":8}},{"start":{"line":469,"column":8},"end":{"line":469,"column":8}}]},"54":{"line":521,"type":"if","locations":[{"start":{"line":521,"column":8},"end":{"line":521,"column":8}},{"start":{"line":521,"column":8},"end":{"line":521,"column":8}}]},"55":{"line":522,"type":"if","locations":[{"start":{"line":522,"column":12},"end":{"line":522,"column":12}},{"start":{"line":522,"column":12},"end":{"line":522,"column":12}}]},"56":{"line":528,"type":"if","locations":[{"start":{"line":528,"column":19},"end":{"line":528,"column":19}},{"start":{"line":528,"column":19},"end":{"line":528,"column":19}}]},"57":{"line":572,"type":"if","locations":[{"start":{"line":572,"column":8},"end":{"line":572,"column":8}},{"start":{"line":572,"column":8},"end":{"line":572,"column":8}}]},"58":{"line":575,"type":"if","locations":[{"start":{"line":575,"column":12},"end":{"line":575,"column":12}},{"start":{"line":575,"column":12},"end":{"line":575,"column":12}}]},"59":{"line":576,"type":"if","locations":[{"start":{"line":576,"column":12},"end":{"line":576,"column":12}},{"start":{"line":576,"column":12},"end":{"line":576,"column":12}}]},"60":{"line":584,"type":"if","locations":[{"start":{"line":584,"column":8},"end":{"line":584,"column":8}},{"start":{"line":584,"column":8},"end":{"line":584,"column":8}}]},"61":{"line":585,"type":"if","locations":[{"start":{"line":585,"column":12},"end":{"line":585,"column":12}},{"start":{"line":585,"column":12},"end":{"line":585,"column":12}}]},"62":{"line":586,"type":"if","locations":[{"start":{"line":586,"column":12},"end":{"line":586,"column":12}},{"start":{"line":586,"column":12},"end":{"line":586,"column":12}}]},"63":{"line":591,"type":"if","locations":[{"start":{"line":591,"column":8},"end":{"line":591,"column":8}},{"start":{"line":591,"column":8},"end":{"line":591,"column":8}}]},"64":{"line":592,"type":"if","locations":[{"start":{"line":592,"column":8},"end":{"line":592,"column":8}},{"start":{"line":592,"column":8},"end":{"line":592,"column":8}}]},"65":{"line":593,"type":"if","locations":[{"start":{"line":593,"column":8},"end":{"line":593,"column":8}},{"start":{"line":593,"column":8},"end":{"line":593,"column":8}}]}}},"contracts/src/core/PoolFactory.sol":{"l":{"22":1,"23":1,"28":16,"29":16,"30":16,"31":16,"32":16,"33":16,"34":16,"43":0,"44":0,"45":0,"46":0,"47":0,"61":17,"62":17,"63":17,"64":17,"65":17,"66":17,"68":17,"69":17,"70":17,"72":17,"81":0,"95":1},"path":"/Users/hihi/Desktop/6107/project/improved-amm/contracts/src/core/PoolFactory.sol","s":{"1":1,"2":16,"3":16,"4":16,"5":0,"6":0,"7":0,"8":0,"9":17,"10":17,"11":17,"12":17,"13":17,"14":17,"15":17,"16":0},"b":{"1":[1,0],"2":[0,0],"3":[0,0],"4":[0,0],"5":[0,0],"6":[17,0],"7":[13,4],"8":[17,0],"9":[17,0],"10":[17,0],"11":[0,0],"12":[1,0]},"f":{"1":1,"2":16,"3":0,"4":17,"5":0,"6":1},"fnMap":{"1":{"name":"onlyOwner","line":21,"loc":{"start":{"line":21,"column":4},"end":{"line":24,"column":4}}},"2":{"name":"constructor","line":27,"loc":{"start":{"line":27,"column":4},"end":{"line":35,"column":4}}},"3":{"name":"enableFeeAmount","line":42,"loc":{"start":{"line":42,"column":4},"end":{"line":48,"column":4}}},"4":{"name":"createPool","line":56,"loc":{"start":{"line":56,"column":4},"end":{"line":73,"column":4}}},"5":{"name":"setPoolProtocolFee","line":80,"loc":{"start":{"line":80,"column":4},"end":{"line":82,"column":4}}},"6":{"name":"collectPoolProtocol","line":92,"loc":{"start":{"line":90,"column":4},"end":{"line":96,"column":4}}}},"statementMap":{"1":{"start":{"line":22,"column":8},"end":{"line":22,"column":48}},"2":{"start":{"line":32,"column":8},"end":{"line":32,"column":38}},"3":{"start":{"line":33,"column":8},"end":{"line":33,"column":39}},"4":{"start":{"line":34,"column":8},"end":{"line":34,"column":41}},"5":{"start":{"line":43,"column":8},"end":{"line":43,"column":31}},"6":{"start":{"line":44,"column":8},"end":{"line":44,"column":54}},"7":{"start":{"line":45,"column":8},"end":{"line":45,"column":46}},"8":{"start":{"line":47,"column":8},"end":{"line":47,"column":47}},"9":{"start":{"line":61,"column":8},"end":{"line":61,"column":46}},"10":{"start":{"line":62,"column":8},"end":{"line":62,"column":98}},"11":{"start":{"line":63,"column":8},"end":{"line":63,"column":53}},"12":{"start":{"line":64,"column":8},"end":{"line":64,"column":53}},"13":{"start":{"line":65,"column":8},"end":{"line":65,"column":51}},"14":{"start":{"line":66,"column":8},"end":{"line":66,"column":75}},"15":{"start":{"line":72,"column":8},"end":{"line":72,"column":66}},"16":{"start":{"line":81,"column":8},"end":{"line":81,"column":45}}},"branchMap":{"1":{"line":22,"type":"if","locations":[{"start":{"line":22,"column":8},"end":{"line":22,"column":8}},{"start":{"line":22,"column":8},"end":{"line":22,"column":8}}]},"2":{"line":42,"type":"if","locations":[{"start":{"line":42,"column":78},"end":{"line":42,"column":78}},{"start":{"line":42,"column":78},"end":{"line":42,"column":78}}]},"3":{"line":43,"type":"if","locations":[{"start":{"line":43,"column":8},"end":{"line":43,"column":8}},{"start":{"line":43,"column":8},"end":{"line":43,"column":8}}]},"4":{"line":44,"type":"if","locations":[{"start":{"line":44,"column":8},"end":{"line":44,"column":8}},{"start":{"line":44,"column":8},"end":{"line":44,"column":8}}]},"5":{"line":45,"type":"if","locations":[{"start":{"line":45,"column":8},"end":{"line":45,"column":8}},{"start":{"line":45,"column":8},"end":{"line":45,"column":8}}]},"6":{"line":61,"type":"if","locations":[{"start":{"line":61,"column":8},"end":{"line":61,"column":8}},{"start":{"line":61,"column":8},"end":{"line":61,"column":8}}]},"7":{"line":62,"type":"if","locations":[{"start":{"line":62,"column":63},"end":{"line":62,"column":78}},{"start":{"line":62,"column":82},"end":{"line":62,"column":97}}]},"8":{"line":63,"type":"if","locations":[{"start":{"line":63,"column":8},"end":{"line":63,"column":8}},{"start":{"line":63,"column":8},"end":{"line":63,"column":8}}]},"9":{"line":65,"type":"if","locations":[{"start":{"line":65,"column":8},"end":{"line":65,"column":8}},{"start":{"line":65,"column":8},"end":{"line":65,"column":8}}]},"10":{"line":66,"type":"if","locations":[{"start":{"line":66,"column":8},"end":{"line":66,"column":8}},{"start":{"line":66,"column":8},"end":{"line":66,"column":8}}]},"11":{"line":80,"type":"if","locations":[{"start":{"line":80,"column":74},"end":{"line":80,"column":74}},{"start":{"line":80,"column":74},"end":{"line":80,"column":74}}]},"12":{"line":92,"type":"if","locations":[{"start":{"line":92,"column":8},"end":{"line":92,"column":8}},{"start":{"line":92,"column":8},"end":{"line":92,"column":8}}]}}},"contracts/src/ImprovedAMM.sol":{"l":{"54":19,"55":0,"58":19,"59":19,"60":19,"61":19,"70":19,"71":18,"73":18,"74":18,"75":16,"76":16,"78":2,"79":1,"80":1,"81":1,"84":17,"86":17,"87":17,"89":17,"90":17,"92":17,"93":17,"102":2,"103":2,"105":2,"106":2,"107":2,"109":2,"111":2,"112":2,"113":2,"115":2,"116":2,"118":2,"127":4,"128":4,"130":4,"131":4,"132":3,"133":3,"135":2,"137":2,"138":1,"139":1,"140":1,"142":1,"143":1,"144":1,"147":2,"148":2,"152":10,"159":16,"161":15,"162":15,"163":11,"165":3,"167":1,"170":14,"175":14,"177":13,"178":13,"179":13,"180":13,"182":13,"184":13,"185":11,"187":11,"188":11,"189":11,"194":15,"195":15,"196":13,"198":2,"200":0,"203":15,"204":2,"206":13,"210":0,"214":3,"215":2,"216":2,"217":2,"221":4,"222":3,"224":1,"225":1,"227":0,"231":2,"232":2,"233":2,"234":2,"236":2,"237":1,"242":3,"248":1,"253":25,"257":16,"258":16,"259":16,"260":16,"261":1200,"262":1200,"265":0},"path":"/Users/hihi/Desktop/6107/project/improved-amm/contracts/src/ImprovedAMM.sol","s":{"1":19,"2":19,"3":18,"4":18,"5":18,"6":16,"7":2,"8":1,"9":1,"10":17,"11":17,"12":17,"13":17,"14":17,"15":2,"16":2,"17":2,"18":2,"19":2,"20":2,"21":2,"22":2,"23":4,"24":4,"25":4,"26":4,"27":3,"28":2,"29":2,"30":1,"31":1,"32":2,"33":2,"34":16,"35":15,"36":15,"37":4,"38":14,"39":14,"40":13,"41":13,"42":13,"43":13,"44":11,"45":11,"46":11,"47":15,"48":15,"49":2,"50":15,"51":2,"52":13,"53":0,"54":3,"55":2,"56":4,"57":3,"58":1,"59":1,"60":2,"61":2,"62":2,"63":2,"64":2,"65":3,"66":25,"67":16,"68":16,"69":16,"70":0},"b":{"1":[0,19],"2":[0,0],"3":[0,0],"4":[19,0],"5":[0,18],"6":[0,0],"7":[16,2],"8":[0,1],"9":[0,17],"10":[0,0],"11":[2,0],"12":[0,2],"13":[0,2],"14":[0,0],"15":[4,0],"16":[0,4],"17":[1,2],"18":[0,1],"19":[1,1],"20":[0,1],"21":[0,1],"22":[1,15],"23":[11,4],"24":[3,1],"25":[11,3],"26":[1,13],"27":[1,0],"28":[2,11],"29":[0,11],"30":[11,0],"31":[13,2],"32":[2,0],"33":[2,13],"34":[3,1],"35":[3,1],"36":[1,0],"37":[0,2],"38":[0,2],"39":[1,1],"40":[1,2],"41":[0,0],"42":[0,1],"43":[1,0],"44":[1,24],"45":[16,0],"46":[0,0]},"f":{"1":19,"2":19,"3":2,"4":4,"5":10,"6":16,"7":15,"8":0,"9":3,"10":4,"11":2,"12":3,"13":25,"14":16},"fnMap":{"1":{"name":"constructor","line":53,"loc":{"start":{"line":48,"column":4},"end":{"line":62,"column":4}}},"2":{"name":"addLiquidity","line":69,"loc":{"start":{"line":64,"column":4},"end":{"line":94,"column":4}}},"3":{"name":"removeLiquidity","line":101,"loc":{"start":{"line":96,"column":4},"end":{"line":119,"column":4}}},"4":{"name":"swapExactIn","line":126,"loc":{"start":{"line":121,"column":4},"end":{"line":149,"column":4}}},"5":{"name":"quoteSwap","line":151,"loc":{"start":{"line":151,"column":4},"end":{"line":153,"column":4}}},"6":{"name":"quoteSwapDetails","line":155,"loc":{"start":{"line":155,"column":4},"end":{"line":191,"column":4}}},"7":{"name":"currentFeeBps","line":193,"loc":{"start":{"line":193,"column":4},"end":{"line":207,"column":4}}},"8":{"name":"getReserves","line":209,"loc":{"start":{"line":209,"column":4},"end":{"line":211,"column":4}}},"9":{"name":"updateVirtualReserves","line":213,"loc":{"start":{"line":213,"column":4},"end":{"line":218,"column":4}}},"10":{"name":"_pairFor","line":220,"loc":{"start":{"line":220,"column":4},"end":{"line":228,"column":4}}},"11":{"name":"_validateLiquidityRatio","line":230,"loc":{"start":{"line":230,"column":4},"end":{"line":239,"column":4}}},"12":{"name":"_validateVirtualReserves","line":241,"loc":{"start":{"line":241,"column":4},"end":{"line":250,"column":4}}},"13":{"name":"_checkDeadline","line":252,"loc":{"start":{"line":252,"column":4},"end":{"line":254,"column":4}}},"14":{"name":"_sqrt","line":256,"loc":{"start":{"line":256,"column":4},"end":{"line":267,"column":4}}}},"statementMap":{"1":{"start":{"line":54,"column":8},"end":{"line":54,"column":1921}},"2":{"start":{"line":70,"column":8},"end":{"line":70,"column":31}},"3":{"start":{"line":71,"column":8},"end":{"line":71,"column":64}},"4":{"start":{"line":73,"column":8},"end":{"line":73,"column":39}},"5":{"start":{"line":74,"column":8},"end":{"line":74,"column":2548}},"6":{"start":{"line":76,"column":12},"end":{"line":76,"column":52}},"7":{"start":{"line":78,"column":12},"end":{"line":78,"column":52}},"8":{"start":{"line":79,"column":12},"end":{"line":79,"column":63}},"9":{"start":{"line":80,"column":12},"end":{"line":80,"column":63}},"10":{"start":{"line":84,"column":8},"end":{"line":84,"column":86}},"11":{"start":{"line":86,"column":8},"end":{"line":86,"column":66}},"12":{"start":{"line":87,"column":8},"end":{"line":87,"column":66}},"13":{"start":{"line":92,"column":8},"end":{"line":92,"column":35}},"14":{"start":{"line":93,"column":8},"end":{"line":93,"column":68}},"15":{"start":{"line":102,"column":8},"end":{"line":102,"column":31}},"16":{"start":{"line":103,"column":8},"end":{"line":103,"column":50}},"17":{"start":{"line":105,"column":8},"end":{"line":105,"column":39}},"18":{"start":{"line":109,"column":8},"end":{"line":109,"column":85}},"19":{"start":{"line":111,"column":8},"end":{"line":111,"column":35}},"20":{"start":{"line":115,"column":8},"end":{"line":115,"column":47}},"21":{"start":{"line":116,"column":8},"end":{"line":116,"column":47}},"22":{"start":{"line":118,"column":8},"end":{"line":118,"column":70}},"23":{"start":{"line":127,"column":8},"end":{"line":127,"column":31}},"24":{"start":{"line":128,"column":8},"end":{"line":128,"column":49}},"25":{"start":{"line":130,"column":8},"end":{"line":130,"column":74}},"26":{"start":{"line":131,"column":8},"end":{"line":131,"column":82}},"27":{"start":{"line":133,"column":8},"end":{"line":133,"column":83}},"28":{"start":{"line":135,"column":8},"end":{"line":135,"column":66}},"29":{"start":{"line":137,"column":8},"end":{"line":137,"column":4823}},"30":{"start":{"line":138,"column":12},"end":{"line":138,"column":69}},"31":{"start":{"line":142,"column":12},"end":{"line":142,"column":69}},"32":{"start":{"line":147,"column":8},"end":{"line":147,"column":49}},"33":{"start":{"line":148,"column":8},"end":{"line":148,"column":67}},"34":{"start":{"line":159,"column":8},"end":{"line":159,"column":49}},"35":{"start":{"line":161,"column":8},"end":{"line":161,"column":23}},"36":{"start":{"line":162,"column":8},"end":{"line":162,"column":5699}},"37":{"start":{"line":164,"column":15},"end":{"line":164,"column":5779}},"38":{"start":{"line":170,"column":8},"end":{"line":170,"column":5980}},"39":{"start":{"line":175,"column":8},"end":{"line":175,"column":89}},"40":{"start":{"line":178,"column":8},"end":{"line":178,"column":68}},"41":{"start":{"line":179,"column":8},"end":{"line":179,"column":68}},"42":{"start":{"line":180,"column":8},"end":{"line":180,"column":71}},"43":{"start":{"line":184,"column":8},"end":{"line":184,"column":55}},"44":{"start":{"line":185,"column":8},"end":{"line":185,"column":73}},"45":{"start":{"line":187,"column":8},"end":{"line":187,"column":81}},"46":{"start":{"line":188,"column":8},"end":{"line":188,"column":6874}},"47":{"start":{"line":194,"column":8},"end":{"line":194,"column":25}},"48":{"start":{"line":195,"column":8},"end":{"line":195,"column":7117}},"49":{"start":{"line":197,"column":15},"end":{"line":197,"column":7200}},"50":{"start":{"line":203,"column":8},"end":{"line":203,"column":7339}},"51":{"start":{"line":204,"column":12},"end":{"line":204,"column":38}},"52":{"start":{"line":206,"column":8},"end":{"line":206,"column":27}},"53":{"start":{"line":210,"column":8},"end":{"line":210,"column":35}},"54":{"start":{"line":214,"column":8},"end":{"line":214,"column":67}},"55":{"start":{"line":217,"column":8},"end":{"line":217,"column":71}},"56":{"start":{"line":221,"column":8},"end":{"line":221,"column":8082}},"57":{"start":{"line":222,"column":12},"end":{"line":222,"column":41}},"58":{"start":{"line":224,"column":8},"end":{"line":224,"column":8177}},"59":{"start":{"line":225,"column":12},"end":{"line":225,"column":42}},"60":{"start":{"line":231,"column":8},"end":{"line":231,"column":41}},"61":{"start":{"line":232,"column":8},"end":{"line":232,"column":42}},"62":{"start":{"line":233,"column":8},"end":{"line":233,"column":65}},"63":{"start":{"line":234,"column":8},"end":{"line":234,"column":55}},"64":{"start":{"line":236,"column":8},"end":{"line":236,"column":8609}},"65":{"start":{"line":242,"column":8},"end":{"line":242,"column":8841}},"66":{"start":{"line":253,"column":8},"end":{"line":253,"column":56}},"67":{"start":{"line":257,"column":8},"end":{"line":257,"column":9390}},"68":{"start":{"line":259,"column":12},"end":{"line":259,"column":33}},"69":{"start":{"line":260,"column":12},"end":{"line":260,"column":9473}},"70":{"start":{"line":264,"column":15},"end":{"line":264,"column":9574}}},"branchMap":{"1":{"line":54,"type":"if","locations":[{"start":{"line":54,"column":8},"end":{"line":54,"column":8}},{"start":{"line":54,"column":8},"end":{"line":54,"column":8}}]},"2":{"line":54,"type":"cond-expr","locations":[{"start":{"line":54,"column":12},"end":{"line":54,"column":41}},{"start":{"line":54,"column":46},"end":{"line":54,"column":75}}]},"3":{"line":54,"type":"cond-expr","locations":[{"start":{"line":54,"column":12},"end":{"line":54,"column":75}},{"start":{"line":54,"column":80},"end":{"line":54,"column":97}}]},"4":{"line":69,"type":"if","locations":[{"start":{"line":69,"column":15},"end":{"line":69,"column":15}},{"start":{"line":69,"column":15},"end":{"line":69,"column":15}}]},"5":{"line":71,"type":"if","locations":[{"start":{"line":71,"column":8},"end":{"line":71,"column":8}},{"start":{"line":71,"column":8},"end":{"line":71,"column":8}}]},"6":{"line":71,"type":"cond-expr","locations":[{"start":{"line":71,"column":12},"end":{"line":71,"column":23}},{"start":{"line":71,"column":28},"end":{"line":71,"column":39}}]},"7":{"line":74,"type":"if","locations":[{"start":{"line":74,"column":8},"end":{"line":74,"column":8}},{"start":{"line":74,"column":8},"end":{"line":74,"column":8}}]},"8":{"line":81,"type":"if","locations":[{"start":{"line":81,"column":50},"end":{"line":81,"column":59}},{"start":{"line":81,"column":63},"end":{"line":81,"column":72}}]},"9":{"line":84,"type":"if","locations":[{"start":{"line":84,"column":8},"end":{"line":84,"column":8}},{"start":{"line":84,"column":8},"end":{"line":84,"column":8}}]},"10":{"line":84,"type":"cond-expr","locations":[{"start":{"line":84,"column":12},"end":{"line":84,"column":25}},{"start":{"line":84,"column":30},"end":{"line":84,"column":53}}]},"11":{"line":101,"type":"if","locations":[{"start":{"line":101,"column":15},"end":{"line":101,"column":15}},{"start":{"line":101,"column":15},"end":{"line":101,"column":15}}]},"12":{"line":103,"type":"if","locations":[{"start":{"line":103,"column":8},"end":{"line":103,"column":8}},{"start":{"line":103,"column":8},"end":{"line":103,"column":8}}]},"13":{"line":109,"type":"if","locations":[{"start":{"line":109,"column":8},"end":{"line":109,"column":8}},{"start":{"line":109,"column":8},"end":{"line":109,"column":8}}]},"14":{"line":109,"type":"cond-expr","locations":[{"start":{"line":109,"column":12},"end":{"line":109,"column":31}},{"start":{"line":109,"column":36},"end":{"line":109,"column":55}}]},"15":{"line":126,"type":"if","locations":[{"start":{"line":126,"column":15},"end":{"line":126,"column":15}},{"start":{"line":126,"column":15},"end":{"line":126,"column":15}}]},"16":{"line":128,"type":"if","locations":[{"start":{"line":128,"column":8},"end":{"line":128,"column":8}},{"start":{"line":128,"column":8},"end":{"line":128,"column":8}}]},"17":{"line":133,"type":"if","locations":[{"start":{"line":133,"column":8},"end":{"line":133,"column":8}},{"start":{"line":133,"column":8},"end":{"line":133,"column":8}}]},"18":{"line":133,"type":"cond-expr","locations":[{"start":{"line":133,"column":12},"end":{"line":133,"column":25}},{"start":{"line":133,"column":30},"end":{"line":133,"column":53}}]},"19":{"line":137,"type":"if","locations":[{"start":{"line":137,"column":8},"end":{"line":137,"column":8}},{"start":{"line":137,"column":8},"end":{"line":137,"column":8}}]},"20":{"line":138,"type":"if","locations":[{"start":{"line":138,"column":12},"end":{"line":138,"column":12}},{"start":{"line":138,"column":12},"end":{"line":138,"column":12}}]},"21":{"line":142,"type":"if","locations":[{"start":{"line":142,"column":12},"end":{"line":142,"column":12}},{"start":{"line":142,"column":12},"end":{"line":142,"column":12}}]},"22":{"line":159,"type":"if","locations":[{"start":{"line":159,"column":8},"end":{"line":159,"column":8}},{"start":{"line":159,"column":8},"end":{"line":159,"column":8}}]},"23":{"line":162,"type":"if","locations":[{"start":{"line":162,"column":8},"end":{"line":162,"column":8}},{"start":{"line":162,"column":8},"end":{"line":162,"column":8}}]},"24":{"line":164,"type":"if","locations":[{"start":{"line":164,"column":15},"end":{"line":164,"column":15}},{"start":{"line":164,"column":15},"end":{"line":164,"column":15}}]},"25":{"line":172,"type":"if","locations":[{"start":{"line":172,"column":18},"end":{"line":172,"column":71}},{"start":{"line":173,"column":18},"end":{"line":173,"column":71}}]},"26":{"line":175,"type":"if","locations":[{"start":{"line":175,"column":8},"end":{"line":175,"column":8}},{"start":{"line":175,"column":8},"end":{"line":175,"column":8}}]},"27":{"line":175,"type":"cond-expr","locations":[{"start":{"line":175,"column":12},"end":{"line":175,"column":31}},{"start":{"line":175,"column":36},"end":{"line":175,"column":56}}]},"28":{"line":184,"type":"if","locations":[{"start":{"line":184,"column":8},"end":{"line":184,"column":8}},{"start":{"line":184,"column":8},"end":{"line":184,"column":8}}]},"29":{"line":185,"type":"if","locations":[{"start":{"line":185,"column":8},"end":{"line":185,"column":8}},{"start":{"line":185,"column":8},"end":{"line":185,"column":8}}]},"30":{"line":188,"type":"if","locations":[{"start":{"line":188,"column":8},"end":{"line":188,"column":8}},{"start":{"line":188,"column":8},"end":{"line":188,"column":8}}]},"31":{"line":195,"type":"if","locations":[{"start":{"line":195,"column":8},"end":{"line":195,"column":8}},{"start":{"line":195,"column":8},"end":{"line":195,"column":8}}]},"32":{"line":197,"type":"if","locations":[{"start":{"line":197,"column":15},"end":{"line":197,"column":15}},{"start":{"line":197,"column":15},"end":{"line":197,"column":15}}]},"33":{"line":203,"type":"if","locations":[{"start":{"line":203,"column":8},"end":{"line":203,"column":8}},{"start":{"line":203,"column":8},"end":{"line":203,"column":8}}]},"34":{"line":213,"type":"if","locations":[{"start":{"line":213,"column":96},"end":{"line":213,"column":96}},{"start":{"line":213,"column":96},"end":{"line":213,"column":96}}]},"35":{"line":221,"type":"if","locations":[{"start":{"line":221,"column":8},"end":{"line":221,"column":8}},{"start":{"line":221,"column":8},"end":{"line":221,"column":8}}]},"36":{"line":224,"type":"if","locations":[{"start":{"line":224,"column":8},"end":{"line":224,"column":8}},{"start":{"line":224,"column":8},"end":{"line":224,"column":8}}]},"37":{"line":233,"type":"if","locations":[{"start":{"line":233,"column":38},"end":{"line":233,"column":49}},{"start":{"line":233,"column":53},"end":{"line":233,"column":64}}]},"38":{"line":234,"type":"if","locations":[{"start":{"line":234,"column":43},"end":{"line":234,"column":46}},{"start":{"line":234,"column":50},"end":{"line":234,"column":54}}]},"39":{"line":236,"type":"if","locations":[{"start":{"line":236,"column":8},"end":{"line":236,"column":8}},{"start":{"line":236,"column":8},"end":{"line":236,"column":8}}]},"40":{"line":242,"type":"if","locations":[{"start":{"line":242,"column":8},"end":{"line":242,"column":8}},{"start":{"line":242,"column":8},"end":{"line":242,"column":8}}]},"41":{"line":243,"type":"cond-expr","locations":[{"start":{"line":243,"column":12},"end":{"line":243,"column":50}},{"start":{"line":244,"column":19},"end":{"line":244,"column":57}}]},"42":{"line":243,"type":"cond-expr","locations":[{"start":{"line":243,"column":12},"end":{"line":244,"column":57}},{"start":{"line":245,"column":19},"end":{"line":245,"column":78}}]},"43":{"line":243,"type":"cond-expr","locations":[{"start":{"line":243,"column":12},"end":{"line":245,"column":78}},{"start":{"line":246,"column":19},"end":{"line":246,"column":78}}]},"44":{"line":253,"type":"if","locations":[{"start":{"line":253,"column":8},"end":{"line":253,"column":8}},{"start":{"line":253,"column":8},"end":{"line":253,"column":8}}]},"45":{"line":257,"type":"if","locations":[{"start":{"line":257,"column":8},"end":{"line":257,"column":8}},{"start":{"line":257,"column":8},"end":{"line":257,"column":8}}]},"46":{"line":264,"type":"if","locations":[{"start":{"line":264,"column":15},"end":{"line":264,"column":15}},{"start":{"line":264,"column":15},"end":{"line":264,"column":15}}]}}},"contracts/src/libraries/FullMath.sol":{"l":{"9":1017,"10":1017,"11":1017,"12":1017,"17":1017,"18":857,"19":855,"20":855,"22":160,"23":160,"24":160,"29":160,"30":160,"35":160,"36":160,"37":160,"38":160,"39":160,"40":160,"41":160,"42":160,"43":160,"49":524,"50":524,"51":302,"52":302},"path":"/Users/hihi/Desktop/6107/project/improved-amm/contracts/src/libraries/FullMath.sol","s":{"1":1017,"2":1017,"3":1017,"4":857,"5":855,"6":160,"7":160,"8":160,"9":160,"10":524,"11":302},"b":{"1":[857,160],"2":[855,2],"3":[160,0],"4":[302,222],"5":[302,0]},"f":{"1":1017,"2":524},"fnMap":{"1":{"name":"mulDiv","line":8,"loc":{"start":{"line":8,"column":4},"end":{"line":45,"column":4}}},"2":{"name":"mulDivRoundingUp","line":48,"loc":{"start":{"line":48,"column":4},"end":{"line":54,"column":4}}}},"statementMap":{"1":{"start":{"line":10,"column":12},"end":{"line":10,"column":25}},"2":{"start":{"line":11,"column":12},"end":{"line":11,"column":25}},"3":{"start":{"line":17,"column":12},"end":{"line":17,"column":657}},"4":{"start":{"line":18,"column":16},"end":{"line":18,"column":39}},"5":{"start":{"line":20,"column":16},"end":{"line":20,"column":29}},"6":{"start":{"line":22,"column":12},"end":{"line":22,"column":39}},"7":{"start":{"line":23,"column":12},"end":{"line":23,"column":29}},"8":{"start":{"line":29,"column":12},"end":{"line":29,"column":59}},"9":{"start":{"line":36,"column":12},"end":{"line":36,"column":47}},"10":{"start":{"line":50,"column":8},"end":{"line":50,"column":1972}},"11":{"start":{"line":51,"column":12},"end":{"line":51,"column":46}}},"branchMap":{"1":{"line":17,"type":"if","locations":[{"start":{"line":17,"column":12},"end":{"line":17,"column":12}},{"start":{"line":17,"column":12},"end":{"line":17,"column":12}}]},"2":{"line":18,"type":"if","locations":[{"start":{"line":18,"column":16},"end":{"line":18,"column":16}},{"start":{"line":18,"column":16},"end":{"line":18,"column":16}}]},"3":{"line":22,"type":"if","locations":[{"start":{"line":22,"column":12},"end":{"line":22,"column":12}},{"start":{"line":22,"column":12},"end":{"line":22,"column":12}}]},"4":{"line":50,"type":"if","locations":[{"start":{"line":50,"column":8},"end":{"line":50,"column":8}},{"start":{"line":50,"column":8},"end":{"line":50,"column":8}}]},"5":{"line":51,"type":"if","locations":[{"start":{"line":51,"column":12},"end":{"line":51,"column":12}},{"start":{"line":51,"column":12},"end":{"line":51,"column":12}}]}}},"contracts/src/libraries/LiquidityAmounts.sol":{"l":{"17":22,"18":22,"19":22,"28":19,"29":19,"40":23,"42":23,"43":4,"45":18,"46":18,"47":18,"49":1,"59":0,"60":0,"73":0,"74":0,"84":0,"85":0,"86":0,"88":0,"89":0,"91":0},"path":"/Users/hihi/Desktop/6107/project/improved-amm/contracts/src/libraries/LiquidityAmounts.sol","s":{"1":22,"2":22,"3":22,"4":19,"5":19,"6":23,"7":23,"8":19,"9":18,"10":18,"11":0,"12":0,"13":0,"14":0,"15":0,"16":0,"17":0},"b":{"1":[0,22],"2":[0,19],"3":[2,21],"4":[4,19],"5":[18,1],"6":[2,16],"7":[0,0],"8":[0,0],"9":[0,0],"10":[0,0],"11":[0,0]},"f":{"1":22,"2":19,"3":23,"4":0,"5":0,"6":0},"fnMap":{"1":{"name":"getLiquidityForAmount0","line":12,"loc":{"start":{"line":12,"column":4},"end":{"line":20,"column":4}}},"2":{"name":"getLiquidityForAmount1","line":23,"loc":{"start":{"line":23,"column":4},"end":{"line":30,"column":4}}},"3":{"name":"getLiquidityForAmounts","line":33,"loc":{"start":{"line":33,"column":4},"end":{"line":51,"column":4}}},"4":{"name":"getAmount0ForLiquidity","line":54,"loc":{"start":{"line":54,"column":4},"end":{"line":65,"column":4}}},"5":{"name":"getAmount1ForLiquidity","line":68,"loc":{"start":{"line":68,"column":4},"end":{"line":75,"column":4}}},"6":{"name":"getAmountsForLiquidity","line":78,"loc":{"start":{"line":78,"column":4},"end":{"line":93,"column":4}}}},"statementMap":{"1":{"start":{"line":17,"column":8},"end":{"line":17,"column":106}},"2":{"start":{"line":18,"column":8},"end":{"line":18,"column":81}},"3":{"start":{"line":19,"column":8},"end":{"line":19,"column":104}},"4":{"start":{"line":28,"column":8},"end":{"line":28,"column":106}},"5":{"start":{"line":29,"column":8},"end":{"line":29,"column":95}},"6":{"start":{"line":40,"column":8},"end":{"line":40,"column":106}},"7":{"start":{"line":42,"column":8},"end":{"line":42,"column":1727}},"8":{"start":{"line":44,"column":15},"end":{"line":44,"column":1866}},"9":{"start":{"line":45,"column":12},"end":{"line":45,"column":93}},"10":{"start":{"line":46,"column":12},"end":{"line":46,"column":93}},"11":{"start":{"line":59,"column":8},"end":{"line":59,"column":106}},"12":{"start":{"line":60,"column":8},"end":{"line":60,"column":2662}},"13":{"start":{"line":73,"column":8},"end":{"line":73,"column":106}},"14":{"start":{"line":74,"column":8},"end":{"line":74,"column":77}},"15":{"start":{"line":84,"column":8},"end":{"line":84,"column":106}},"16":{"start":{"line":85,"column":8},"end":{"line":85,"column":3660}},"17":{"start":{"line":87,"column":15},"end":{"line":87,"column":3799}}},"branchMap":{"1":{"line":17,"type":"if","locations":[{"start":{"line":17,"column":8},"end":{"line":17,"column":8}},{"start":{"line":17,"column":8},"end":{"line":17,"column":8}}]},"2":{"line":28,"type":"if","locations":[{"start":{"line":28,"column":8},"end":{"line":28,"column":8}},{"start":{"line":28,"column":8},"end":{"line":28,"column":8}}]},"3":{"line":40,"type":"if","locations":[{"start":{"line":40,"column":8},"end":{"line":40,"column":8}},{"start":{"line":40,"column":8},"end":{"line":40,"column":8}}]},"4":{"line":42,"type":"if","locations":[{"start":{"line":42,"column":8},"end":{"line":42,"column":8}},{"start":{"line":42,"column":8},"end":{"line":42,"column":8}}]},"5":{"line":44,"type":"if","locations":[{"start":{"line":44,"column":15},"end":{"line":44,"column":15}},{"start":{"line":44,"column":15},"end":{"line":44,"column":15}}]},"6":{"line":47,"type":"if","locations":[{"start":{"line":47,"column":50},"end":{"line":47,"column":59}},{"start":{"line":47,"column":63},"end":{"line":47,"column":72}}]},"7":{"line":59,"type":"if","locations":[{"start":{"line":59,"column":8},"end":{"line":59,"column":8}},{"start":{"line":59,"column":8},"end":{"line":59,"column":8}}]},"8":{"line":73,"type":"if","locations":[{"start":{"line":73,"column":8},"end":{"line":73,"column":8}},{"start":{"line":73,"column":8},"end":{"line":73,"column":8}}]},"9":{"line":84,"type":"if","locations":[{"start":{"line":84,"column":8},"end":{"line":84,"column":8}},{"start":{"line":84,"column":8},"end":{"line":84,"column":8}}]},"10":{"line":85,"type":"if","locations":[{"start":{"line":85,"column":8},"end":{"line":85,"column":8}},{"start":{"line":85,"column":8},"end":{"line":85,"column":8}}]},"11":{"line":87,"type":"if","locations":[{"start":{"line":87,"column":15},"end":{"line":87,"column":15}},{"start":{"line":87,"column":15},"end":{"line":87,"column":15}}]}}},"contracts/src/libraries/LiquidityMath.sol":{"l":{"7":71,"8":15,"10":56},"path":"/Users/hihi/Desktop/6107/project/improved-amm/contracts/src/libraries/LiquidityMath.sol","s":{"1":71,"2":15,"3":56},"b":{"1":[15,56],"2":[15,0],"3":[56,0]},"f":{"1":71},"fnMap":{"1":{"name":"addDelta","line":6,"loc":{"start":{"line":6,"column":4},"end":{"line":12,"column":4}}}},"statementMap":{"1":{"start":{"line":7,"column":8},"end":{"line":7,"column":233}},"2":{"start":{"line":8,"column":12},"end":{"line":8,"column":51}},"3":{"start":{"line":10,"column":12},"end":{"line":10,"column":51}}},"branchMap":{"1":{"line":7,"type":"if","locations":[{"start":{"line":7,"column":8},"end":{"line":7,"column":8}},{"start":{"line":7,"column":8},"end":{"line":7,"column":8}}]},"2":{"line":8,"type":"if","locations":[{"start":{"line":8,"column":12},"end":{"line":8,"column":12}},{"start":{"line":8,"column":12},"end":{"line":8,"column":12}}]},"3":{"line":10,"type":"if","locations":[{"start":{"line":10,"column":12},"end":{"line":10,"column":12}},{"start":{"line":10,"column":12},"end":{"line":10,"column":12}}]}}},"contracts/src/libraries/Oracle.sol":{"l":{"23":81,"24":81,"26":80,"27":0,"29":80,"32":80,"33":80,"42":81,"43":81,"44":81,"59":17,"65":17,"74":0,"75":0,"76":0,"77":0,"79":0,"83":1,"84":0,"85":0,"86":0,"96":0,"97":0,"98":0,"99":0,"100":0,"101":0,"102":0,"103":0,"104":0,"105":0,"106":0,"120":1,"121":1,"122":1,"123":1,"125":0,"128":0,"129":0,"130":0,"131":0,"147":1,"148":1,"149":1,"150":1,"151":2,"166":2,"167":1,"168":1,"169":1,"171":1,"172":1,"174":1,"175":1,"177":0,"179":0,"180":0,"181":0,"182":0},"path":"/Users/hihi/Desktop/6107/project/improved-amm/contracts/src/libraries/Oracle.sol","s":{"1":81,"2":81,"3":1,"4":80,"5":81,"6":81,"7":17,"8":0,"9":0,"10":0,"11":0,"12":0,"13":1,"14":1,"15":0,"16":0,"17":0,"18":0,"19":0,"20":0,"21":0,"22":0,"23":0,"24":0,"25":0,"26":1,"27":1,"28":1,"29":0,"30":0,"31":0,"32":0,"33":1,"34":1,"35":2,"36":1,"37":1,"38":1,"39":1,"40":1,"41":1,"42":1,"43":0,"44":0,"45":0,"46":0,"47":0},"b":{"1":[1,80],"2":[0,80],"3":[0,0],"4":[0,0],"5":[1,0],"6":[0,0],"7":[0,0],"8":[0,0],"9":[0,0],"10":[0,0],"11":[1,0],"12":[1,0],"13":[0,0],"14":[0,0],"15":[1,0],"16":[1,1],"17":[1,0],"18":[1,0],"19":[0,0]},"f":{"1":81,"2":81,"3":17,"4":0,"5":1,"6":0,"7":1,"8":1,"9":2},"fnMap":{"1":{"name":"write","line":14,"loc":{"start":{"line":14,"column":4},"end":{"line":34,"column":4}}},"2":{"name":"transform","line":36,"loc":{"start":{"line":36,"column":4},"end":{"line":52,"column":4}}},"3":{"name":"initialize","line":55,"loc":{"start":{"line":55,"column":4},"end":{"line":66,"column":4}}},"4":{"name":"grow","line":69,"loc":{"start":{"line":69,"column":4},"end":{"line":80,"column":4}}},"5":{"name":"lte","line":82,"loc":{"start":{"line":82,"column":4},"end":{"line":87,"column":4}}},"6":{"name":"binarySearch","line":89,"loc":{"start":{"line":89,"column":4},"end":{"line":109,"column":4}}},"7":{"name":"getSurroundingObservations","line":111,"loc":{"start":{"line":111,"column":4},"end":{"line":132,"column":4}}},"8":{"name":"observe","line":135,"loc":{"start":{"line":135,"column":4},"end":{"line":155,"column":4}}},"9":{"name":"observeSingle","line":157,"loc":{"start":{"line":157,"column":4},"end":{"line":194,"column":4}}}},"statementMap":{"1":{"start":{"line":23,"column":8},"end":{"line":23,"column":45}},"2":{"start":{"line":24,"column":8},"end":{"line":24,"column":78}},"3":{"start":{"line":24,"column":51},"end":{"line":24,"column":78}},"4":{"start":{"line":26,"column":8},"end":{"line":26,"column":844}},"5":{"start":{"line":43,"column":12},"end":{"line":43,"column":63}},"6":{"start":{"line":44,"column":12},"end":{"line":44,"column":1465}},"7":{"start":{"line":65,"column":8},"end":{"line":65,"column":21}},"8":{"start":{"line":74,"column":8},"end":{"line":74,"column":27}},"9":{"start":{"line":75,"column":8},"end":{"line":75,"column":43}},"10":{"start":{"line":75,"column":29},"end":{"line":75,"column":43}},"11":{"start":{"line":76,"column":8},"end":{"line":76,"column":2557}},"12":{"start":{"line":79,"column":8},"end":{"line":79,"column":19}},"13":{"start":{"line":83,"column":8},"end":{"line":83,"column":49}},"14":{"start":{"line":83,"column":36},"end":{"line":83,"column":49}},"15":{"start":{"line":84,"column":8},"end":{"line":84,"column":54}},"16":{"start":{"line":85,"column":8},"end":{"line":85,"column":54}},"17":{"start":{"line":86,"column":8},"end":{"line":86,"column":37}},"18":{"start":{"line":96,"column":8},"end":{"line":96,"column":45}},"19":{"start":{"line":97,"column":8},"end":{"line":97,"column":39}},"20":{"start":{"line":98,"column":8},"end":{"line":98,"column":17}},"21":{"start":{"line":99,"column":8},"end":{"line":99,"column":3333}},"22":{"start":{"line":102,"column":12},"end":{"line":102,"column":64}},"23":{"start":{"line":104,"column":12},"end":{"line":104,"column":79}},"24":{"start":{"line":105,"column":12},"end":{"line":105,"column":85}},"25":{"start":{"line":106,"column":12},"end":{"line":106,"column":3742}},"26":{"start":{"line":121,"column":8},"end":{"line":121,"column":4157}},"27":{"start":{"line":122,"column":12},"end":{"line":122,"column":4225}},"28":{"start":{"line":123,"column":16},"end":{"line":123,"column":46}},"29":{"start":{"line":125,"column":16},"end":{"line":125,"column":83}},"30":{"start":{"line":129,"column":8},"end":{"line":129,"column":57}},"31":{"start":{"line":130,"column":8},"end":{"line":130,"column":67}},"32":{"start":{"line":131,"column":8},"end":{"line":131,"column":67}},"33":{"start":{"line":147,"column":8},"end":{"line":147,"column":31}},"34":{"start":{"line":150,"column":8},"end":{"line":150,"column":5335}},"35":{"start":{"line":166,"column":8},"end":{"line":166,"column":5904}},"36":{"start":{"line":167,"column":12},"end":{"line":167,"column":49}},"37":{"start":{"line":168,"column":12},"end":{"line":168,"column":90}},"38":{"start":{"line":169,"column":12},"end":{"line":169,"column":80}},"39":{"start":{"line":171,"column":8},"end":{"line":171,"column":41}},"40":{"start":{"line":172,"column":8},"end":{"line":172,"column":6300}},"41":{"start":{"line":174,"column":8},"end":{"line":174,"column":6382}},"42":{"start":{"line":175,"column":12},"end":{"line":175,"column":92}},"43":{"start":{"line":176,"column":15},"end":{"line":176,"column":6534}},"44":{"start":{"line":177,"column":12},"end":{"line":177,"column":90}},"45":{"start":{"line":180,"column":16},"end":{"line":180,"column":98}},"46":{"start":{"line":181,"column":16},"end":{"line":181,"column":71}},"47":{"start":{"line":182,"column":16},"end":{"line":182,"column":6907}}},"branchMap":{"1":{"line":24,"type":"if","locations":[{"start":{"line":24,"column":8},"end":{"line":24,"column":8}},{"start":{"line":24,"column":8},"end":{"line":24,"column":8}}]},"2":{"line":26,"type":"if","locations":[{"start":{"line":26,"column":8},"end":{"line":26,"column":8}},{"start":{"line":26,"column":8},"end":{"line":26,"column":8}}]},"3":{"line":74,"type":"if","locations":[{"start":{"line":74,"column":8},"end":{"line":74,"column":8}},{"start":{"line":74,"column":8},"end":{"line":74,"column":8}}]},"4":{"line":75,"type":"if","locations":[{"start":{"line":75,"column":8},"end":{"line":75,"column":8}},{"start":{"line":75,"column":8},"end":{"line":75,"column":8}}]},"5":{"line":83,"type":"if","locations":[{"start":{"line":83,"column":8},"end":{"line":83,"column":8}},{"start":{"line":83,"column":8},"end":{"line":83,"column":8}}]},"6":{"line":84,"type":"if","locations":[{"start":{"line":84,"column":39},"end":{"line":84,"column":39}},{"start":{"line":84,"column":43},"end":{"line":84,"column":53}}]},"7":{"line":85,"type":"if","locations":[{"start":{"line":85,"column":39},"end":{"line":85,"column":39}},{"start":{"line":85,"column":43},"end":{"line":85,"column":53}}]},"8":{"line":102,"type":"if","locations":[{"start":{"line":102,"column":12},"end":{"line":102,"column":12}},{"start":{"line":102,"column":12},"end":{"line":102,"column":12}}]},"9":{"line":105,"type":"if","locations":[{"start":{"line":105,"column":12},"end":{"line":105,"column":12}},{"start":{"line":105,"column":12},"end":{"line":105,"column":12}}]},"10":{"line":106,"type":"if","locations":[{"start":{"line":106,"column":12},"end":{"line":106,"column":12}},{"start":{"line":106,"column":12},"end":{"line":106,"column":12}}]},"11":{"line":121,"type":"if","locations":[{"start":{"line":121,"column":8},"end":{"line":121,"column":8}},{"start":{"line":121,"column":8},"end":{"line":121,"column":8}}]},"12":{"line":122,"type":"if","locations":[{"start":{"line":122,"column":12},"end":{"line":122,"column":12}},{"start":{"line":122,"column":12},"end":{"line":122,"column":12}}]},"13":{"line":129,"type":"if","locations":[{"start":{"line":129,"column":8},"end":{"line":129,"column":8}},{"start":{"line":129,"column":8},"end":{"line":129,"column":8}}]},"14":{"line":130,"type":"if","locations":[{"start":{"line":130,"column":8},"end":{"line":130,"column":8}},{"start":{"line":130,"column":8},"end":{"line":130,"column":8}}]},"15":{"line":147,"type":"if","locations":[{"start":{"line":147,"column":8},"end":{"line":147,"column":8}},{"start":{"line":147,"column":8},"end":{"line":147,"column":8}}]},"16":{"line":166,"type":"if","locations":[{"start":{"line":166,"column":8},"end":{"line":166,"column":8}},{"start":{"line":166,"column":8},"end":{"line":166,"column":8}}]},"17":{"line":168,"type":"if","locations":[{"start":{"line":168,"column":12},"end":{"line":168,"column":12}},{"start":{"line":168,"column":12},"end":{"line":168,"column":12}}]},"18":{"line":174,"type":"if","locations":[{"start":{"line":174,"column":8},"end":{"line":174,"column":8}},{"start":{"line":174,"column":8},"end":{"line":174,"column":8}}]},"19":{"line":176,"type":"if","locations":[{"start":{"line":176,"column":15},"end":{"line":176,"column":15}},{"start":{"line":176,"column":15},"end":{"line":176,"column":15}}]}}},"contracts/src/libraries/Position.sol":{"l":{"23":48,"32":30,"33":30,"34":30,"35":6,"36":6,"38":24,"44":30,"45":30,"48":30,"52":30,"53":30,"54":30,"55":30,"56":6,"57":6},"path":"/Users/hihi/Desktop/6107/project/improved-amm/contracts/src/libraries/Position.sol","s":{"1":30,"2":30,"3":30,"4":6,"5":30,"6":30,"7":30,"8":30},"b":{"1":[6,24],"2":[6,0],"3":[5,19],"4":[24,6],"5":[6,24],"6":[6,0]},"f":{"1":48,"2":30},"fnMap":{"1":{"name":"get","line":17,"loc":{"start":{"line":17,"column":4},"end":{"line":24,"column":4}}},"2":{"name":"update","line":26,"loc":{"start":{"line":26,"column":4},"end":{"line":60,"column":4}}}},"statementMap":{"1":{"start":{"line":32,"column":8},"end":{"line":32,"column":32}},"2":{"start":{"line":33,"column":8},"end":{"line":33,"column":29}},"3":{"start":{"line":34,"column":8},"end":{"line":34,"column":904}},"4":{"start":{"line":35,"column":12},"end":{"line":35,"column":39}},"5":{"start":{"line":45,"column":12},"end":{"line":45,"column":1302}},"6":{"start":{"line":48,"column":12},"end":{"line":48,"column":1512}},"7":{"start":{"line":52,"column":12},"end":{"line":52,"column":67}},"8":{"start":{"line":55,"column":12},"end":{"line":55,"column":1923}}},"branchMap":{"1":{"line":34,"type":"if","locations":[{"start":{"line":34,"column":8},"end":{"line":34,"column":8}},{"start":{"line":34,"column":8},"end":{"line":34,"column":8}}]},"2":{"line":35,"type":"if","locations":[{"start":{"line":35,"column":12},"end":{"line":35,"column":12}},{"start":{"line":35,"column":12},"end":{"line":35,"column":12}}]},"3":{"line":39,"type":"if","locations":[{"start":{"line":39,"column":18},"end":{"line":39,"column":59}},{"start":{"line":40,"column":18},"end":{"line":40,"column":58}}]},"4":{"line":52,"type":"if","locations":[{"start":{"line":52,"column":12},"end":{"line":52,"column":12}},{"start":{"line":52,"column":12},"end":{"line":52,"column":12}}]},"5":{"line":55,"type":"if","locations":[{"start":{"line":55,"column":12},"end":{"line":55,"column":12}},{"start":{"line":55,"column":12},"end":{"line":55,"column":12}}]},"6":{"line":55,"type":"cond-expr","locations":[{"start":{"line":55,"column":16},"end":{"line":55,"column":30}},{"start":{"line":55,"column":35},"end":{"line":55,"column":49}}]}}},"contracts/src/libraries/SafeCast.sol":{"l":{"7":60,"11":30,"15":326,"16":326,"20":99},"path":"/Users/hihi/Desktop/6107/project/improved-amm/contracts/src/libraries/SafeCast.sol","s":{"1":60,"2":30,"3":326,"4":99},"b":{"1":[60,0],"2":[30,0],"3":[326,0],"4":[99,0]},"f":{"1":60,"2":30,"3":326,"4":99},"fnMap":{"1":{"name":"toUint160","line":6,"loc":{"start":{"line":6,"column":4},"end":{"line":8,"column":4}}},"2":{"name":"toInt128","line":10,"loc":{"start":{"line":10,"column":4},"end":{"line":12,"column":4}}},"3":{"name":"toInt256","line":14,"loc":{"start":{"line":14,"column":4},"end":{"line":17,"column":4}}},"4":{"name":"toUint128","line":19,"loc":{"start":{"line":19,"column":4},"end":{"line":21,"column":4}}}},"statementMap":{"1":{"start":{"line":7,"column":8},"end":{"line":7,"column":37}},"2":{"start":{"line":11,"column":8},"end":{"line":11,"column":36}},"3":{"start":{"line":15,"column":8},"end":{"line":15,"column":28}},"4":{"start":{"line":20,"column":8},"end":{"line":20,"column":37}}},"branchMap":{"1":{"line":7,"type":"if","locations":[{"start":{"line":7,"column":8},"end":{"line":7,"column":8}},{"start":{"line":7,"column":8},"end":{"line":7,"column":8}}]},"2":{"line":11,"type":"if","locations":[{"start":{"line":11,"column":8},"end":{"line":11,"column":8}},{"start":{"line":11,"column":8},"end":{"line":11,"column":8}}]},"3":{"line":15,"type":"if","locations":[{"start":{"line":15,"column":8},"end":{"line":15,"column":8}},{"start":{"line":15,"column":8},"end":{"line":15,"column":8}}]},"4":{"line":20,"type":"if","locations":[{"start":{"line":20,"column":8},"end":{"line":20,"column":8}},{"start":{"line":20,"column":8},"end":{"line":20,"column":8}}]}}},"contracts/src/libraries/SqrtPriceMath.sol":{"l":{"20":200,"21":200,"22":200,"23":200,"24":200,"36":172,"37":172,"48":23,"58":24,"70":60,"71":60,"83":1,"84":1,"95":45,"96":45,"97":45,"98":45,"99":45,"100":45,"101":45,"102":45,"103":45,"106":0,"109":0,"110":0,"111":0,"112":0,"113":0,"124":16,"125":15,"128":15,"130":1,"133":1,"134":1},"path":"/Users/hihi/Desktop/6107/project/improved-amm/contracts/src/libraries/SqrtPriceMath.sol","s":{"1":200,"2":200,"3":200,"4":200,"5":200,"6":172,"7":172,"8":23,"9":24,"10":60,"11":60,"12":1,"13":1,"14":45,"15":0,"16":45,"17":45,"18":45,"19":45,"20":45,"21":45,"22":45,"23":0,"24":0,"25":0,"26":0,"27":0,"28":16,"29":15,"30":15,"31":1,"32":1,"33":1},"b":{"1":[0,200],"2":[200,0],"3":[177,23],"4":[0,172],"5":[52,120],"6":[5,18],"7":[5,19],"8":[60,0],"9":[45,15],"10":[1,0],"11":[1,0],"12":[0,45],"13":[45,0],"14":[45,0],"15":[45,0],"16":[0,0],"17":[15,1],"18":[15,0],"19":[1,0],"20":[1,0]},"f":{"1":200,"2":172,"3":23,"4":24,"5":60,"6":1,"7":45,"8":16},"fnMap":{"1":{"name":"getAmount0Delta","line":14,"loc":{"start":{"line":14,"column":4},"end":{"line":27,"column":4}}},"2":{"name":"getAmount1Delta","line":30,"loc":{"start":{"line":30,"column":4},"end":{"line":40,"column":4}}},"3":{"name":"getAmount0Delta","line":43,"loc":{"start":{"line":43,"column":4},"end":{"line":51,"column":4}}},"4":{"name":"getAmount1Delta","line":53,"loc":{"start":{"line":53,"column":4},"end":{"line":61,"column":4}}},"5":{"name":"getNextSqrtPriceFromInput","line":64,"loc":{"start":{"line":64,"column":4},"end":{"line":74,"column":4}}},"6":{"name":"getNextSqrtPriceFromOutput","line":77,"loc":{"start":{"line":77,"column":4},"end":{"line":87,"column":4}}},"7":{"name":"getNextSqrtPriceFromAmount0RoundingUp","line":89,"loc":{"start":{"line":89,"column":4},"end":{"line":116,"column":4}}},"8":{"name":"getNextSqrtPriceFromAmount1RoundingDown","line":118,"loc":{"start":{"line":118,"column":4},"end":{"line":136,"column":4}}}},"statementMap":{"1":{"start":{"line":20,"column":8},"end":{"line":20,"column":106}},"2":{"start":{"line":21,"column":8},"end":{"line":21,"column":53}},"3":{"start":{"line":22,"column":8},"end":{"line":22,"column":58}},"4":{"start":{"line":23,"column":8},"end":{"line":23,"column":33}},"5":{"start":{"line":24,"column":8},"end":{"line":24,"column":937}},"6":{"start":{"line":36,"column":8},"end":{"line":36,"column":106}},"7":{"start":{"line":37,"column":8},"end":{"line":37,"column":1555}},"8":{"start":{"line":48,"column":8},"end":{"line":48,"column":1995}},"9":{"start":{"line":58,"column":8},"end":{"line":58,"column":2388}},"10":{"start":{"line":70,"column":8},"end":{"line":70,"column":45}},"11":{"start":{"line":71,"column":8},"end":{"line":71,"column":2936}},"12":{"start":{"line":83,"column":8},"end":{"line":83,"column":45}},"13":{"start":{"line":84,"column":8},"end":{"line":84,"column":3477}},"14":{"start":{"line":95,"column":8},"end":{"line":95,"column":40}},"15":{"start":{"line":95,"column":25},"end":{"line":95,"column":40}},"16":{"start":{"line":96,"column":8},"end":{"line":96,"column":53}},"17":{"start":{"line":97,"column":8},"end":{"line":97,"column":3895}},"18":{"start":{"line":99,"column":16},"end":{"line":99,"column":51}},"19":{"start":{"line":100,"column":16},"end":{"line":100,"column":4007}},"20":{"start":{"line":101,"column":20},"end":{"line":101,"column":62}},"21":{"start":{"line":102,"column":20},"end":{"line":102,"column":4131}},"22":{"start":{"line":103,"column":24},"end":{"line":103,"column":111}},"23":{"start":{"line":106,"column":16},"end":{"line":106,"column":117}},"24":{"start":{"line":110,"column":16},"end":{"line":110,"column":51}},"25":{"start":{"line":111,"column":16},"end":{"line":111,"column":76}},"26":{"start":{"line":112,"column":16},"end":{"line":112,"column":58}},"27":{"start":{"line":113,"column":16},"end":{"line":113,"column":103}},"28":{"start":{"line":124,"column":8},"end":{"line":124,"column":5002}},"29":{"start":{"line":125,"column":12},"end":{"line":125,"column":5074}},"30":{"start":{"line":128,"column":12},"end":{"line":128,"column":67}},"31":{"start":{"line":130,"column":12},"end":{"line":130,"column":5333}},"32":{"start":{"line":133,"column":12},"end":{"line":133,"column":39}},"33":{"start":{"line":134,"column":24},"end":{"line":134,"column":59}}},"branchMap":{"1":{"line":20,"type":"if","locations":[{"start":{"line":20,"column":8},"end":{"line":20,"column":8}},{"start":{"line":20,"column":8},"end":{"line":20,"column":8}}]},"2":{"line":23,"type":"if","locations":[{"start":{"line":23,"column":8},"end":{"line":23,"column":8}},{"start":{"line":23,"column":8},"end":{"line":23,"column":8}}]},"3":{"line":25,"type":"if","locations":[{"start":{"line":25,"column":14},"end":{"line":25,"column":122}},{"start":{"line":26,"column":14},"end":{"line":26,"column":102}}]},"4":{"line":36,"type":"if","locations":[{"start":{"line":36,"column":8},"end":{"line":36,"column":8}},{"start":{"line":36,"column":8},"end":{"line":36,"column":8}}]},"5":{"line":38,"type":"if","locations":[{"start":{"line":38,"column":14},"end":{"line":38,"column":85}},{"start":{"line":39,"column":14},"end":{"line":39,"column":75}}]},"6":{"line":49,"type":"if","locations":[{"start":{"line":49,"column":14},"end":{"line":49,"column":95}},{"start":{"line":50,"column":15},"end":{"line":50,"column":93}}]},"7":{"line":59,"type":"if","locations":[{"start":{"line":59,"column":14},"end":{"line":59,"column":95}},{"start":{"line":60,"column":15},"end":{"line":60,"column":93}}]},"8":{"line":70,"type":"if","locations":[{"start":{"line":70,"column":8},"end":{"line":70,"column":8}},{"start":{"line":70,"column":8},"end":{"line":70,"column":8}}]},"9":{"line":72,"type":"if","locations":[{"start":{"line":72,"column":14},"end":{"line":72,"column":87}},{"start":{"line":73,"column":14},"end":{"line":73,"column":89}}]},"10":{"line":83,"type":"if","locations":[{"start":{"line":83,"column":8},"end":{"line":83,"column":8}},{"start":{"line":83,"column":8},"end":{"line":83,"column":8}}]},"11":{"line":85,"type":"if","locations":[{"start":{"line":85,"column":14},"end":{"line":85,"column":91}},{"start":{"line":86,"column":14},"end":{"line":86,"column":89}}]},"12":{"line":95,"type":"if","locations":[{"start":{"line":95,"column":8},"end":{"line":95,"column":8}},{"start":{"line":95,"column":8},"end":{"line":95,"column":8}}]},"13":{"line":97,"type":"if","locations":[{"start":{"line":97,"column":8},"end":{"line":97,"column":8}},{"start":{"line":97,"column":8},"end":{"line":97,"column":8}}]},"14":{"line":100,"type":"if","locations":[{"start":{"line":100,"column":16},"end":{"line":100,"column":16}},{"start":{"line":100,"column":16},"end":{"line":100,"column":16}}]},"15":{"line":102,"type":"if","locations":[{"start":{"line":102,"column":20},"end":{"line":102,"column":20}},{"start":{"line":102,"column":20},"end":{"line":102,"column":20}}]},"16":{"line":111,"type":"if","locations":[{"start":{"line":111,"column":16},"end":{"line":111,"column":16}},{"start":{"line":111,"column":16},"end":{"line":111,"column":16}}]},"17":{"line":124,"type":"if","locations":[{"start":{"line":124,"column":8},"end":{"line":124,"column":8}},{"start":{"line":124,"column":8},"end":{"line":124,"column":8}}]},"18":{"line":126,"type":"if","locations":[{"start":{"line":126,"column":18},"end":{"line":126,"column":43}},{"start":{"line":127,"column":18},"end":{"line":127,"column":56}}]},"19":{"line":131,"type":"if","locations":[{"start":{"line":131,"column":18},"end":{"line":131,"column":66}},{"start":{"line":132,"column":18},"end":{"line":132,"column":66}}]},"20":{"line":133,"type":"if","locations":[{"start":{"line":133,"column":12},"end":{"line":133,"column":12}},{"start":{"line":133,"column":12},"end":{"line":133,"column":12}}]}}},"contracts/src/libraries/SwapMath.sol":{"l":{"31":132,"32":132,"34":132,"35":131,"36":131,"40":131,"41":71,"43":60,"48":1,"52":1,"53":0,"55":1,"61":132,"63":132,"64":114,"67":114,"71":18,"74":18,"80":132,"81":0,"84":132,"86":60,"88":72},"path":"/Users/hihi/Desktop/6107/project/improved-amm/contracts/src/libraries/SwapMath.sol","s":{"1":132,"2":132,"3":132,"4":131,"5":131,"6":1,"7":132,"8":132,"9":132,"10":132},"b":{"1":[131,1],"2":[113,18],"3":[71,60],"4":[1,0],"5":[0,1],"6":[114,18],"7":[68,46],"8":[0,114],"9":[3,15],"10":[0,18],"11":[0,132],"12":[60,72]},"f":{"1":132},"fnMap":{"1":{"name":"computeSwapStep","line":19,"loc":{"start":{"line":19,"column":4},"end":{"line":90,"column":4}}}},"statementMap":{"1":{"start":{"line":31,"column":8},"end":{"line":31,"column":67}},"2":{"start":{"line":32,"column":8},"end":{"line":32,"column":43}},"3":{"start":{"line":34,"column":8},"end":{"line":34,"column":1326}},"4":{"start":{"line":35,"column":12},"end":{"line":35,"column":106}},"5":{"start":{"line":40,"column":12},"end":{"line":40,"column":1713}},"6":{"start":{"line":52,"column":12},"end":{"line":52,"column":2307}},"7":{"start":{"line":61,"column":8},"end":{"line":61,"column":57}},"8":{"start":{"line":63,"column":8},"end":{"line":63,"column":2704}},"9":{"start":{"line":80,"column":8},"end":{"line":80,"column":3494}},"10":{"start":{"line":84,"column":8},"end":{"line":84,"column":3621}}},"branchMap":{"1":{"line":34,"type":"if","locations":[{"start":{"line":34,"column":8},"end":{"line":34,"column":8}},{"start":{"line":34,"column":8},"end":{"line":34,"column":8}}]},"2":{"line":37,"type":"if","locations":[{"start":{"line":37,"column":18},"end":{"line":37,"column":104}},{"start":{"line":38,"column":18},"end":{"line":38,"column":104}}]},"3":{"line":40,"type":"if","locations":[{"start":{"line":40,"column":12},"end":{"line":40,"column":12}},{"start":{"line":40,"column":12},"end":{"line":40,"column":12}}]},"4":{"line":49,"type":"if","locations":[{"start":{"line":49,"column":18},"end":{"line":49,"column":105}},{"start":{"line":50,"column":18},"end":{"line":50,"column":105}}]},"5":{"line":52,"type":"if","locations":[{"start":{"line":52,"column":12},"end":{"line":52,"column":12}},{"start":{"line":52,"column":12},"end":{"line":52,"column":12}}]},"6":{"line":63,"type":"if","locations":[{"start":{"line":63,"column":8},"end":{"line":63,"column":8}},{"start":{"line":63,"column":8},"end":{"line":63,"column":8}}]},"7":{"line":65,"type":"if","locations":[{"start":{"line":65,"column":18},"end":{"line":65,"column":25}},{"start":{"line":66,"column":18},"end":{"line":66,"column":102}}]},"8":{"line":68,"type":"if","locations":[{"start":{"line":68,"column":18},"end":{"line":68,"column":26}},{"start":{"line":69,"column":18},"end":{"line":69,"column":103}}]},"9":{"line":72,"type":"if","locations":[{"start":{"line":72,"column":18},"end":{"line":72,"column":25}},{"start":{"line":73,"column":18},"end":{"line":73,"column":102}}]},"10":{"line":75,"type":"if","locations":[{"start":{"line":75,"column":18},"end":{"line":75,"column":26}},{"start":{"line":76,"column":18},"end":{"line":76,"column":103}}]},"11":{"line":80,"type":"if","locations":[{"start":{"line":80,"column":8},"end":{"line":80,"column":8}},{"start":{"line":80,"column":8},"end":{"line":80,"column":8}}]},"12":{"line":84,"type":"if","locations":[{"start":{"line":84,"column":8},"end":{"line":84,"column":8}},{"start":{"line":84,"column":8},"end":{"line":84,"column":8}}]}}},"contracts/src/libraries/Tick.sol":{"l":{"21":17,"22":17,"23":17,"24":17,"36":30,"37":30,"39":30,"40":30,"41":30,"42":30,"43":30,"45":0,"46":0,"47":0,"51":30,"52":30,"53":30,"54":29,"55":29,"57":1,"58":1,"59":1,"63":30,"64":30,"65":30,"80":48,"81":48,"82":48,"83":48,"84":48,"85":48,"87":36,"88":19,"89":19,"91":36,"93":48,"94":48,"95":48,"103":2,"113":0,"114":0,"115":0,"116":0,"118":0},"path":"/Users/hihi/Desktop/6107/project/improved-amm/contracts/src/libraries/Tick.sol","s":{"1":17,"2":17,"3":17,"4":17,"5":30,"6":30,"7":30,"8":30,"9":30,"10":30,"11":30,"12":30,"13":48,"14":48,"15":48,"16":48,"17":48,"18":36,"19":0},"b":{"1":[30,0],"2":[29,1],"3":[48,0],"4":[36,12],"5":[19,17],"6":[24,24]},"f":{"1":17,"2":30,"3":48,"4":2,"5":0},"fnMap":{"1":{"name":"tickSpacingToMaxLiquidityPerTick","line":20,"loc":{"start":{"line":20,"column":4},"end":{"line":25,"column":4}}},"2":{"name":"getFeeGrowthInside","line":28,"loc":{"start":{"line":28,"column":4},"end":{"line":67,"column":4}}},"3":{"name":"update","line":70,"loc":{"start":{"line":70,"column":4},"end":{"line":99,"column":4}}},"4":{"name":"clear","line":102,"loc":{"start":{"line":102,"column":4},"end":{"line":104,"column":4}}},"5":{"name":"cross","line":107,"loc":{"start":{"line":107,"column":4},"end":{"line":119,"column":4}}}},"statementMap":{"1":{"start":{"line":21,"column":8},"end":{"line":21,"column":68}},"2":{"start":{"line":22,"column":8},"end":{"line":22,"column":32}},"3":{"start":{"line":23,"column":8},"end":{"line":23,"column":71}},"4":{"start":{"line":24,"column":8},"end":{"line":24,"column":43}},"5":{"start":{"line":36,"column":8},"end":{"line":36,"column":49}},"6":{"start":{"line":37,"column":8},"end":{"line":37,"column":49}},"7":{"start":{"line":39,"column":8},"end":{"line":39,"column":35}},"8":{"start":{"line":40,"column":8},"end":{"line":40,"column":3
[...]
},"end":{"line":289,"column":4}}},"10":{"name":"totalSupply","line":293,"loc":{"start":{"line":293,"column":4},"end":{"line":295,"column":4}}},"11":{"name":"_getSlot0","line":298,"loc":{"start":{"line":298,"column":4},"end":{"line":302,"column":4}}},"12":{"name":"_poolTokens","line":304,"loc":{"start":{"line":304,"column":4},"end":{"line":308,"column":4}}},"13":{"name":"_getFeeGrowthInside","line":310,"loc":{"start":{"line":310,"column":4},"end":{"line":317,"column":4}}},"14":{"name":"_syncFees","line":319,"loc":{"start":{"line":319,"column":4},"end":{"line":332,"column":4}}}},"statementMap":{"1":{"start":{"line":99,"column":8},"end":{"line":99,"column":64}},"2":{"start":{"line":104,"column":8},"end":{"line":104,"column":94}},"3":{"start":{"line":116,"column":8},"end":{"line":116,"column":78}},"4":{"start":{"line":118,"column":8},"end":{"line":118,"column":91}},"5":{"start":{"line":119,"column":8},"end":{"line":119,"column":63}},"6":{"start":{"line":120,"column":8},"end":{"line":120,"column":108}},"7":{"start":{"line":120,"column":29},"end":{"line":120,"column":107}},"8":{"start":{"line":121,"column":8},"end":{"line":121,"column":108}},"9":{"start":{"line":121,"column":29},"end":{"line":121,"column":107}},"10":{"start":{"line":138,"column":8},"end":{"line":138,"column":84}},"11":{"start":{"line":139,"column":8},"end":{"line":139,"column":57}},"12":{"start":{"line":140,"column":8},"end":{"line":140,"column":34}},"13":{"start":{"line":143,"column":8},"end":{"line":143,"column":5353}},"14":{"start":{"line":148,"column":12},"end":{"line":148,"column":57}},"15":{"start":{"line":149,"column":12},"end":{"line":149,"column":81}},"16":{"start":{"line":150,"column":12},"end":{"line":150,"column":81}},"17":{"start":{"line":156,"column":8},"end":{"line":156,"column":50}},"18":{"start":{"line":166,"column":8},"end":{"line":166,"column":97}},"19":{"start":{"line":169,"column":8},"end":{"line":169,"column":43}},"20":{"start":{"line":171,"column":8},"end":{"line":171,"column":98}},"21":{"start":{"line":183,"column":8},"end":{"line":183,"column":68}},"22":{"start":{"line":198,"column":8},"end":{"line":198,"column":61}},"23":{"start":{"line":199,"column":8},"end":{"line":199,"column":34}},"24":{"start":{"line":201,"column":8},"end":{"line":201,"column":53}},"25":{"start":{"line":209,"column":8},"end":{"line":209,"column":50}},"26":{"start":{"line":211,"column":8},"end":{"line":211,"column":64}},"27":{"start":{"line":220,"column":8},"end":{"line":220,"column":97}},"28":{"start":{"line":222,"column":8},"end":{"line":222,"column":27}},"29":{"start":{"line":224,"column":8},"end":{"line":224,"column":75}},"30":{"start":{"line":239,"column":8},"end":{"line":239,"column":57}},"31":{"start":{"line":240,"column":8},"end":{"line":240,"column":61}},"32":{"start":{"line":241,"column":8},"end":{"line":241,"column":34}},"33":{"start":{"line":244,"column":8},"end":{"line":244,"column":97}},"34":{"start":{"line":246,"column":8},"end":{"line":246,"column":27}},"35":{"start":{"line":251,"column":8},"end":{"line":251,"column":82}},"36":{"start":{"line":265,"column":8},"end":{"line":265,"column":61}},"37":{"start":{"line":266,"column":8},"end":{"line":266,"column":34}},"38":{"start":{"line":267,"column":8},"end":{"line":267,"column":93}},"39":{"start":{"line":270,"column":8},"end":{"line":270,"column":49}},"40":{"start":{"line":271,"column":8},"end":{"line":271,"column":27}},"41":{"start":{"line":273,"column":8},"end":{"line":273,"column":96}},"42":{"start":{"line":274,"column":8},"end":{"line":274,"column":96}},"43":{"start":{"line":280,"column":8},"end":{"line":280,"column":65}},"44":{"start":{"line":288,"column":8},"end":{"line":288,"column":34}},"45":{"start":{"line":294,"column":8},"end":{"line":294,"column":31}},"46":{"start":{"line":313,"column":8},"end":{"line":313,"column":61}},"47":{"start":{"line":314,"column":8},"end":{"line":314,"column":50}},"48":{"start":{"line":315,"column":8},"end":{"line":315,"column":50}},"49":{"start":{"line":321,"column":8},"end":{"line":321,"column":100}},"50":{"start":{"line":323,"column":12},"end":{"line":323,"column":58}},"51":{"start":{"line":324,"column":12},"end":{"line":324,"column":58}},"52":{"start":{"line":325,"column":12},"end":{"line":325,"column":13443}}},"branchMap":{"1":{"line":99,"type":"if","locations":[{"start":{"line":99,"column":8},"end":{"line":99,"column":8}},{"start":{"line":99,"column":8},"end":{"line":99,"column":8}}]},"2":{"line":104,"type":"if","locations":[{"start":{"line":104,"column":8},"end":{"line":104,"column":8}},{"start":{"line":104,"column":8},"end":{"line":104,"column":8}}]},"3":{"line":119,"type":"if","locations":[{"start":{"line":119,"column":8},"end":{"line":119,"column":8}},{"start":{"line":119,"column":8},"end":{"line":119,"column":8}}]},"4":{"line":120,"type":"if","locations":[{"start":{"line":120,"column":8},"end":{"line":120,"column":8}},{"start":{"line":120,"column":8},"end":{"line":120,"column":8}}]},"5":{"line":121,"type":"if","locations":[{"start":{"line":121,"column":8},"end":{"line":121,"column":8}},{"start":{"line":121,"column":8},"end":{"line":121,"column":8}}]},"6":{"line":135,"type":"if","locations":[{"start":{"line":135,"column":8},"end":{"line":135,"column":8}},{"start":{"line":135,"column":8},"end":{"line":135,"column":8}}]},"7":{"line":139,"type":"if","locations":[{"start":{"line":139,"column":8},"end":{"line":139,"column":8}},{"start":{"line":139,"column":8},"end":{"line":139,"column":8}}]},"8":{"line":144,"type":"if","locations":[{"start":{"line":144,"column":14},"end":{"line":144,"column":43}},{"start":{"line":145,"column":14},"end":{"line":145,"column":43}}]},"9":{"line":156,"type":"if","locations":[{"start":{"line":156,"column":8},"end":{"line":156,"column":8}},{"start":{"line":156,"column":8},"end":{"line":156,"column":8}}]},"10":{"line":166,"type":"if","locations":[{"start":{"line":166,"column":8},"end":{"line":166,"column":8}},{"start":{"line":166,"column":8},"end":{"line":166,"column":8}}]},"11":{"line":166,"type":"cond-expr","locations":[{"start":{"line":166,"column":12},"end":{"line":166,"column":38}},{"start":{"line":166,"column":43},"end":{"line":166,"column":69}}]},"12":{"line":194,"type":"if","locations":[{"start":{"line":194,"column":8},"end":{"line":194,"column":8}},{"start":{"line":194,"column":8},"end":{"line":194,"column":8}}]},"13":{"line":195,"type":"if","locations":[{"start":{"line":195,"column":8},"end":{"line":195,"column":8}},{"start":{"line":195,"column":8},"end":{"line":195,"column":8}}]},"14":{"line":209,"type":"if","locations":[{"start":{"line":209,"column":8},"end":{"line":209,"column":8}},{"start":{"line":209,"column":8},"end":{"line":209,"column":8}}]},"15":{"line":220,"type":"if","locations":[{"start":{"line":220,"column":8},"end":{"line":220,"column":8}},{"start":{"line":220,"column":8},"end":{"line":220,"column":8}}]},"16":{"line":220,"type":"cond-expr","locations":[{"start":{"line":220,"column":12},"end":{"line":220,"column":38}},{"start":{"line":220,"column":43},"end":{"line":220,"column":69}}]},"17":{"line":235,"type":"if","locations":[{"start":{"line":235,"column":8},"end":{"line":235,"column":8}},{"start":{"line":235,"column":8},"end":{"line":235,"column":8}}]},"18":{"line":236,"type":"if","locations":[{"start":{"line":236,"column":8},"end":{"line":236,"column":8}},{"start":{"line":236,"column":8},"end":{"line":236,"column":8}}]},"19":{"line":239,"type":"if","locations":[{"start":{"line":239,"column":8},"end":{"line":239,"column":8}},{"start":{"line":239,"column":8},"end":{"line":239,"column":8}}]},"20":{"line":244,"type":"if","locations":[{"start":{"line":244,"column":8},"end":{"line":244,"column":8}},{"start":{"line":244,"column":8},"end":{"line":244,"column":8}}]},"21":{"line":244,"type":"cond-expr","locations":[{"start":{"line":244,"column":12},"end":{"line":244,"column":38}},{"start":{"line":244,"column":43},"end":{"line":244,"column":69}}]},"22":{"line":262,"type":"if","locations":[{"start":{"line":262,"column":8},"end":{"line":262,"column":8}},{"start":{"line":262,"column":8},"end":{"line":262,"column":8}}]},"23":{"line":267,"type":"if","locations":[{"start":{"line":267,"column":61},"end":{"line":267,"column":73}},{"start":{"line":267,"column":77},"end":{"line":267,"column":92}}]},"24":{"line":273,"type":"if","locations":[{"start":{"line":273,"column":61},"end":{"line":273,"column":77}},{"start":{"line":273,"column":81},"end":{"line":273,"column":95}}]},"25":{"line":274,"type":"if","locations":[{"start":{"line":274,"column":61},"end":{"line":274,"column":77}},{"start":{"line":274,"column":81},"end":{"line":274,"column":95}}]},"26":{"line":325,"type":"if","locations":[{"start":{"line":325,"column":12},"end":{"line":325,"column":12}},{"start":{"line":325,"column":12},"end":{"line":325,"column":12}}]},"27":{"line":325,"type":"cond-expr","locations":[{"start":{"line":325,"column":16},"end":{"line":325,"column":50}},{"start":{"line":325,"column":55},"end":{"line":325,"column":89}}]}}},"contracts/src/periphery/Quoter.sol":{"l":{"18":2,"29":1,"32":1,"56":1,"57":1,"58":1,"60":1,"69":1,"88":0,"89":0,"90":0,"92":0,"101":0,"106":1,"107":0,"108":0,"109":0,"111":1},"path":"/Users/hihi/Desktop/6107/project/improved-amm/contracts/src/periphery/Quoter.sol","s":{"1":1,"2":1,"3":1,"4":1,"5":1,"6":0,"7":0,"8":0,"9":0,"10":1,"11":0,"12":0,"13":0,"14":1},"b":{"1":[0,1],"2":[1,0],"3":[0,0],"4":[0,1],"5":[0,0]},"f":{"1":2,"2":1,"3":1,"4":0,"5":1},"fnMap":{"1":{"name":"constructor","line":17,"loc":{"start":{"line":17,"column":4},"end":{"line":19,"column":4}}},"2":{"name":"uniswapV3SwapCallback","line":22,"loc":{"start":{"line":22,"column":4},"end":{"line":37,"column":4}}},"3":{"name":"quoteExactInputSingle","line":49,"loc":{"start":{"line":49,"column":4},"end":{"line":71,"column":4}}},"4":{"name":"quoteExactOutputSingle","line":81,"loc":{"start":{"line":81,"column":4},"end":{"line":103,"column":4}}},"5":{"name":"_parseRevertReason","line":105,"loc":{"start":{"line":105,"column":4},"end":{"line":112,"column":4}}}},"statementMap":{"1":{"start":{"line":29,"column":8},"end":{"line":29,"column":1083}},"2":{"start":{"line":56,"column":8},"end":{"line":56,"column":44}},"3":{"start":{"line":57,"column":8},"end":{"line":57,"column":66}},"4":{"start":{"line":58,"column":8},"end":{"line":58,"column":56}},"5":{"start":{"line":60,"column":8},"end":{"line":60,"column":2433}},"6":{"start":{"line":88,"column":8},"end":{"line":88,"column":44}},"7":{"start":{"line":89,"column":8},"end":{"line":89,"column":66}},"8":{"start":{"line":90,"column":8},"end":{"line":90,"column":56}},"9":{"start":{"line":92,"column":8},"end":{"line":92,"column":3743}},"10":{"start":{"line":106,"column":8},"end":{"line":106,"column":4254}},"11":{"start":{"line":107,"column":12},"end":{"line":107,"column":63}},"12":{"start":{"line":107,"column":36},"end":{"line":107,"column":62}},"13":{"start":{"line":109,"column":12},"end":{"line":109,"column":33}},"14":{"start":{"line":111,"column":8},"end":{"line":111,"column":44}}},"branchMap":{"1":{"line":30,"type":"if","locations":[{"start":{"line":30,"column":14},"end":{"line":30,"column":35}},{"start":{"line":31,"column":14},"end":{"line":31,"column":35}}]},"2":{"line":58,"type":"if","locations":[{"start":{"line":58,"column":8},"end":{"line":58,"column":8}},{"start":{"line":58,"column":8},"end":{"line":58,"column":8}}]},"3":{"line":90,"type":"if","locations":[{"start":{"line":90,"column":8},"end":{"line":90,"column":8}},{"start":{"line":90,"column":8},"end":{"line":90,"column":8}}]},"4":{"line":106,"type":"if","locations":[{"start":{"line":106,"column":8},"end":{"line":106,"column":8}},{"start":{"line":106,"column":8},"end":{"line":106,"column":8}}]},"5":{"line":107,"type":"if","locations":[{"start":{"line":107,"column":12},"end":{"line":107,"column":12}},{"start":{"line":107,"column":12},"end":{"line":107,"column":12}}]}}},"contracts/src/periphery/SwapRouter.sol":{"l":{"62":11,"66":60,"67":60,"76":61,"77":61,"79":61,"80":61,"82":61,"83":61,"86":60,"87":1,"89":59,"103":58,"104":58,"116":58,"117":58,"129":1,"130":1,"142":1,"143":1,"157":1,"158":1,"159":1,"161":1,"162":2,"163":2,"164":2,"166":2,"174":2,"175":2,"176":1,"177":1,"180":1,"185":61,"186":61,"187":61,"192":63,"193":63,"201":2,"205":1,"209":1,"210":1},"path":"/Users/hihi/Desktop/6107/project/improved-amm/contracts/src/periphery/SwapRouter.sol","s":{"1":60,"2":61,"3":61,"4":61,"5":61,"6":61,"7":61,"8":60,"9":1,"10":59,"11":58,"12":58,"13":58,"14":1,"15":1,"16":1,"17":1,"18":1,"19":1,"20":1,"21":2,"22":2,"23":2,"24":2,"25":2,"26":1,"27":61,"28":61,"29":61,"30":63,"31":2,"32":1},"b":{"1":[0,60],"2":[61,0],"3":[45,16],"4":[60,1],"5":[1,59],"6":[58,0],"7":[2,56],"8":[1,0],"9":[0,1],"10":[1,0],"11":[1,1],"12":[0,1],"13":[0,61],"14":[63,0]},"f":{"1":11,"2":60,"3":61,"4":58,"5":1,"6":1,"7":61,"8":63,"9":2,"10":1,"11":1},"fnMap":{"1":{"name":"constructor","line":61,"loc":{"start":{"line":61,"column":4},"end":{"line":63,"column":4}}},"2":{"name":"checkDeadline","line":65,"loc":{"start":{"line":65,"column":4},"end":{"line":68,"column":4}}},"3":{"name":"uniswapV3SwapCallback","line":71,"loc":{"start":{"line":71,"column":4},"end":{"line":92,"column":4}}},"4":{"name":"exactInputSingle","line":100,"loc":{"start":{"line":98,"column":4},"end":{"line":118,"column":4}}},"5":{"name":"exactOutputSingle","line":126,"loc":{"start":{"line":124,"column":4},"end":{"line":144,"column":4}}},"6":{"name":"exactInput","line":154,"loc":{"start":{"line":152,"column":4},"end":{"line":181,"column":4}}},"7":{"name":"_getPool","line":184,"loc":{"start":{"line":184,"column":4},"end":{"line":188,"column":4}}},"8":{"name":"_decodeFirstPool","line":191,"loc":{"start":{"line":191,"column":4},"end":{"line":198,"column":4}}},"9":{"name":"_hasMultiplePools","line":200,"loc":{"start":{"line":200,"column":4},"end":{"line":202,"column":4}}},"10":{"name":"_skipToken","line":204,"loc":{"start":{"line":204,"column":4},"end":{"line":206,"column":4}}},"11":{"name":"_slice","line":208,"loc":{"start":{"line":208,"column":4},"end":{"line":217,"column":4}}}},"statementMap":{"1":{"start":{"line":66,"column":8},"end":{"line":66,"column":64}},"2":{"start":{"line":76,"column":8},"end":{"line":76,"column":76}},"3":{"start":{"line":77,"column":8},"end":{"line":77,"column":85}},"4":{"start":{"line":79,"column":8},"end":{"line":79,"column":70}},"5":{"start":{"line":80,"column":8},"end":{"line":80,"column":63}},"6":{"start":{"line":82,"column":8},"end":{"line":82,"column":75}},"7":{"start":{"line":83,"column":8},"end":{"line":83,"column":2488}},"8":{"start":{"line":86,"column":12},"end":{"line":86,"column":2709}},"9":{"start":{"line":87,"column":16},"end":{"line":87,"column":77}},"10":{"start":{"line":89,"column":16},"end":{"line":89,"column":93}},"11":{"start":{"line":103,"column":8},"end":{"line":103,"column":58}},"12":{"start":{"line":104,"column":8},"end":{"line":104,"column":3553}},"13":{"start":{"line":117,"column":8},"end":{"line":117,"column":75}},"14":{"start":{"line":129,"column":8},"end":{"line":129,"column":58}},"15":{"start":{"line":130,"column":8},"end":{"line":130,"column":4832}},"16":{"start":{"line":143,"column":8},"end":{"line":143,"column":72}},"17":{"start":{"line":157,"column":8},"end":{"line":157,"column":34}},"18":{"start":{"line":158,"column":8},"end":{"line":158,"column":42}},"19":{"start":{"line":159,"column":8},"end":{"line":159,"column":39}},"20":{"start":{"line":161,"column":8},"end":{"line":161,"column":6317}},"21":{"start":{"line":162,"column":12},"end":{"line":162,"column":59}},"22":{"start":{"line":163,"column":12},"end":{"line":163,"column":84}},"23":{"start":{"line":164,"column":12},"end":{"line":164,"column":48}},"24":{"start":{"line":166,"column":12},"end":{"line":166,"column":6547}},"25":{"start":{"line":175,"column":12},"end":{"line":175,"column":66}},"26":{"start":{"line":180,"column":8},"end":{"line":180,"column":75}},"27":{"start":{"line":185,"column":8},"end":{"line":185,"column":63}},"28":{"start":{"line":186,"column":8},"end":{"line":186,"column":57}},"29":{"start":{"line":187,"column":8},"end":{"line":187,"column":29}},"30":{"start":{"line":192,"column":8},"end":{"line":192,"column":49}},"31":{"start":{"line":201,"column":8},"end":{"line":201,"column":32}},"32":{"start":{"line":205,"column":8},"end":{"line":205,"column":49}}},"branchMap":{"1":{"line":66,"type":"if","locations":[{"start":{"line":66,"column":8},"end":{"line":66,"column":8}},{"start":{"line":66,"column":8},"end":{"line":66,"column":8}}]},"2":{"line":80,"type":"if","locations":[{"start":{"line":80,"column":8},"end":{"line":80,"column":8}},{"start":{"line":80,"column":8},"end":{"line":80,"column":8}}]},"3":{"line":82,"type":"if","locations":[{"start":{"line":82,"column":48},"end":{"line":82,"column":59}},{"start":{"line":82,"column":63},"end":{"line":82,"column":74}}]},"4":{"line":83,"type":"if","locations":[{"start":{"line":83,"column":8},"end":{"line":83,"column":8}},{"start":{"line":83,"column":8},"end":{"line":83,"column":8}}]},"5":{"line":86,"type":"if","locations":[{"start":{"line":86,"column":12},"end":{"line":86,"column":12}},{"start":{"line":86,"column":12},"end":{"line":86,"column":12}}]},"6":{"line":100,"type":"if","locations":[{"start":{"line":100,"column":8},"end":{"line":100,"column":8}},{"start":{"line":100,"column":8},"end":{"line":100,"column":8}}]},"7":{"line":117,"type":"if","locations":[{"start":{"line":117,"column":8},"end":{"line":117,"column":8}},{"start":{"line":117,"column":8},"end":{"line":117,"column":8}}]},"8":{"line":126,"type":"if","locations":[{"start":{"line":126,"column":8},"end":{"line":126,"column":8}},{"start":{"line":126,"column":8},"end":{"line":126,"column":8}}]},"9":{"line":143,"type":"if","locations":[{"start":{"line":143,"column":8},"end":{"line":143,"column":8}},{"start":{"line":143,"column":8},"end":{"line":143,"column":8}}]},"10":{"line":154,"type":"if","locations":[{"start":{"line":154,"column":8},"end":{"line":154,"column":8}},{"start":{"line":154,"column":8},"end":{"line":154,"column":8}}]},"11":{"line":175,"type":"if","locations":[{"start":{"line":175,"column":12},"end":{"line":175,"column":12}},{"start":{"line":175,"column":12},"end":{"line":175,"column":12}}]},"12":{"line":180,"type":"if","locations":[{"start":{"line":180,"column":8},"end":{"line":180,"column":8}},{"start":{"line":180,"column":8},"end":{"line":180,"column":8}}]},"13":{"line":186,"type":"if","locations":[{"start":{"line":186,"column":8},"end":{"line":186,"column":8}},{"start":{"line":186,"column":8},"end":{"line":186,"column":8}}]},"14":{"line":192,"type":"if","locations":[{"start":{"line":192,"column":8},"end":{"line":192,"column":8}},{"start":{"line":192,"column":8},"end":{"line":192,"column":8}}]}}},"contracts/src/test/TickMathTest.sol":{"l":{"9":149,"13":85},"path":"/Users/hihi/Desktop/6107/project/improved-amm/contracts/src/test/TickMathTest.sol","s":{"1":149,"2":85,"3":0,"4":0,"5":0,"6":0},"b":{},"f":{"1":149,"2":85,"3":0,"4":0,"5":0,"6":0},"fnMap":{"1":{"name":"getSqrtRatioAtTick","line":8,"loc":{"start":{"line":8,"column":4},"end":{"line":10,"column":4}}},"2":{"name":"getTickAtSqrtRatio","line":12,"loc":{"start":{"line":12,"column":4},"end":{"line":14,"column":4}}},"3":{"name":"MIN_TICK","line":16,"loc":{"start":{"line":16,"column":4},"end":{"line":16,"column":82}}},"4":{"name":"MAX_TICK","line":17,"loc":{"start":{"line":17,"column":4},"end":{"line":17,"column":82}}},"5":{"name":"MIN_SQRT_RATIO","line":18,"loc":{"start":{"line":18,"column":4},"end":{"line":18,"column":96}}},"6":{"name":"MAX_SQRT_RATIO","line":19,"loc":{"start":{"line":19,"column":4},"end":{"line":19,"column":96}}}},"statementMap":{"1":{"start":{"line":9,"column":8},"end":{"line":9,"column":48}},"2":{"start":{"line":13,"column":8},"end":{"line":13,"column":56}},"3":{"start":{"line":16,"column":56},"end":{"line":16,"column":80}},"4":{"start":{"line":17,"column":56},"end":{"line":17,"column":80}},"5":{"start":{"line":18,"column":64},"end":{"line":18,"column":94}},"6":{"start":{"line":19,"column":64},"end":{"line":19,"column":94}}},"branchMap":{}}}